SF:C:\dev\github\quantity\lib\domain\astronomical.dart
DA:32,2
DA:33,2
LF:2
LH:2
end_of_record
SF:C:\dev\github\quantity\lib\domain\thermodynamic.dart
DA:36,2
LF:1
LH:1
end_of_record
SF:C:\dev\github\quantity\lib\src\number\complex.dart
DA:14,9
DA:17,0
DA:20,8
DA:21,8
DA:22,7
DA:23,16
DA:24,16
DA:25,7
DA:26,12
DA:30,0
DA:31,0
DA:32,0
DA:34,0
DA:35,0
DA:45,22
DA:48,0
DA:52,1
DA:53,7
DA:54,7
DA:55,2
DA:56,2
DA:57,2
DA:61,2
DA:64,3
DA:67,1
DA:68,7
DA:71,2
DA:73,1
DA:75,6
DA:77,1
DA:78,3
DA:81,1
DA:82,3
DA:85,1
DA:86,5
DA:89,1
DA:90,2
DA:93,1
DA:94,2
DA:96,1
DA:98,4
DA:99,2
DA:100,4
DA:102,3
DA:103,4
DA:105,5
DA:109,4
DA:111,18
DA:112,21
DA:113,6
DA:114,7
DA:118,1
DA:120,1
DA:121,5
DA:122,6
DA:124,1
DA:125,1
DA:126,7
DA:128,1
DA:129,5
DA:131,1
DA:132,5
DA:136,0
DA:139,1
DA:140,5
DA:142,1
DA:144,1
DA:145,6
DA:146,6
DA:148,1
DA:149,1
DA:150,7
DA:152,1
DA:153,5
DA:155,1
DA:156,5
DA:159,0
DA:162,1
DA:165,1
DA:166,4
DA:167,4
DA:169,1
DA:170,4
DA:171,4
DA:173,1
DA:175,2
DA:176,6
DA:177,4
DA:179,1
DA:181,2
DA:182,4
DA:183,5
DA:184,6
DA:185,4
DA:189,0
DA:192,1
DA:194,1
DA:195,2
DA:196,6
DA:198,1
DA:199,5
DA:200,5
DA:202,1
DA:203,2
DA:204,4
DA:205,5
DA:207,1
DA:209,6
DA:210,2
DA:211,10
DA:213,6
DA:214,5
DA:219,0
DA:220,0
DA:221,0
DA:222,0
DA:223,0
DA:227,1
DA:229,1
DA:230,1
DA:231,2
DA:232,6
DA:234,1
DA:235,2
DA:236,4
DA:237,5
DA:239,1
DA:240,2
DA:241,6
DA:243,0
DA:245,0
DA:246,0
DA:247,0
DA:248,0
DA:249,0
DA:250,0
DA:251,0
DA:256,0
DA:257,0
DA:258,0
DA:259,0
DA:260,0
DA:264,2
DA:274,1
DA:276,1
DA:277,4
DA:278,2
DA:279,4
DA:280,3
DA:281,1
DA:282,4
DA:283,3
DA:284,4
DA:285,3
DA:286,1
DA:289,1
DA:299,1
DA:300,2
DA:305,1
DA:306,2
DA:311,1
DA:312,2
DA:317,1
DA:318,2
DA:323,1
DA:324,1
DA:327,1
DA:328,2
DA:332,2
DA:334,4
DA:335,4
DA:336,4
DA:338,4
DA:342,1
DA:343,2
DA:346,1
DA:347,2
DA:350,1
DA:351,2
DA:354,1
DA:355,2
DA:357,1
DA:360,8
DA:361,8
DA:373,1
DA:375,5
DA:377,1
DA:378,3
DA:379,4
DA:380,6
LF:190
LH:162
end_of_record
SF:C:\dev\github\quantity\lib\src\number\double.dart
DA:11,83
DA:14,2567
DA:17,0
DA:23,0
DA:25,0
DA:56,100
DA:57,100
DA:59,78
DA:60,78
DA:62,8
DA:63,16
DA:67,7
DA:69,32
DA:70,10
DA:71,18
DA:74,82
DA:76,104
DA:77,258
DA:78,6
DA:79,2
DA:80,14
DA:86,5
DA:87,15
DA:89,2
DA:91,2
DA:93,0
DA:94,0
DA:96,2
DA:98,0
DA:99,0
DA:101,4
DA:102,4
DA:103,4
DA:104,4
DA:107,36
DA:109,288
DA:115,2
DA:116,4
LF:38
LH:31
end_of_record
SF:C:\dev\github\quantity\lib\src\number\fraction.dart
DA:6,0
DA:9,0
DA:10,0
DA:11,0
LF:4
LH:0
end_of_record
SF:C:\dev\github\quantity\lib\src\number\imaginary.dart
DA:15,12
DA:16,12
DA:17,31
DA:18,8
DA:23,228
DA:26,0
DA:27,0
DA:28,0
DA:35,2
DA:39,1
DA:43,2
DA:44,1
DA:45,1
DA:46,8
DA:50,1
DA:55,1
DA:60,1
DA:65,1
DA:68,4
DA:70,16
DA:71,13
DA:72,16
DA:77,3
DA:79,10
DA:80,9
DA:83,1
DA:85,1
DA:86,5
DA:88,1
DA:89,1
DA:90,7
DA:92,3
DA:93,1
DA:94,4
DA:99,5
DA:100,15
DA:102,1
DA:104,1
DA:105,2
DA:106,1
DA:107,2
DA:108,2
DA:111,1
DA:112,3
DA:114,1
DA:115,1
DA:116,5
DA:118,1
DA:119,5
DA:125,2
DA:128,2
DA:129,6
DA:131,2
DA:132,4
DA:134,2
DA:135,8
DA:137,1
DA:139,7
DA:140,3
DA:141,3
DA:142,4
DA:143,3
DA:146,0
DA:149,1
DA:151,5
DA:152,5
DA:153,5
DA:154,1
DA:157,4
DA:158,0
DA:160,7
DA:161,5
DA:162,2
DA:163,2
DA:165,2
DA:168,8
DA:169,2
DA:170,3
DA:171,3
DA:175,0
DA:176,0
DA:177,0
DA:181,1
DA:183,1
DA:184,0
DA:185,0
DA:186,0
DA:188,5
DA:189,1
DA:190,4
DA:192,1
DA:193,5
DA:195,0
DA:199,0
DA:200,0
DA:201,0
DA:202,0
DA:206,0
DA:207,0
DA:208,0
DA:212,1
DA:213,2
DA:221,0
DA:222,0
DA:225,3
DA:228,6
DA:231,2
DA:238,1
DA:240,2
DA:241,3
DA:242,4
DA:243,4
DA:249,1
DA:252,3
DA:253,2
DA:254,2
DA:256,1
DA:259,1
DA:260,1
DA:262,1
DA:263,1
DA:268,1
DA:269,2
DA:270,4
DA:271,4
DA:274,1
DA:278,1
DA:279,1
DA:280,3
DA:283,1
DA:287,1
DA:291,1
DA:294,1
DA:296,4
DA:297,1
DA:301,0
DA:311,2
DA:312,6
DA:314,1
DA:315,2
LF:140
LH:118
end_of_record
SF:C:\dev\github\quantity\lib\src\number\integer.dart
DA:10,101
DA:13,108
DA:16,1
DA:17,1
DA:23,0
DA:24,0
DA:48,101
DA:49,101
DA:51,1
DA:54,53
DA:57,2
DA:58,4
DA:60,23
DA:61,46
DA:63,95
DA:64,190
DA:69,85
DA:71,340
DA:72,0
DA:73,0
DA:75,0
DA:81,6
DA:82,12
DA:84,10
DA:87,12
DA:89,18
DA:90,44
DA:91,9
DA:95,4
DA:96,12
DA:98,10
DA:100,16
DA:101,38
DA:102,7
DA:105,92
DA:107,335
DA:108,223
DA:109,90
DA:113,1
DA:115,4
DA:116,0
DA:117,0
DA:123,1
DA:124,4
DA:125,5
DA:126,0
DA:131,1
DA:132,4
DA:133,5
DA:134,0
DA:139,1
DA:140,4
DA:141,5
DA:142,0
DA:147,1
DA:148,4
DA:149,5
DA:150,0
DA:156,1
DA:157,4
DA:158,5
DA:159,0
DA:164,4
DA:168,18
DA:169,45
DA:171,1
DA:174,2
DA:176,2
DA:178,0
DA:179,0
DA:181,2
DA:183,0
DA:184,0
DA:186,4
DA:187,4
DA:188,4
DA:189,4
DA:192,1
DA:195,2
DA:202,2
DA:203,4
DA:209,2
DA:211,1
DA:212,2
DA:218,2
DA:220,1
DA:221,2
DA:227,2
DA:229,1
DA:230,2
LF:90
LH:74
end_of_record
SF:C:\dev\github\quantity\lib\src\number\number.dart
DA:11,102
DA:14,2879
DA:25,0
DA:27,0
DA:28,0
DA:30,0
DA:31,0
DA:33,0
DA:34,0
DA:36,0
DA:37,0
DA:39,0
DA:40,0
DA:104,0
DA:119,0
DA:120,0
DA:121,0
DA:122,0
DA:123,0
DA:130,38
DA:131,69
DA:132,68
DA:133,8
DA:134,14
DA:135,23
DA:136,26
DA:137,8
DA:141,8
DA:143,38
DA:144,40
DA:145,23
DA:147,6
DA:148,16
DA:150,10
DA:152,12
DA:153,18
DA:154,6
DA:155,12
DA:156,4
DA:218,53
DA:220,212
DA:221,0
DA:224,0
LF:43
LH:24
end_of_record
SF:C:\dev\github\quantity\lib\src\number\number_exception.dart
DA:4,106
DA:9,0
DA:10,0
LF:3
LH:1
end_of_record
SF:C:\dev\github\quantity\lib\src\number\precise.dart
DA:35,11
DA:36,11
DA:37,22
DA:38,19
DA:39,11
DA:40,11
DA:42,22
DA:43,30
DA:44,3
DA:45,40
DA:47,22
DA:48,5
DA:50,45
DA:53,33
DA:54,11
DA:57,11
DA:62,0
DA:68,22
DA:69,33
DA:72,11
DA:73,11
DA:79,10
DA:80,20
DA:81,0
DA:83,10
DA:84,20
DA:89,0
DA:90,0
DA:91,0
DA:106,7
DA:108,7
DA:109,7
DA:110,14
DA:112,6
DA:114,7
DA:115,7
DA:116,7
DA:118,7
DA:119,7
DA:122,44
DA:123,2
DA:128,24
DA:131,3
DA:138,16
DA:145,14
DA:147,7
DA:148,7
DA:149,7
DA:153,30
DA:159,11
DA:160,44
DA:161,8
DA:165,6
DA:166,4
DA:167,8
DA:169,4
DA:172,4
DA:174,7
DA:175,3
DA:176,1
DA:179,3
DA:181,3
DA:182,2
DA:183,2
DA:185,7
DA:188,8
DA:199,8
DA:200,16
DA:201,40
DA:202,16
DA:204,7
DA:209,11
DA:211,22
DA:214,80
DA:215,20
DA:220,1
DA:221,1
DA:223,6
DA:225,24
DA:226,4
DA:229,5
DA:230,10
DA:236,1
DA:237,2
DA:238,7
DA:239,2
DA:242,4
DA:243,10
DA:246,6
DA:247,12
DA:248,1
DA:249,30
DA:254,7
DA:256,7
DA:258,21
DA:261,21
DA:262,13
DA:263,2
DA:266,7
DA:267,7
DA:270,28
DA:271,7
DA:272,7
DA:273,14
DA:274,7
DA:275,21
DA:278,12
DA:283,11
DA:285,7
DA:286,14
DA:292,6
DA:294,6
DA:296,18
DA:299,18
DA:300,4
DA:301,2
DA:305,22
DA:308,6
DA:309,6
DA:312,24
DA:313,6
DA:314,6
DA:315,12
DA:316,6
DA:317,24
DA:318,6
DA:320,18
DA:325,6
DA:326,12
DA:332,7
DA:334,7
DA:337,21
DA:340,14
DA:342,7
DA:343,7
DA:344,21
DA:348,7
DA:349,35
DA:350,7
DA:351,14
DA:352,7
DA:353,49
DA:354,7
DA:355,21
DA:357,7
DA:358,21
DA:361,5
DA:362,25
DA:365,7
DA:366,15
DA:370,12
DA:371,10
DA:374,14
DA:375,28
DA:376,7
DA:379,14
DA:380,14
DA:381,33
DA:388,4
DA:390,4
DA:393,12
DA:396,8
DA:398,12
DA:400,8
DA:401,6
DA:404,8
DA:407,4
DA:411,8
DA:412,8
DA:415,8
DA:419,8
DA:421,4
DA:422,12
DA:423,4
DA:424,12
DA:426,4
DA:427,12
DA:433,20
DA:434,8
DA:435,8
DA:436,4
DA:437,4
DA:439,12
DA:440,4
DA:441,0
DA:445,4
DA:446,4
DA:447,12
DA:450,12
DA:456,8
DA:459,8
DA:461,4
DA:464,4
DA:465,8
DA:469,1
DA:470,2
DA:473,1
DA:474,2
DA:477,8
DA:479,14
DA:480,13
DA:481,24
DA:482,8
DA:483,32
DA:484,24
DA:492,7
DA:494,11
DA:495,18
DA:496,12
DA:497,12
DA:501,4
DA:503,4
DA:504,5
DA:505,8
DA:506,5
DA:507,4
DA:508,15
DA:509,4
DA:510,4
DA:511,4
DA:512,4
DA:518,4
DA:519,4
DA:522,6
DA:524,6
DA:525,9
DA:526,12
DA:527,8
DA:528,6
DA:529,23
DA:530,6
DA:531,6
DA:532,6
DA:533,6
DA:539,1
DA:541,2
DA:542,1
DA:543,1
DA:545,1
DA:546,1
DA:547,1
DA:548,1
DA:549,1
DA:551,2
DA:552,1
DA:556,1
DA:557,1
DA:559,3
DA:560,1
DA:561,1
DA:567,0
DA:579,7
DA:580,7
DA:581,21
DA:583,11
DA:584,10
DA:585,6
DA:586,10
DA:588,4
DA:589,8
DA:591,2
DA:595,4
DA:596,4
DA:602,0
DA:603,0
DA:605,8
DA:607,8
DA:608,14
DA:609,32
DA:611,16
DA:613,3
DA:614,1
DA:616,16
DA:617,35
DA:619,7
DA:620,7
DA:621,28
DA:622,13
DA:624,14
DA:625,7
DA:626,14
DA:628,3
DA:632,8
DA:635,6
DA:637,6
DA:638,8
DA:639,8
DA:644,1
DA:646,1
DA:647,1
DA:648,3
DA:651,1
DA:653,2
DA:654,2
DA:658,1
DA:660,1
DA:661,1
DA:662,3
DA:665,1
DA:666,2
DA:668,1
DA:669,3
DA:674,1
DA:676,1
DA:677,2
DA:678,3
DA:679,2
DA:681,1
DA:682,4
DA:683,1
DA:685,3
DA:686,2
DA:687,1
DA:690,3
DA:691,2
DA:695,2
DA:697,7
DA:698,10
DA:699,8
DA:700,7
DA:701,6
DA:706,16
DA:707,24
DA:708,48
DA:709,40
DA:713,11
DA:714,33
DA:715,40
DA:716,40
DA:717,12
DA:727,11
DA:728,22
DA:729,2
DA:731,22
DA:735,11
DA:736,22
DA:737,1
DA:739,44
DA:743,30
DA:746,21
DA:749,21
DA:752,21
DA:755,21
DA:758,21
DA:761,21
DA:764,21
DA:767,21
DA:770,21
DA:773,21
DA:774,77
DA:777,33
DA:782,11
DA:784,66
DA:785,0
DA:786,0
DA:790,6
DA:791,12
DA:794,28
DA:798,24
DA:801,24
DA:804,24
DA:807,27
DA:809,8
DA:810,16
LF:364
LH:353
end_of_record
SF:C:\dev\github\quantity\lib\src\number\real.dart
DA:12,102
DA:15,2675
DA:18,0
DA:19,0
DA:20,0
DA:32,1
DA:34,4
DA:36,56
DA:37,56
DA:39,1
DA:40,2
DA:50,16
DA:52,40
DA:53,19
DA:54,85
DA:55,3
DA:56,21
DA:58,6
DA:62,15
DA:64,39
DA:65,22
DA:66,14
DA:67,70
DA:69,3
DA:70,3
DA:71,24
DA:73,9
DA:77,94
DA:79,94
DA:80,94
DA:81,188
DA:82,364
DA:83,130
DA:85,39
DA:86,37
DA:87,37
DA:88,111
DA:90,5
DA:91,25
DA:94,25
DA:95,25
DA:97,5
DA:98,25
DA:105,58
DA:107,58
DA:108,7
DA:109,7
DA:110,4
DA:112,4
DA:116,14
DA:117,14
DA:118,10
DA:119,14
DA:121,66
DA:122,57
DA:123,57
DA:124,114
DA:125,4
DA:127,4
DA:131,171
DA:132,114
DA:133,112
DA:134,88
DA:136,3
DA:138,10
DA:139,12
DA:140,2
DA:141,6
DA:142,12
DA:144,3
DA:145,7
DA:146,6
DA:147,12
DA:151,0
DA:157,3
DA:159,3
DA:160,12
DA:161,7
DA:162,15
DA:163,1
DA:165,6
DA:166,1
DA:167,4
DA:168,6
DA:170,1
DA:171,6
DA:180,0
DA:182,0
DA:183,0
DA:184,0
DA:185,0
DA:198,17
DA:200,17
DA:201,34
DA:202,68
DA:203,7
DA:205,0
DA:206,0
DA:207,0
DA:208,0
DA:209,0
DA:211,0
DA:213,0
DA:214,0
DA:215,0
DA:217,0
DA:219,0
DA:220,0
DA:225,27
DA:227,79
DA:228,17
DA:229,32
DA:230,9
DA:231,9
DA:232,0
DA:235,11
DA:236,21
DA:238,8
DA:239,8
DA:241,26
DA:242,26
DA:244,18
DA:245,36
DA:247,14
DA:248,0
DA:249,28
DA:251,2
DA:252,6
DA:254,2
DA:255,6
DA:257,3
DA:258,9
DA:260,3
DA:261,9
DA:263,7
DA:265,14
DA:266,14
DA:267,14
DA:268,6
DA:269,12
DA:272,3
DA:274,3
DA:276,0
DA:277,0
DA:279,6
DA:280,4
DA:281,4
DA:284,9
DA:285,18
LF:149
LH:124
end_of_record
SF:C:\dev\github\quantity\lib\src\number\util\converters.dart
DA:21,92
DA:22,177
DA:23,60
DA:24,0
DA:30,85
DA:31,86
DA:32,338
DA:33,70
DA:37,0
DA:38,0
DA:39,0
DA:40,0
DA:41,0
DA:42,0
DA:43,0
DA:44,0
DA:46,0
LF:17
LH:7
end_of_record
SF:C:\dev\github\quantity\lib\src\number\util\erf.dart
DA:9,1
DA:10,1
DA:11,3
DA:14,1
DA:15,4
DA:16,1
DA:17,1
DA:18,1
DA:19,1
DA:20,1
DA:21,1
DA:22,1
DA:23,1
DA:24,2
DA:25,1
DA:26,1
DA:27,1
DA:28,2
DA:29,1
DA:30,1
DA:31,1
DA:32,2
DA:33,1
DA:35,2
DA:36,1
LF:25
LH:25
end_of_record
SF:C:\dev\github\quantity\lib\src\number\util\jenkins_hash.dart
DA:2,7
DA:4,14
DA:5,21
DA:6,28
DA:7,14
DA:9,28
DA:10,14
DA:11,28
LF:8
LH:8
end_of_record
SF:C:\dev\github\quantity\lib\src\ext\acceleration_ext.dart
DA:6,0
DA:7,0
DA:10,0
DA:11,0
DA:14,0
DA:15,0
DA:19,4
DA:20,2
DA:23,3
DA:26,0
DA:27,0
DA:30,0
LF:12
LH:3
end_of_record
SF:C:\dev\github\quantity\lib\src\ext\amount_of_substance_ext.dart
DA:6,0
DA:9,3
LF:2
LH:1
end_of_record
SF:C:\dev\github\quantity\lib\src\ext\angle_ext.dart
DA:7,0
DA:12,0
DA:15,0
DA:18,0
DA:21,0
DA:26,0
DA:30,0
DA:33,0
DA:43,3
DA:46,3
DA:49,3
DA:52,3
DA:57,3
DA:58,1
DA:61,0
DA:64,0
DA:67,0
DA:68,0
DA:71,2
DA:72,1
DA:75,0
DA:78,0
DA:81,0
DA:85,0
DA:86,0
DA:89,0
DA:90,0
DA:93,0
DA:97,0
DA:101,0
DA:107,3
DA:110,0
DA:113,0
DA:116,0
DA:119,3
DA:122,3
DA:125,6
DA:128,6
DA:131,0
DA:134,0
DA:145,0
DA:148,0
DA:157,0
DA:160,0
DA:172,0
DA:178,0
DA:183,0
DA:185,0
DA:186,0
DA:187,0
DA:188,0
LF:51
LH:13
end_of_record
SF:C:\dev\github\quantity\lib\src\ext\angular_momentum_ext.dart
DA:5,0
DA:8,0
DA:9,0
DA:12,0
LF:4
LH:0
end_of_record
SF:C:\dev\github\quantity\lib\src\ext\angular_speed_ext.dart
DA:6,0
DA:9,0
DA:12,2
DA:13,3
DA:16,3
LF:5
LH:3
end_of_record
SF:C:\dev\github\quantity\lib\src\ext\area_ext.dart
DA:6,0
DA:10,3
DA:14,3
DA:18,3
DA:21,4
DA:22,2
DA:26,0
DA:30,0
DA:33,4
DA:36,0
DA:39,0
DA:42,0
DA:45,0
DA:49,0
DA:52,0
DA:57,0
DA:60,0
DA:63,0
LF:18
LH:6
end_of_record
SF:C:\dev\github\quantity\lib\src\ext\capacitance_ext.dart
DA:4,3
DA:7,0
DA:11,0
DA:17,0
DA:20,0
LF:5
LH:1
end_of_record
SF:C:\dev\github\quantity\lib\src\ext\charge_ext.dart
DA:7,3
DA:10,2
DA:11,3
DA:14,0
DA:18,0
DA:27,0
DA:36,3
DA:42,4
LF:8
LH:5
end_of_record
SF:C:\dev\github\quantity\lib\src\ext\conductance_ext.dart
DA:5,0
DA:11,3
DA:14,0
LF:3
LH:1
end_of_record
SF:C:\dev\github\quantity\lib\src\ext\current_ext.dart
DA:4,0
DA:7,2
DA:8,1
DA:11,3
DA:15,0
DA:21,0
LF:6
LH:3
end_of_record
SF:C:\dev\github\quantity\lib\src\ext\electric_potential_difference_ext.dart
DA:4,0
DA:9,3
DA:16,3
DA:22,0
DA:25,0
LF:5
LH:2
end_of_record
SF:C:\dev\github\quantity\lib\src\ext\energy_ext.dart
DA:7,3
DA:10,3
DA:13,0
DA:17,0
DA:21,0
DA:25,0
DA:29,0
DA:33,0
DA:37,0
DA:41,6
DA:50,0
DA:54,0
DA:58,0
DA:67,0
DA:76,0
DA:85,2
DA:86,1
DA:89,0
DA:93,0
DA:97,0
DA:98,0
DA:101,2
DA:102,1
DA:105,0
DA:109,0
DA:112,0
DA:117,0
DA:120,0
LF:28
LH:7
end_of_record
SF:C:\dev\github\quantity\lib\src\ext\energy_flux_ext.dart
DA:4,3
DA:7,0
DA:8,0
LF:3
LH:1
end_of_record
SF:C:\dev\github\quantity\lib\src\ext\entropy_ext.dart
DA:7,0
DA:10,0
DA:13,2
DA:14,1
DA:17,2
DA:18,1
DA:21,0
DA:22,0
LF:8
LH:4
end_of_record
SF:C:\dev\github\quantity\lib\src\ext\force_ext.dart
DA:4,3
DA:7,3
DA:10,3
DA:14,0
DA:15,0
DA:18,3
DA:22,0
DA:31,0
DA:37,0
LF:9
LH:4
end_of_record
SF:C:\dev\github\quantity\lib\src\ext\illuminance_ext.dart
DA:4,3
DA:7,0
DA:11,0
DA:12,0
LF:4
LH:1
end_of_record
SF:C:\dev\github\quantity\lib\src\ext\inductance_ext.dart
DA:4,3
DA:7,0
DA:18,0
DA:21,0
LF:4
LH:1
end_of_record
SF:C:\dev\github\quantity\lib\src\ext\information_ext.dart
DA:4,3
DA:7,3
DA:11,4
DA:15,4
DA:19,0
DA:23,0
DA:27,0
DA:31,0
LF:8
LH:4
end_of_record
SF:C:\dev\github\quantity\lib\src\ext\kinematic_viscosity_ext.dart
DA:6,0
DA:7,0
DA:10,2
DA:11,1
DA:14,0
DA:18,0
DA:19,0
LF:7
LH:2
end_of_record
SF:C:\dev\github\quantity\lib\src\ext\length_ext.dart
DA:7,0
DA:10,0
DA:13,0
DA:16,0
DA:19,0
DA:22,0
DA:25,0
DA:28,4
DA:31,0
DA:34,0
DA:37,6
DA:40,0
DA:43,8
DA:46,0
DA:49,0
DA:52,0
DA:55,0
DA:58,0
DA:61,0
DA:64,0
DA:67,0
DA:70,3
DA:73,0
DA:74,0
DA:77,0
DA:78,0
DA:81,0
DA:82,0
DA:85,0
DA:89,0
DA:93,0
DA:94,0
DA:97,0
DA:98,0
DA:101,4
DA:102,2
DA:105,0
DA:109,0
DA:113,0
DA:114,0
DA:117,4
DA:118,2
DA:121,0
DA:130,0
DA:134,0
DA:143,2
DA:144,1
DA:147,0
DA:151,0
DA:155,0
DA:158,0
DA:159,0
DA:162,4
DA:163,2
DA:166,0
DA:170,0
DA:171,0
DA:174,2
DA:175,1
DA:178,0
DA:179,0
DA:182,0
DA:183,0
DA:186,0
DA:187,0
DA:190,0
DA:191,0
DA:194,0
DA:195,0
DA:198,0
DA:199,0
DA:202,0
DA:203,0
DA:206,4
DA:207,2
DA:210,2
DA:211,1
DA:214,0
LF:78
LH:18
end_of_record
SF:C:\dev\github\quantity\lib\src\ext\luminous_intensity_ext.dart
DA:6,3
LF:1
LH:1
end_of_record
SF:C:\dev\github\quantity\lib\src\ext\magnetic_flux_density_ext.dart
DA:4,3
DA:7,2
DA:8,1
DA:11,0
DA:15,0
DA:26,0
DA:27,0
LF:7
LH:3
end_of_record
SF:C:\dev\github\quantity\lib\src\ext\magnetic_flux_ext.dart
DA:5,3
DA:8,3
DA:12,0
LF:3
LH:2
end_of_record
SF:C:\dev\github\quantity\lib\src\ext\mass_density_ext.dart
DA:6,0
DA:9,2
DA:10,3
DA:13,0
DA:14,0
DA:17,0
DA:18,0
DA:21,0
DA:22,0
LF:9
LH:2
end_of_record
SF:C:\dev\github\quantity\lib\src\ext\mass_ext.dart
DA:7,0
DA:10,3
DA:13,0
DA:18,0
DA:21,0
DA:24,0
DA:29,0
DA:32,0
DA:35,0
DA:38,3
DA:43,0
DA:47,0
DA:51,0
DA:55,0
DA:56,0
DA:59,0
DA:68,0
DA:77,3
DA:86,0
DA:95,0
DA:104,6
DA:113,0
DA:122,0
DA:123,0
DA:126,0
DA:127,0
DA:130,0
DA:131,0
DA:134,0
DA:138,0
DA:142,0
DA:146,0
LF:32
LH:4
end_of_record
SF:C:\dev\github\quantity\lib\src\ext\mutable\mutable_quantity.dart
DA:14,0
DA:29,1
DA:35,1
DA:36,1
DA:37,1
DA:38,1
DA:39,1
DA:42,1
DA:43,1
DA:45,1
DA:46,2
DA:47,2
DA:48,2
DA:49,3
DA:54,1
DA:55,1
DA:57,1
DA:58,2
DA:59,2
DA:60,1
DA:63,1
DA:65,3
DA:72,1
DA:73,1
DA:84,1
DA:85,2
DA:86,2
DA:87,1
DA:88,3
DA:100,3
DA:104,1
DA:105,1
DA:108,1
DA:109,2
DA:110,3
DA:115,3
DA:116,6
DA:118,0
DA:119,0
DA:130,1
DA:131,2
DA:136,2
DA:137,3
DA:140,2
DA:141,3
DA:143,3
DA:148,1
DA:149,2
DA:151,2
DA:153,3
DA:154,0
DA:155,0
DA:156,2
DA:157,2
DA:158,2
DA:159,3
DA:165,0
DA:166,0
DA:168,0
DA:169,0
DA:181,1
DA:182,2
DA:183,3
DA:184,1
DA:189,1
DA:190,3
DA:191,3
DA:197,1
DA:198,2
DA:201,4
DA:202,2
DA:204,1
DA:210,1
DA:212,2
DA:213,2
DA:214,3
DA:218,0
DA:219,0
DA:221,0
DA:223,0
DA:225,0
DA:226,0
DA:231,0
DA:232,0
DA:234,0
DA:235,0
DA:238,1
DA:239,2
DA:240,3
DA:241,3
DA:244,3
DA:246,3
DA:249,1
DA:250,2
DA:252,0
DA:257,0
DA:262,0
DA:263,0
DA:265,0
DA:266,0
DA:268,0
DA:269,0
DA:272,1
DA:274,2
DA:275,3
DA:276,3
DA:280,0
DA:281,0
DA:283,0
DA:284,0
DA:286,0
DA:287,0
DA:289,0
DA:290,0
DA:292,0
DA:293,0
DA:295,0
DA:296,0
DA:298,0
DA:299,0
DA:301,0
DA:302,0
DA:304,0
DA:305,0
DA:313,0
DA:314,0
DA:322,0
DA:323,0
DA:326,1
DA:327,2
LF:130
LH:81
end_of_record
SF:C:\dev\github\quantity\lib\src\ext\permeability_ext.dart
DA:5,0
DA:8,0
DA:9,0
LF:3
LH:0
end_of_record
SF:C:\dev\github\quantity\lib\src\ext\permittivity_ext.dart
DA:5,0
LF:1
LH:0
end_of_record
SF:C:\dev\github\quantity\lib\src\ext\power_ext.dart
DA:7,3
DA:10,0
DA:13,0
DA:16,0
DA:17,0
DA:20,0
DA:23,0
DA:27,6
DA:36,0
DA:45,0
DA:54,0
DA:63,0
DA:72,0
DA:78,0
LF:14
LH:2
end_of_record
SF:C:\dev\github\quantity\lib\src\ext\pressure_ext.dart
DA:6,3
DA:9,3
DA:12,3
DA:16,0
DA:20,0
DA:21,0
DA:24,0
DA:33,0
DA:42,0
DA:51,0
DA:60,0
DA:69,2
DA:70,3
DA:73,2
DA:74,1
DA:78,0
DA:88,0
DA:99,0
DA:102,0
LF:19
LH:7
end_of_record
SF:C:\dev\github\quantity\lib\src\ext\resistance_ext.dart
DA:5,3
LF:1
LH:1
end_of_record
SF:C:\dev\github\quantity\lib\src\ext\scalar_ext.dart
DA:6,0
DA:9,3
DA:12,0
DA:16,0
DA:20,0
DA:24,3
DA:28,0
DA:32,0
DA:33,0
DA:36,0
DA:37,0
DA:40,0
DA:44,2
DA:45,1
DA:48,0
DA:52,0
DA:53,0
DA:56,2
DA:57,1
DA:60,0
DA:61,0
DA:64,0
DA:65,0
DA:68,0
DA:72,0
DA:73,0
DA:76,0
DA:77,0
DA:80,0
DA:81,0
DA:84,0
DA:85,0
DA:88,0
DA:92,0
DA:96,0
DA:100,0
DA:104,0
DA:108,0
DA:112,0
DA:116,0
DA:120,0
DA:121,0
DA:126,0
DA:130,0
DA:134,0
DA:143,0
DA:152,0
DA:156,0
DA:160,0
DA:164,0
DA:168,0
DA:205,0
DA:206,0
LF:53
LH:6
end_of_record
SF:C:\dev\github\quantity\lib\src\ext\solid_angle_ext.dart
DA:9,3
DA:12,0
DA:13,0
DA:18,0
DA:19,0
DA:22,0
DA:23,0
DA:26,0
DA:27,0
DA:30,0
DA:31,0
DA:34,0
DA:37,0
DA:38,0
DA:41,0
DA:42,0
DA:45,0
DA:46,0
LF:18
LH:1
end_of_record
SF:C:\dev\github\quantity\lib\src\ext\specific_energy_ext.dart
DA:7,3
DA:10,0
DA:11,0
DA:14,0
DA:15,0
LF:5
LH:1
end_of_record
SF:C:\dev\github\quantity\lib\src\ext\spectral_irradiance_ext.dart
DA:4,4
DA:5,2
DA:8,3
LF:3
LH:3
end_of_record
SF:C:\dev\github\quantity\lib\src\ext\speed_ext.dart
DA:7,3
DA:10,0
DA:14,0
DA:17,0
DA:20,0
DA:23,0
DA:26,5
DA:29,10
DA:32,0
DA:35,0
DA:38,3
LF:11
LH:4
end_of_record
SF:C:\dev\github\quantity\lib\src\ext\temperature_ext.dart
DA:6,0
DA:10,0
DA:13,0
DA:20,9
DA:21,6
DA:25,3
DA:29,3
DA:39,3
DA:42,3
DA:52,3
LF:10
LH:7
end_of_record
SF:C:\dev\github\quantity\lib\src\ext\time_ext.dart
DA:7,0
DA:10,0
DA:13,0
DA:16,0
DA:19,0
DA:22,0
DA:25,0
DA:28,0
DA:31,0
DA:34,0
DA:37,3
DA:40,0
DA:43,0
DA:46,0
DA:49,0
DA:52,0
DA:55,0
DA:58,0
DA:61,0
DA:64,0
DA:67,0
DA:70,3
DA:73,6
DA:76,3
DA:79,3
DA:82,6
DA:85,3
DA:92,0
DA:96,0
DA:100,0
DA:104,0
DA:108,2
DA:109,1
DA:112,3
DA:116,3
DA:122,3
DA:126,0
DA:127,0
DA:130,0
LF:39
LH:12
end_of_record
SF:C:\dev\github\quantity\lib\src\ext\time_instant_ext.dart
DA:8,6
DA:12,3
DA:16,3
DA:20,3
DA:21,1
DA:25,3
DA:31,3
DA:35,6
DA:42,3
DA:43,1
DA:45,1
DA:46,1
DA:47,1
DA:48,1
DA:50,5
DA:51,0
DA:53,0
DA:54,0
DA:55,0
DA:56,0
DA:58,0
DA:59,0
DA:60,0
DA:61,0
DA:68,3
DA:75,2
DA:78,1
DA:79,1
DA:80,1
DA:81,1
DA:83,6
DA:84,9
DA:85,0
DA:89,0
DA:90,0
DA:91,0
DA:92,0
DA:102,0
DA:103,0
DA:105,0
DA:107,0
DA:110,0
DA:113,0
DA:116,0
DA:117,0
DA:121,0
DA:128,3
DA:134,3
DA:139,1
DA:141,2
DA:142,1
DA:143,0
DA:144,1
DA:145,1
DA:147,2
DA:148,3
DA:149,0
DA:150,0
DA:151,0
DA:152,0
DA:153,0
DA:162,0
DA:163,0
DA:165,0
DA:167,0
DA:170,0
DA:173,0
DA:176,0
DA:177,0
DA:181,0
DA:188,3
DA:189,1
DA:190,1
DA:191,1
DA:192,1
DA:193,1
DA:195,5
DA:196,1
DA:197,1
DA:198,0
DA:199,1
DA:200,1
DA:209,4
DA:211,2
DA:212,2
DA:213,1
DA:217,1
DA:226,3
DA:227,1
DA:229,2
DA:232,5
DA:233,1
DA:234,4
DA:235,4
DA:236,4
DA:237,3
DA:238,0
DA:239,0
DA:240,0
DA:241,0
DA:242,0
DA:246,0
DA:247,0
DA:248,0
DA:249,0
DA:250,0
DA:251,0
DA:252,0
DA:254,0
DA:261,3
DA:262,1
DA:268,3
DA:275,1
DA:281,3
DA:282,2
DA:283,3
DA:284,1
DA:288,4
DA:290,3
DA:291,0
DA:292,0
DA:293,0
DA:294,0
DA:295,0
DA:299,0
DA:302,0
DA:303,0
DA:305,0
DA:312,3
DA:319,2
DA:320,2
DA:321,1
DA:322,0
DA:323,0
DA:324,0
DA:325,0
DA:326,0
DA:328,0
DA:329,0
DA:336,3
DA:337,2
DA:338,1
DA:339,0
DA:340,1
DA:341,1
DA:345,3
DA:346,3
DA:347,1
DA:348,2
DA:351,2
DA:353,3
DA:354,1
DA:358,3
DA:360,3
DA:361,0
DA:362,0
DA:363,0
DA:364,0
DA:365,0
DA:369,0
DA:372,0
DA:375,0
DA:376,0
DA:377,0
DA:378,0
DA:381,0
DA:384,0
DA:385,0
DA:386,0
DA:393,3
DA:400,2
DA:401,2
DA:402,1
DA:403,0
DA:404,0
DA:405,0
DA:406,0
DA:407,0
DA:409,0
DA:410,0
DA:417,6
DA:424,2
DA:425,5
DA:426,0
DA:427,0
DA:428,0
DA:429,0
DA:433,0
DA:435,0
DA:442,3
DA:449,2
DA:451,2
DA:452,1
DA:453,0
DA:454,0
DA:455,0
DA:456,0
DA:457,0
DA:459,0
DA:460,0
DA:467,3
DA:468,2
DA:469,1
DA:470,0
DA:471,1
DA:472,1
DA:474,4
DA:475,0
DA:476,0
DA:477,0
DA:478,0
DA:479,0
DA:481,0
DA:482,0
DA:489,3
DA:496,2
DA:498,2
DA:499,1
DA:500,0
DA:501,0
DA:502,0
DA:503,0
DA:504,0
DA:506,0
DA:507,0
DA:514,3
DA:515,2
DA:516,1
DA:517,0
DA:518,1
DA:519,1
DA:521,4
DA:522,0
DA:523,0
DA:524,0
DA:525,0
DA:526,0
DA:528,0
DA:529,0
DA:536,3
DA:543,2
DA:545,2
DA:546,1
DA:547,0
DA:548,0
DA:549,0
DA:550,0
DA:551,0
DA:553,0
DA:554,0
DA:561,3
DA:568,1
DA:569,5
DA:570,0
DA:571,0
DA:572,0
DA:573,0
DA:575,0
DA:576,0
DA:583,3
DA:590,2
DA:591,2
DA:592,1
DA:593,0
DA:594,0
DA:595,0
DA:596,0
DA:597,0
DA:599,0
DA:600,0
DA:606,3
DA:607,1
DA:608,3
DA:609,4
DA:610,0
DA:611,0
DA:612,0
DA:613,0
DA:614,0
DA:616,0
DA:617,0
DA:624,3
DA:625,2
DA:626,2
DA:627,1
DA:628,0
DA:629,0
DA:630,0
DA:631,0
DA:632,0
DA:634,0
DA:635,0
DA:646,2
DA:647,2
LF:294
LH:133
end_of_record
SF:C:\dev\github\quantity\lib\src\ext\volume_ext.dart
DA:5,0
DA:8,3
DA:11,0
DA:15,0
DA:24,0
DA:28,0
DA:32,0
DA:36,0
DA:39,2
DA:40,1
DA:43,0
DA:47,0
DA:51,0
DA:55,0
DA:58,6
DA:67,0
DA:76,0
DA:80,0
DA:84,0
DA:88,0
DA:92,0
DA:95,0
DA:98,0
DA:99,0
DA:102,0
DA:106,3
DA:110,0
DA:114,3
DA:123,0
DA:127,0
DA:131,0
DA:135,0
DA:138,4
DA:143,0
LF:34
LH:7
end_of_record
SF:C:\dev\github\quantity\lib\src\ext\volume_flow_rate_ext.dart
DA:6,3
DA:9,3
DA:12,0
DA:15,0
DA:16,0
DA:19,0
DA:22,0
LF:7
LH:2
end_of_record
SF:C:\dev\github\quantity\lib\src\ext\fluent_extensions.dart
DA:14,2
DA:15,3
DA:16,3
DA:17,2
DA:18,3
DA:19,3
DA:20,0
DA:21,3
DA:24,2
DA:25,2
DA:26,3
DA:27,2
DA:28,2
DA:29,2
DA:30,2
DA:33,2
DA:34,2
DA:35,3
DA:38,2
DA:39,2
DA:40,3
DA:43,2
DA:44,2
DA:45,3
DA:48,2
DA:49,2
DA:50,3
DA:53,2
DA:54,3
DA:55,3
DA:58,2
DA:61,2
DA:62,2
DA:65,2
DA:66,3
DA:69,2
DA:70,2
DA:71,3
DA:77,2
DA:78,3
DA:79,0
DA:80,0
DA:81,0
DA:82,0
DA:83,0
DA:84,0
DA:87,2
DA:88,0
DA:89,0
DA:90,0
DA:91,0
DA:92,0
DA:93,0
DA:96,0
DA:97,2
DA:98,0
DA:101,0
DA:102,2
DA:103,0
DA:106,0
DA:107,0
DA:108,0
DA:111,0
DA:112,0
DA:113,0
DA:116,2
DA:117,0
DA:118,0
DA:121,0
DA:124,0
DA:125,0
DA:128,0
DA:129,0
DA:132,0
DA:133,0
DA:134,0
DA:139,4
DA:140,4
DA:141,0
DA:142,0
DA:143,0
DA:144,4
DA:145,4
DA:146,0
DA:151,4
DA:152,0
DA:153,0
DA:154,0
DA:155,4
DA:156,4
DA:157,0
DA:162,4
DA:163,4
DA:164,0
DA:169,4
DA:170,4
DA:171,0
DA:176,4
DA:177,0
DA:178,0
DA:183,4
DA:184,4
DA:185,0
DA:190,4
DA:191,0
DA:192,4
DA:197,4
DA:202,4
DA:203,0
DA:208,4
DA:209,0
DA:214,4
DA:215,0
DA:216,0
LF:114
LH:63
end_of_record
SF:C:\dev\github\quantity\lib\range\angle_range.dart
DA:10,1
DA:13,1
DA:14,3
DA:17,1
DA:18,3
DA:21,2
DA:24,2
DA:27,4
DA:33,4
DA:39,2
DA:43,0
DA:44,0
DA:45,0
DA:50,0
DA:51,0
DA:57,8
DA:64,0
DA:65,0
DA:68,0
DA:69,0
DA:70,0
DA:71,0
DA:72,0
DA:74,0
DA:75,0
DA:77,0
DA:80,0
DA:81,0
DA:82,0
DA:83,0
DA:84,0
DA:86,0
DA:87,0
DA:89,0
DA:92,0
DA:93,0
DA:94,0
DA:108,0
DA:109,0
DA:110,0
DA:112,0
DA:117,0
DA:118,0
DA:119,0
DA:122,0
DA:123,0
DA:124,0
DA:125,0
DA:128,0
DA:136,1
DA:137,3
DA:138,4
DA:141,1
DA:143,3
DA:145,2
DA:146,2
DA:147,2
DA:148,2
DA:150,4
DA:151,3
DA:153,2
DA:157,2
DA:158,2
DA:159,2
DA:160,2
DA:162,0
DA:163,0
DA:165,2
DA:181,1
DA:183,4
DA:186,1
DA:187,2
DA:188,1
DA:199,1
DA:201,1
DA:203,1
DA:209,1
DA:211,3
DA:212,1
DA:217,2
DA:219,7
DA:221,7
DA:222,1
DA:224,7
DA:226,7
DA:227,1
DA:228,1
DA:229,1
DA:232,1
DA:233,1
DA:240,0
DA:242,0
DA:243,0
DA:244,0
DA:245,0
LF:95
LH:50
end_of_record
SF:C:\dev\github\quantity\lib\range\quantity_range.dart
DA:5,0
DA:7,0
DA:8,0
DA:9,0
DA:11,0
DA:12,0
DA:19,4
DA:34,9
DA:37,9
DA:40,0
DA:44,0
DA:47,0
DA:51,0
DA:52,0
DA:53,0
DA:55,0
DA:61,1
DA:62,4
DA:63,1
DA:64,4
DA:65,4
DA:68,5
DA:69,5
DA:72,5
DA:73,5
DA:77,5
DA:78,5
DA:79,5
DA:80,0
DA:87,0
DA:88,0
DA:91,0
DA:92,0
DA:95,2
DA:97,2
DA:98,12
DA:102,2
DA:103,8
LF:38
LH:20
end_of_record
SF:C:\dev\github\quantity\lib\range\time_period.dart
DA:7,2
DA:19,2
DA:21,10
DA:22,8
DA:26,1
DA:27,4
DA:34,1
DA:36,3
DA:37,3
DA:41,1
DA:42,2
DA:47,2
DA:48,2
DA:49,0
DA:50,0
LF:15
LH:13
end_of_record
SF:C:\dev\github\quantity\lib\src\si\dimensions.dart
DA:96,1
DA:97,1
DA:101,8062
DA:105,6
DA:106,6
DA:115,5
DA:116,10
DA:117,1
DA:161,90
DA:163,90
DA:167,63
DA:172,26
DA:173,16
DA:174,35
DA:184,5
DA:186,10
DA:189,5
DA:190,15
DA:191,15
DA:192,15
DA:193,15
DA:194,15
DA:195,15
DA:196,15
DA:197,15
DA:198,15
DA:200,10
DA:209,2
DA:211,2
DA:213,5
DA:216,5
DA:219,3
DA:220,2
DA:221,5
DA:224,5
DA:227,5
DA:230,5
DA:243,30
DA:252,1
DA:253,2
DA:254,2
DA:255,2
DA:256,2
DA:257,2
DA:258,2
DA:259,2
DA:264,27
DA:272,8
DA:274,24
DA:277,5
DA:283,15
DA:284,10
DA:286,20
DA:287,5
DA:289,5
DA:290,8
DA:292,6
DA:306,1
DA:308,2
DA:311,1
DA:317,3
DA:318,2
DA:319,4
DA:321,0
DA:323,1
DA:324,1
DA:325,2
DA:327,2
DA:342,6
DA:343,6
DA:344,17
DA:345,10
DA:346,15
DA:349,6
DA:356,2
DA:357,3
DA:358,2
DA:361,2
DA:363,2
DA:365,6
DA:366,4
DA:367,2
DA:368,6
DA:370,0
DA:375,6
DA:392,6
DA:396,12
DA:399,6
DA:402,5
DA:405,5
DA:406,5
DA:410,10
DA:411,1
DA:413,1
DA:414,1
DA:415,1
DA:416,1
DA:417,1
DA:420,1
DA:421,1
DA:423,10
DA:424,2
DA:425,1
DA:428,1
DA:429,2
DA:430,1
DA:433,1
DA:434,1
DA:437,2
DA:438,1
DA:441,1
DA:445,10
DA:446,3
DA:448,3
DA:449,2
DA:452,2
DA:453,2
DA:454,1
DA:458,4
DA:459,4
DA:460,4
DA:461,4
DA:462,4
DA:463,4
DA:466,4
DA:469,4
DA:472,4
DA:473,4
DA:475,4
DA:476,2
DA:477,2
DA:478,2
DA:479,2
DA:482,2
DA:483,2
DA:486,2
DA:489,2
DA:492,2
DA:493,0
DA:496,1
DA:497,1
DA:500,1
DA:501,1
DA:503,3
DA:504,2
DA:506,2
DA:507,2
DA:508,1
DA:509,1
DA:510,1
DA:511,1
DA:514,1
DA:515,1
DA:518,1
DA:521,1
DA:523,3
DA:524,2
DA:526,1
DA:527,1
DA:530,1
DA:533,1
DA:536,1
DA:537,1
DA:538,1
DA:539,1
DA:542,1
DA:543,1
DA:547,1
DA:548,1
DA:549,1
DA:550,1
DA:553,1
DA:554,1
DA:557,1
DA:558,1
DA:559,1
DA:563,3
DA:564,2
DA:566,1
DA:567,1
DA:570,1
DA:588,13
DA:591,23
DA:592,0
DA:596,19
DA:597,13
DA:598,13
DA:609,5
DA:615,0
DA:617,0
DA:619,0
DA:621,0
DA:625,0
DA:628,0
DA:629,0
LF:195
LH:184
end_of_record
SF:C:\dev\github\quantity\lib\src\si\dimensions_exception.dart
DA:7,6
LF:1
LH:1
end_of_record
SF:C:\dev\github\quantity\lib\src\si\engineering_format_si.dart
DA:8,1
DA:11,1
DA:13,2
DA:14,1
DA:16,1
DA:18,1
DA:19,1
DA:20,0
DA:23,1
DA:24,2
DA:26,1
DA:27,3
DA:28,1
DA:29,4
DA:35,2
DA:38,5
DA:40,3
DA:41,5
DA:43,2
DA:45,7
DA:46,2
DA:48,2
DA:49,1
DA:50,1
DA:51,3
DA:52,0
DA:55,1
DA:56,5
DA:57,5
DA:58,2
DA:61,1
DA:64,1
DA:67,1
DA:68,1
DA:69,1
DA:70,2
LF:36
LH:34
end_of_record
SF:C:\dev\github\quantity\lib\src\si\immutable_quantity_exception.dart
DA:8,1
DA:11,2
LF:2
LH:2
end_of_record
SF:C:\dev\github\quantity\lib\src\si\misc_quantity.dart
DA:23,6
DA:27,6
DA:30,111
DA:32,0
DA:41,1
DA:42,3
DA:43,1
DA:46,1
DA:50,1
DA:51,4
LF:10
LH:9
end_of_record
SF:C:\dev\github\quantity\lib\src\si\number_format_si.dart
DA:35,20
DA:43,20
DA:47,20
DA:48,4
DA:50,20
DA:52,0
DA:53,0
DA:55,20
DA:56,36
DA:57,15
DA:58,30
DA:59,3
DA:60,6
DA:61,3
DA:62,12
DA:63,9
DA:64,6
DA:65,9
DA:67,12
DA:68,12
DA:69,9
DA:70,12
DA:73,0
DA:74,0
DA:78,60
DA:79,26
DA:81,20
DA:82,80
DA:83,23
DA:84,3
DA:85,6
DA:86,2
DA:87,2
DA:89,3
DA:92,3
DA:93,3
DA:94,6
DA:96,3
DA:97,3
DA:100,4
DA:101,2
DA:102,4
DA:106,20
DA:111,18
DA:114,20
DA:115,20
DA:116,60
DA:117,60
DA:118,60
DA:123,20
DA:125,20
DA:126,46
DA:128,20
DA:129,56
DA:130,82
DA:132,20
DA:135,20
DA:137,8
DA:138,6
DA:139,9
DA:140,9
DA:141,9
DA:142,9
DA:143,9
DA:144,3
DA:147,40
DA:148,26
DA:150,16
DA:155,40
DA:156,14
DA:157,14
DA:159,44
DA:161,11
DA:163,22
DA:164,44
DA:165,44
DA:166,11
DA:169,21
DA:173,52
DA:175,20
DA:180,4
DA:182,8
DA:183,4
DA:184,8
DA:185,8
DA:187,22
DA:188,4
DA:189,17
DA:191,11
DA:192,12
DA:194,8
DA:195,8
DA:196,4
DA:198,0
DA:203,3
DA:206,3
DA:207,3
DA:208,3
DA:209,3
DA:210,6
DA:211,3
DA:212,3
DA:217,3
DA:218,9
DA:220,0
DA:221,0
DA:226,0
DA:227,0
DA:229,0
DA:231,0
DA:234,0
DA:235,0
DA:237,0
DA:239,0
DA:242,0
DA:243,0
DA:245,0
DA:247,0
DA:250,0
DA:251,0
DA:253,0
DA:255,0
DA:258,0
DA:259,0
DA:261,0
DA:263,0
DA:266,0
DA:268,0
DA:270,0
DA:272,0
DA:275,0
DA:276,0
DA:278,0
DA:280,0
DA:283,0
DA:284,0
DA:286,0
DA:288,0
DA:291,0
DA:292,0
DA:294,0
DA:296,0
DA:299,0
DA:301,0
DA:303,0
DA:305,0
DA:308,0
DA:309,0
DA:311,0
DA:312,0
DA:314,0
DA:315,0
DA:317,0
DA:318,0
DA:320,0
DA:321,0
DA:323,0
DA:324,0
DA:326,0
DA:327,0
DA:329,0
DA:330,0
DA:332,0
DA:333,0
DA:335,0
DA:338,0
DA:341,0
DA:343,0
DA:345,0
DA:348,0
DA:351,0
DA:355,0
DA:357,0
DA:361,0
LF:174
LH:99
end_of_record
SF:C:\dev\github\quantity\lib\src\si\quantity.dart
DA:74,89
DA:76,89
DA:77,0
DA:78,89
DA:79,89
DA:84,2021
DA:88,92
DA:90,92
DA:91,85
DA:92,70
DA:128,0
DA:136,27
DA:145,0
DA:155,154
DA:170,1
DA:171,7
DA:182,2
DA:183,12
DA:194,1
DA:195,2
DA:198,2
DA:200,2
DA:205,1
DA:207,1
DA:208,1
DA:209,3
DA:210,2
DA:211,3
DA:215,1
DA:216,1
DA:217,1
DA:219,1
DA:222,1
DA:231,4
DA:232,8
DA:233,12
DA:246,6
DA:252,14
DA:253,6
DA:257,6
DA:262,18
DA:263,0
DA:264,0
DA:268,18
DA:270,6
DA:273,12
DA:275,0
DA:295,9
DA:302,19
DA:303,6
DA:307,9
DA:308,0
DA:309,0
DA:312,27
DA:313,0
DA:314,0
DA:317,27
DA:319,9
DA:322,45
DA:324,0
DA:337,7
DA:338,14
DA:339,6
DA:343,7
DA:349,7
DA:352,7
DA:354,21
DA:355,21
DA:356,28
DA:357,16
DA:365,7
DA:367,0
DA:379,5
DA:380,10
DA:381,6
DA:384,5
DA:385,10
DA:400,1
DA:401,1
DA:402,1
DA:403,3
DA:404,1
DA:407,1
DA:408,2
DA:409,5
DA:410,0
DA:411,0
DA:412,0
DA:413,0
DA:414,0
DA:415,0
DA:424,2
DA:425,14
DA:430,0
DA:441,5
DA:442,30
DA:447,6
DA:452,3
DA:457,6
DA:462,3
DA:471,53
DA:473,53
DA:475,53
DA:476,156
DA:477,104
DA:484,4
DA:485,16
DA:492,53
DA:494,53
DA:498,159
DA:502,40
DA:513,0
DA:514,0
DA:517,0
DA:518,0
DA:521,0
DA:522,0
DA:528,9
DA:530,0
DA:533,36
DA:534,18
DA:536,0
DA:546,17
DA:550,17
DA:551,51
DA:553,17
DA:556,34
DA:559,35
DA:560,1
DA:561,4
DA:562,0
DA:564,1
DA:565,3
DA:566,1
DA:567,3
DA:568,3
DA:575,68
DA:577,0
DA:578,0
DA:580,0
DA:584,17
DA:586,17
DA:587,17
DA:592,0
DA:593,0
DA:599,15
DA:601,15
DA:602,15
DA:603,15
DA:607,1
DA:608,1
DA:611,1
DA:612,4
DA:613,3
DA:617,2
DA:624,12
DA:626,46
DA:628,5
DA:629,5
DA:632,4
DA:635,3
LF:161
LH:128
end_of_record
SF:C:\dev\github\quantity\lib\src\si\quantity_exception.dart
DA:4,430
DA:9,0
DA:10,0
LF:3
LH:1
end_of_record
SF:C:\dev\github\quantity\lib\src\si\scientific_format_si.dart
DA:8,2
DA:11,2
DA:13,4
DA:14,2
DA:16,2
DA:18,1
DA:19,2
DA:20,0
DA:23,2
DA:24,4
DA:26,2
DA:27,5
DA:28,2
DA:29,4
DA:35,4
DA:38,7
DA:40,6
DA:41,9
DA:43,4
DA:45,4
DA:46,1
DA:47,2
DA:48,4
DA:49,1
DA:52,2
DA:53,6
DA:56,2
DA:59,2
DA:62,2
DA:63,2
DA:64,2
DA:65,3
LF:32
LH:31
end_of_record
SF:C:\dev\github\quantity\lib\src\si\types\absorbed_dose.dart
DA:13,1
DA:14,1
DA:15,2
DA:18,4
DA:19,4
DA:23,2
DA:25,4
DA:28,0
DA:30,0
DA:39,8
DA:40,4
DA:45,4
DA:46,2
DA:52,4
DA:55,4
DA:56,4
DA:57,4
DA:58,8
DA:59,4
DA:60,4
DA:61,4
DA:62,8
DA:66,0
DA:70,0
DA:72,0
DA:73,0
DA:74,0
DA:75,0
DA:76,0
DA:77,0
DA:79,0
LF:31
LH:20
end_of_record
SF:C:\dev\github\quantity\lib\src\si\units.dart
DA:58,77
DA:62,0
DA:63,0
DA:69,0
DA:70,0
DA:74,0
DA:80,91
DA:81,95
DA:87,290
DA:88,412
DA:90,290
DA:93,15
DA:94,3
DA:95,6
DA:96,0
DA:97,0
DA:99,580
DA:100,580
DA:101,18
DA:112,108
DA:113,108
DA:114,2
DA:115,7
DA:116,108
DA:117,430
DA:118,15
DA:128,2
DA:131,2
DA:135,2
DA:139,2
DA:143,4
DA:147,6
DA:151,12
DA:154,54
DA:157,2
DA:160,4
DA:163,2
DA:166,8
DA:169,26
DA:172,6
DA:175,10
DA:178,2
DA:181,2
DA:184,2
DA:187,2
DA:190,2
DA:195,0
DA:196,0
LF:48
LH:39
end_of_record
SF:C:\dev\github\quantity\lib\src\si\types\absorbed_dose_rate.dart
DA:14,1
DA:16,1
DA:19,1
DA:20,1
DA:24,3
DA:25,3
DA:29,3
DA:31,5
DA:34,0
DA:36,0
DA:45,6
DA:46,3
DA:47,6
DA:50,2
DA:51,1
DA:52,2
DA:58,0
DA:61,0
DA:62,0
DA:63,0
DA:64,0
DA:65,0
DA:66,0
DA:67,0
DA:68,0
DA:72,3
DA:73,12
DA:74,12
DA:75,12
DA:76,12
DA:77,9
DA:78,6
DA:79,3
DA:80,9
DA:81,6
DA:82,3
DA:83,6
DA:84,9
DA:88,0
DA:92,0
DA:94,0
DA:95,0
DA:96,0
DA:97,0
DA:98,0
DA:99,0
DA:101,0
LF:47
LH:27
end_of_record
SF:C:\dev\github\quantity\lib\src\si\types\acceleration.dart
DA:14,2
DA:15,2
DA:16,2
DA:19,8
DA:20,8
DA:24,5
DA:26,9
DA:29,106
DA:31,0
DA:40,12
DA:41,18
DA:47,2
DA:50,2
DA:51,2
DA:52,2
DA:53,4
DA:54,2
DA:55,2
DA:56,2
DA:57,4
DA:61,6
DA:62,36
DA:63,24
DA:64,24
DA:65,36
DA:66,18
DA:67,12
DA:68,6
DA:69,18
DA:70,12
DA:71,6
DA:72,12
DA:73,18
DA:77,0
DA:81,0
DA:83,0
DA:84,0
DA:85,0
DA:86,0
DA:87,0
DA:88,0
DA:90,0
LF:42
LH:32
end_of_record
SF:C:\dev\github\quantity\lib\src\si\types\activity.dart
DA:13,1
DA:14,1
DA:15,2
DA:18,6
DA:22,2
DA:23,4
DA:26,0
DA:28,0
DA:35,6
DA:36,3
DA:39,2
DA:40,1
DA:46,3
DA:49,3
DA:50,3
DA:51,3
DA:52,6
DA:53,3
DA:54,3
DA:55,3
DA:56,6
DA:60,0
DA:64,0
DA:66,0
DA:67,0
DA:68,0
DA:69,0
DA:70,0
DA:71,0
DA:73,0
LF:30
LH:19
end_of_record
SF:C:\dev\github\quantity\lib\src\si\types\amount_of_substance.dart
DA:13,1
DA:14,1
DA:17,1
DA:18,1
DA:22,7
DA:23,7
DA:27,2
DA:29,4
DA:32,0
DA:34,0
DA:42,14
DA:43,7
DA:46,8
DA:47,8
DA:53,7
DA:56,7
DA:57,7
DA:58,7
DA:59,14
DA:60,7
DA:61,7
DA:62,7
DA:63,14
DA:67,0
DA:71,4
DA:73,4
DA:74,8
DA:75,12
DA:76,12
DA:77,8
DA:78,8
DA:80,4
LF:32
LH:29
end_of_record
SF:C:\dev\github\quantity\lib\src\si\types\angle.dart
DA:10,0
DA:13,0
DA:16,0
DA:45,4
DA:46,11
DA:50,24
DA:64,4
DA:65,7
DA:68,0
DA:70,0
DA:74,0
DA:75,0
DA:76,0
DA:83,18
DA:84,9
DA:87,33
DA:91,3
DA:95,3
DA:101,0
DA:104,0
DA:109,0
DA:110,0
DA:112,0
DA:113,0
DA:114,0
DA:116,0
DA:117,0
DA:119,0
DA:125,2
DA:126,8
DA:127,4
DA:128,2
DA:129,6
DA:130,2
DA:134,0
DA:137,0
DA:140,0
DA:144,0
DA:148,0
DA:152,0
DA:157,0
DA:158,0
DA:160,0
DA:163,0
DA:166,0
DA:167,0
DA:168,0
DA:171,0
DA:172,0
DA:180,0
DA:181,0
DA:183,0
DA:186,0
DA:189,0
DA:190,0
DA:191,0
DA:194,0
DA:195,0
DA:204,12
DA:207,12
DA:208,12
DA:209,12
DA:210,24
DA:211,12
DA:212,12
DA:213,12
DA:214,24
DA:218,0
DA:222,0
DA:224,0
DA:225,0
DA:226,0
DA:227,0
DA:228,0
DA:229,0
DA:231,0
LF:76
LH:25
end_of_record
SF:C:\dev\github\quantity\lib\src\si\types\angular_acceleration.dart
DA:15,1
DA:19,1
DA:22,1
DA:23,1
DA:27,3
DA:28,3
DA:32,3
DA:34,5
DA:38,0
DA:40,0
DA:49,6
DA:50,9
DA:53,2
DA:54,3
DA:60,0
DA:63,0
DA:64,0
DA:65,0
DA:66,0
DA:67,0
DA:68,0
DA:69,0
DA:70,0
DA:74,3
DA:75,18
DA:76,12
DA:77,12
DA:78,18
DA:79,9
DA:80,6
DA:81,3
DA:82,9
DA:83,6
DA:84,3
DA:85,3
DA:86,3
DA:90,0
DA:94,0
DA:96,0
DA:97,0
DA:98,0
DA:99,0
DA:100,0
DA:101,0
DA:103,0
LF:45
LH:25
end_of_record
SF:C:\dev\github\quantity\lib\src\si\types\angular_momentum.dart
DA:16,1
DA:17,2
DA:20,3
DA:21,3
DA:25,3
DA:27,5
DA:30,106
DA:32,0
DA:41,6
DA:42,9
DA:48,0
DA:51,0
DA:52,0
DA:53,0
DA:54,0
DA:55,0
DA:56,0
DA:57,0
DA:58,0
DA:62,3
DA:63,12
DA:64,12
DA:65,12
DA:66,12
DA:67,9
DA:68,6
DA:69,3
DA:70,9
DA:71,6
DA:72,3
DA:73,3
DA:74,3
DA:78,0
DA:82,0
DA:84,0
DA:85,0
DA:86,0
DA:87,0
DA:88,0
DA:89,0
DA:91,0
LF:41
LH:22
end_of_record
SF:C:\dev\github\quantity\lib\src\si\types\angular_speed.dart
DA:14,1
DA:16,1
DA:19,1
DA:20,1
DA:24,4
DA:25,4
DA:29,3
DA:31,5
DA:34,0
DA:36,0
DA:45,6
DA:46,9
DA:49,2
DA:50,3
DA:56,0
DA:59,0
DA:60,0
DA:61,0
DA:62,0
DA:63,0
DA:64,0
DA:65,0
DA:66,0
DA:70,4
DA:71,16
DA:72,16
DA:73,16
DA:74,16
DA:75,12
DA:76,8
DA:77,4
DA:78,12
DA:79,8
DA:80,4
DA:81,4
DA:82,4
DA:86,0
DA:90,0
DA:92,0
DA:93,0
DA:94,0
DA:95,0
DA:96,0
DA:97,0
DA:99,0
LF:45
LH:25
end_of_record
SF:C:\dev\github\quantity\lib\src\si\types\area.dart
DA:15,3
DA:16,3
DA:19,2
DA:20,4
DA:24,34
DA:28,6
DA:29,10
DA:32,106
DA:33,0
DA:36,0
DA:37,0
DA:38,0
DA:39,0
DA:40,0
DA:41,0
DA:48,68
DA:52,20
DA:53,10
DA:57,3
DA:61,4
DA:62,2
DA:68,10
DA:71,10
DA:72,10
DA:73,10
DA:74,20
DA:75,10
DA:76,10
DA:77,10
DA:78,20
DA:82,17
DA:83,68
DA:84,51
DA:85,51
DA:86,68
DA:87,51
DA:88,17
DA:89,17
DA:90,51
DA:91,17
DA:92,17
DA:93,17
DA:94,17
DA:98,0
DA:102,0
DA:104,0
DA:105,0
DA:106,0
DA:107,0
DA:108,0
DA:109,0
DA:111,0
LF:52
LH:36
end_of_record
SF:C:\dev\github\quantity\lib\src\si\types\capacitance.dart
DA:12,1
DA:13,2
DA:16,5
DA:17,5
DA:21,2
DA:23,4
DA:26,0
DA:28,0
DA:37,10
DA:38,5
DA:44,5
DA:47,5
DA:48,5
DA:49,5
DA:50,10
DA:51,5
DA:52,5
DA:53,5
DA:54,10
DA:58,0
DA:62,0
DA:64,0
DA:65,0
DA:66,0
DA:67,0
DA:68,0
DA:69,0
DA:71,0
LF:28
LH:17
end_of_record
SF:C:\dev\github\quantity\lib\src\si\types\catalytic_activity.dart
DA:12,1
DA:13,2
DA:16,3
DA:17,3
DA:21,2
DA:23,4
DA:26,0
DA:28,0
DA:37,6
DA:38,3
DA:44,3
DA:47,3
DA:48,3
DA:49,3
DA:50,6
DA:51,3
DA:52,3
DA:53,3
DA:54,6
DA:58,0
DA:62,0
DA:64,0
DA:65,0
DA:66,0
DA:67,0
DA:68,0
DA:69,0
DA:71,0
LF:28
LH:17
end_of_record
SF:C:\dev\github\quantity\lib\src\si\types\charge.dart
DA:15,1
DA:16,2
DA:19,14
DA:23,3
DA:24,5
DA:27,106
DA:29,0
DA:37,14
DA:38,7
DA:44,7
DA:47,7
DA:48,7
DA:49,7
DA:50,14
DA:51,7
DA:52,7
DA:53,7
DA:54,14
DA:58,2
DA:59,8
DA:60,8
DA:61,8
DA:62,8
DA:63,6
DA:64,4
DA:65,2
DA:66,6
DA:67,4
DA:68,2
DA:69,2
DA:70,2
DA:74,0
DA:78,1
DA:80,1
DA:81,2
DA:82,3
DA:83,3
DA:84,2
DA:85,2
DA:87,1
LF:40
LH:38
end_of_record
SF:C:\dev\github\quantity\lib\src\si\types\charge_density.dart
DA:9,1
DA:10,2
DA:14,3
DA:15,3
DA:19,3
DA:21,5
DA:24,0
DA:26,0
DA:35,6
DA:36,9
DA:42,0
DA:45,0
DA:46,0
DA:47,0
DA:48,0
DA:49,0
DA:50,0
DA:51,0
DA:52,0
DA:56,3
DA:57,12
DA:58,12
DA:59,12
DA:60,12
DA:61,9
DA:62,6
DA:63,3
DA:64,12
DA:65,6
DA:66,3
DA:67,3
DA:68,3
DA:72,0
DA:76,0
DA:78,0
DA:79,0
DA:80,0
DA:81,0
DA:82,0
DA:83,0
DA:85,0
LF:41
LH:21
end_of_record
SF:C:\dev\github\quantity\lib\src\si\types\concentration.dart
DA:9,1
DA:10,2
DA:14,3
DA:15,3
DA:19,3
DA:21,5
DA:24,0
DA:26,0
DA:35,6
DA:36,3
DA:37,6
DA:43,0
DA:46,0
DA:47,0
DA:48,0
DA:49,0
DA:50,0
DA:51,0
DA:52,0
DA:53,0
DA:57,3
DA:58,12
DA:59,12
DA:60,12
DA:61,12
DA:62,9
DA:63,6
DA:64,3
DA:65,12
DA:66,6
DA:67,3
DA:68,3
DA:69,3
DA:73,0
DA:77,0
DA:79,0
DA:80,0
DA:81,0
DA:82,0
DA:83,0
DA:84,0
DA:86,0
LF:42
LH:22
end_of_record
SF:C:\dev\github\quantity\lib\src\si\types\conductance.dart
DA:12,1
DA:13,2
DA:16,4
DA:17,4
DA:21,2
DA:23,4
DA:26,106
DA:28,0
DA:38,8
DA:39,4
DA:45,4
DA:48,4
DA:49,4
DA:50,4
DA:51,8
DA:52,4
DA:53,4
DA:54,4
DA:55,8
DA:59,0
DA:63,0
DA:65,0
DA:66,0
DA:67,0
DA:68,0
DA:69,0
DA:70,0
DA:72,0
LF:28
LH:18
end_of_record
SF:C:\dev\github\quantity\lib\src\si\types\currency.dart
DA:13,1
DA:14,2
DA:17,6
DA:21,3
DA:22,6
DA:25,0
DA:27,0
DA:34,9
DA:38,0
DA:45,3
DA:48,3
DA:49,3
DA:50,3
DA:51,6
DA:52,3
DA:53,3
DA:54,3
DA:55,6
DA:59,0
DA:63,0
DA:65,0
DA:66,0
DA:67,0
DA:68,0
DA:69,0
DA:70,0
DA:72,0
LF:27
LH:15
end_of_record
SF:C:\dev\github\quantity\lib\src\si\types\current.dart
DA:12,1
DA:13,1
DA:14,2
DA:17,8
DA:18,8
DA:22,2
DA:23,4
DA:26,0
DA:28,0
DA:36,16
DA:37,8
DA:40,12
DA:46,8
DA:49,8
DA:50,8
DA:51,8
DA:52,16
DA:53,8
DA:54,8
DA:55,8
DA:56,16
DA:60,0
DA:64,3
DA:66,3
DA:67,6
DA:68,9
DA:69,9
DA:70,6
DA:71,6
DA:73,3
LF:30
LH:27
end_of_record
SF:C:\dev\github\quantity\lib\src\si\types\current_density.dart
DA:9,1
DA:10,1
DA:11,1
DA:14,3
DA:15,3
DA:19,3
DA:21,5
DA:24,0
DA:26,0
DA:35,6
DA:36,9
DA:42,0
DA:45,0
DA:46,0
DA:47,0
DA:48,0
DA:49,0
DA:50,0
DA:51,0
DA:52,0
DA:56,3
DA:57,12
DA:58,12
DA:59,12
DA:60,12
DA:61,9
DA:62,6
DA:63,3
DA:64,12
DA:65,6
DA:66,3
DA:67,3
DA:68,3
DA:72,0
DA:76,0
DA:78,0
DA:79,0
DA:80,0
DA:81,0
DA:82,0
DA:83,0
DA:85,0
LF:42
LH:22
end_of_record
SF:C:\dev\github\quantity\lib\src\si\types\dose_equivalent.dart
DA:14,1
DA:15,1
DA:17,2
DA:21,3
DA:22,3
DA:26,2
DA:28,4
DA:31,0
DA:33,0
DA:42,6
DA:43,3
DA:46,2
DA:47,1
DA:53,3
DA:56,3
DA:57,3
DA:58,3
DA:59,6
DA:60,3
DA:61,3
DA:62,3
DA:63,6
DA:67,0
DA:71,0
DA:73,0
DA:74,0
DA:75,0
DA:76,0
DA:77,0
DA:78,0
DA:80,0
LF:31
LH:20
end_of_record
SF:C:\dev\github\quantity\lib\src\si\types\dynamic_viscosity.dart
DA:16,1
DA:17,2
DA:20,3
DA:21,3
DA:25,3
DA:27,5
DA:30,0
DA:32,0
DA:41,6
DA:42,9
DA:45,0
DA:51,0
DA:54,0
DA:55,0
DA:56,0
DA:57,0
DA:58,0
DA:59,0
DA:60,0
DA:61,0
DA:65,3
DA:66,12
DA:67,12
DA:68,12
DA:69,12
DA:70,9
DA:71,6
DA:72,3
DA:73,9
DA:74,6
DA:75,3
DA:76,3
DA:77,3
DA:81,0
DA:85,0
DA:87,0
DA:88,0
DA:89,0
DA:90,0
DA:91,0
DA:92,0
DA:94,0
LF:42
LH:21
end_of_record
SF:C:\dev\github\quantity\lib\src\si\types\electric_field_strength.dart
DA:14,1
DA:15,1
DA:16,1
DA:19,3
DA:20,3
DA:24,3
DA:27,5
DA:30,0
DA:32,0
DA:44,6
DA:45,3
DA:46,6
DA:52,0
DA:55,0
DA:56,0
DA:57,0
DA:58,0
DA:59,0
DA:60,0
DA:61,0
DA:62,0
DA:66,3
DA:68,12
DA:69,12
DA:70,12
DA:71,12
DA:72,9
DA:73,6
DA:74,3
DA:75,9
DA:76,6
DA:77,3
DA:78,3
DA:79,3
DA:83,0
DA:87,0
DA:89,0
DA:90,0
DA:91,0
DA:92,0
DA:93,0
DA:94,0
DA:96,0
LF:43
LH:23
end_of_record
SF:C:\dev\github\quantity\lib\src\si\types\electric_flux_density.dart
DA:10,1
DA:11,1
DA:12,1
DA:15,3
DA:16,3
DA:20,3
DA:22,3
DA:23,2
DA:26,0
DA:28,0
DA:37,6
DA:38,3
DA:39,6
DA:45,0
DA:48,0
DA:49,0
DA:50,0
DA:51,0
DA:52,0
DA:53,0
DA:54,0
DA:55,0
DA:59,3
DA:60,12
DA:61,12
DA:62,12
DA:63,12
DA:64,9
DA:65,6
DA:66,3
DA:67,12
DA:68,6
DA:69,3
DA:70,3
DA:71,3
DA:75,0
DA:79,0
DA:81,0
DA:82,0
DA:83,0
DA:84,0
DA:85,0
DA:86,0
DA:88,0
LF:44
LH:24
end_of_record
SF:C:\dev\github\quantity\lib\src\si\types\electric_potential_difference.dart
DA:14,1
DA:15,2
DA:18,5
DA:19,5
DA:24,2
DA:27,4
DA:30,0
DA:32,0
DA:45,8
DA:46,4
DA:53,5
DA:56,5
DA:57,5
DA:58,5
DA:59,10
DA:60,5
DA:61,5
DA:62,5
DA:63,10
DA:67,0
DA:71,0
DA:73,0
DA:74,0
DA:75,0
DA:76,0
DA:77,0
DA:78,0
DA:80,0
LF:28
LH:17
end_of_record
SF:C:\dev\github\quantity\lib\src\si\types\energy.dart
DA:17,4
DA:18,4
DA:19,5
DA:22,32
DA:26,5
DA:27,8
DA:30,106
DA:32,0
DA:40,32
DA:41,16
DA:44,27
DA:48,1
DA:49,2
DA:50,0
DA:51,0
DA:54,5
DA:62,16
DA:65,16
DA:66,16
DA:67,16
DA:68,32
DA:69,16
DA:70,16
DA:71,16
DA:72,32
DA:76,1
DA:77,4
DA:78,4
DA:79,4
DA:80,4
DA:81,3
DA:82,2
DA:83,1
DA:84,3
DA:85,2
DA:86,1
DA:87,1
DA:88,1
DA:92,0
DA:96,0
DA:98,0
DA:99,0
DA:100,0
DA:101,0
DA:102,0
DA:103,0
DA:105,0
LF:47
LH:35
end_of_record
SF:C:\dev\github\quantity\lib\src\si\types\energy_density.dart
DA:9,1
DA:10,2
DA:14,3
DA:15,3
DA:19,3
DA:21,5
DA:24,0
DA:26,0
DA:35,6
DA:36,9
DA:42,0
DA:45,0
DA:46,0
DA:47,0
DA:48,0
DA:49,0
DA:50,0
DA:51,0
DA:52,0
DA:56,3
DA:57,12
DA:58,12
DA:59,12
DA:60,12
DA:61,9
DA:62,6
DA:63,3
DA:64,12
DA:65,6
DA:66,3
DA:67,3
DA:68,3
DA:72,0
DA:76,0
DA:78,0
DA:79,0
DA:80,0
DA:81,0
DA:82,0
DA:83,0
DA:85,0
LF:41
LH:21
end_of_record
SF:C:\dev\github\quantity\lib\src\si\types\energy_flux.dart
DA:9,1
DA:10,1
DA:11,1
DA:14,4
DA:15,4
DA:19,3
DA:21,5
DA:24,106
DA:26,0
DA:34,8
DA:35,12
DA:41,0
DA:44,0
DA:45,0
DA:46,0
DA:47,0
DA:48,0
DA:49,0
DA:50,0
DA:51,0
DA:55,4
DA:56,16
DA:57,16
DA:58,16
DA:59,16
DA:60,12
DA:61,8
DA:62,4
DA:63,16
DA:64,8
DA:65,4
DA:66,4
DA:67,4
DA:71,0
DA:75,0
DA:77,0
DA:78,0
DA:79,0
DA:80,0
DA:81,0
DA:82,0
DA:84,0
LF:42
LH:23
end_of_record
SF:C:\dev\github\quantity\lib\src\si\types\entropy.dart
DA:17,1
DA:18,2
DA:21,10
DA:25,3
DA:26,5
DA:29,106
DA:31,0
DA:39,9
DA:40,6
DA:46,2
DA:49,2
DA:50,2
DA:51,2
DA:52,4
DA:53,2
DA:54,2
DA:55,2
DA:56,4
DA:60,3
DA:61,12
DA:62,12
DA:63,12
DA:64,12
DA:65,9
DA:66,6
DA:67,3
DA:68,9
DA:69,6
DA:70,3
DA:71,3
DA:72,3
DA:76,0
DA:80,0
DA:82,0
DA:83,0
DA:84,0
DA:85,0
DA:86,0
DA:87,0
DA:89,0
LF:40
LH:30
end_of_record
SF:C:\dev\github\quantity\lib\src\si\types\exposure.dart
DA:14,1
DA:15,1
DA:17,2
DA:21,6
DA:25,3
DA:26,5
DA:29,0
DA:31,0
DA:39,6
DA:40,9
DA:43,2
DA:44,1
DA:50,1
DA:53,1
DA:54,1
DA:55,1
DA:56,2
DA:57,1
DA:58,1
DA:59,1
DA:60,2
DA:64,3
DA:65,12
DA:66,12
DA:67,12
DA:68,12
DA:69,9
DA:70,6
DA:71,3
DA:72,9
DA:73,6
DA:74,3
DA:75,3
DA:76,3
DA:80,0
DA:84,0
DA:86,0
DA:87,0
DA:88,0
DA:89,0
DA:90,0
DA:91,0
DA:93,0
LF:43
LH:32
end_of_record
SF:C:\dev\github\quantity\lib\src\si\types\force.dart
DA:15,3
DA:16,6
DA:19,18
DA:23,2
DA:24,4
DA:27,0
DA:28,0
DA:31,0
DA:32,0
DA:33,0
DA:34,0
DA:35,0
DA:36,0
DA:44,18
DA:45,9
DA:51,9
DA:54,9
DA:55,9
DA:56,9
DA:57,18
DA:58,9
DA:59,9
DA:60,9
DA:61,18
DA:65,0
DA:69,0
DA:71,0
DA:72,0
DA:73,0
DA:74,0
DA:75,0
DA:76,0
DA:78,0
LF:33
LH:16
end_of_record
SF:C:\dev\github\quantity\lib\src\si\types\frequency.dart
DA:13,1
DA:22,1
DA:25,1
DA:27,1
DA:28,2
DA:32,6
DA:33,6
DA:37,5
DA:38,10
DA:41,106
DA:43,0
DA:50,12
DA:51,6
DA:56,4
DA:59,4
DA:62,4
DA:68,6
DA:71,6
DA:72,6
DA:73,6
DA:74,12
DA:75,6
DA:76,6
DA:77,6
DA:78,12
DA:82,0
DA:86,1
DA:88,1
DA:89,2
DA:90,3
DA:91,1
DA:92,2
DA:93,2
DA:95,1
LF:34
LH:32
end_of_record
SF:C:\dev\github\quantity\lib\src\si\types\heat_flux_density.dart
DA:11,1
DA:12,2
DA:16,3
DA:17,3
DA:21,3
DA:23,5
DA:26,0
DA:28,0
DA:37,6
DA:38,9
DA:44,0
DA:47,0
DA:48,0
DA:49,0
DA:50,0
DA:51,0
DA:52,0
DA:53,0
DA:54,0
DA:58,3
DA:59,12
DA:60,12
DA:61,12
DA:62,12
DA:63,9
DA:64,6
DA:65,3
DA:66,12
DA:67,6
DA:68,3
DA:69,3
DA:70,3
DA:74,0
DA:78,0
DA:80,0
DA:81,0
DA:82,0
DA:83,0
DA:84,0
DA:85,0
DA:87,0
LF:41
LH:21
end_of_record
SF:C:\dev\github\quantity\lib\src\si\types\illuminance.dart
DA:12,1
DA:13,2
DA:16,4
DA:17,4
DA:21,2
DA:23,4
DA:26,0
DA:28,0
DA:38,8
DA:39,4
DA:45,4
DA:48,4
DA:49,4
DA:50,4
DA:51,8
DA:52,4
DA:53,4
DA:54,4
DA:55,8
DA:59,0
DA:63,0
DA:65,0
DA:66,0
DA:67,0
DA:68,0
DA:69,0
DA:70,0
DA:72,0
LF:28
LH:17
end_of_record
SF:C:\dev\github\quantity\lib\src\si\types\inductance.dart
DA:14,1
DA:15,2
DA:18,5
DA:19,5
DA:23,2
DA:25,4
DA:28,0
DA:30,0
DA:38,10
DA:39,5
DA:45,5
DA:48,5
DA:49,5
DA:50,5
DA:51,10
DA:52,5
DA:53,5
DA:54,5
DA:55,10
DA:59,0
DA:63,0
DA:65,0
DA:66,0
DA:67,0
DA:68,0
DA:69,0
DA:70,0
DA:72,0
LF:28
LH:17
end_of_record
SF:C:\dev\github\quantity\lib\src\si\types\information.dart
DA:14,1
DA:26,1
DA:29,1
DA:31,1
DA:33,1
DA:35,1
DA:37,1
DA:38,1
DA:42,5
DA:43,5
DA:47,2
DA:49,4
DA:52,0
DA:54,0
DA:64,10
DA:65,5
DA:68,0
DA:69,0
DA:72,6
DA:73,3
DA:78,4
DA:81,4
DA:84,4
DA:87,4
DA:94,3
DA:95,1
DA:100,3
DA:101,1
DA:106,3
DA:107,1
DA:112,3
DA:113,1
DA:118,0
DA:119,0
DA:124,0
DA:125,0
DA:129,0
DA:130,0
DA:134,0
DA:135,0
DA:141,5
DA:144,5
DA:145,5
DA:146,5
DA:147,10
DA:148,5
DA:149,5
DA:150,5
DA:151,10
DA:155,0
DA:159,2
DA:161,2
DA:162,4
DA:163,6
DA:164,6
DA:165,4
DA:166,4
DA:168,2
LF:58
LH:45
end_of_record
SF:C:\dev\github\quantity\lib\src\si\types\information_rate.dart
DA:15,1
DA:25,1
DA:28,1
DA:30,1
DA:32,1
DA:34,1
DA:35,1
DA:39,3
DA:40,3
DA:44,3
DA:46,5
DA:49,0
DA:51,0
DA:59,6
DA:60,9
DA:65,2
DA:66,1
DA:67,2
DA:70,2
DA:71,1
DA:72,2
DA:75,2
DA:76,1
DA:77,2
DA:80,2
DA:81,1
DA:82,2
DA:88,0
DA:91,0
DA:92,0
DA:93,0
DA:94,0
DA:95,0
DA:96,0
DA:97,0
DA:98,0
DA:102,3
DA:103,12
DA:104,12
DA:105,12
DA:106,12
DA:107,9
DA:108,6
DA:109,3
DA:110,9
DA:111,6
DA:112,3
DA:113,3
DA:114,3
DA:118,0
DA:122,0
DA:124,0
DA:125,0
DA:126,0
DA:127,0
DA:128,0
DA:129,0
DA:131,0
LF:58
LH:38
end_of_record
SF:C:\dev\github\quantity\lib\src\si\types\kinematic_viscosity.dart
DA:14,1
DA:15,1
DA:16,1
DA:19,4
DA:20,4
DA:24,3
DA:26,3
DA:27,2
DA:30,0
DA:32,0
DA:41,6
DA:42,9
DA:48,1
DA:51,1
DA:52,1
DA:53,1
DA:54,2
DA:55,1
DA:56,1
DA:57,1
DA:58,2
DA:62,3
DA:63,12
DA:64,12
DA:65,12
DA:66,12
DA:67,9
DA:68,6
DA:69,3
DA:70,9
DA:71,6
DA:72,3
DA:73,3
DA:74,3
DA:78,0
DA:82,0
DA:84,0
DA:85,0
DA:86,0
DA:87,0
DA:88,0
DA:89,0
DA:91,0
LF:43
LH:32
end_of_record
SF:C:\dev\github\quantity\lib\src\si\types\length.dart
DA:13,4
DA:21,4
DA:24,2
DA:26,2
DA:28,1
DA:29,5
DA:33,78
DA:37,9
DA:38,17
DA:41,213
DA:43,0
DA:50,76
DA:51,38
DA:58,6
DA:62,0
DA:63,0
DA:66,3
DA:72,44
DA:75,8
DA:78,24
DA:81,8
DA:87,39
DA:90,39
DA:91,39
DA:92,39
DA:93,78
DA:94,39
DA:95,39
DA:96,39
DA:97,78
DA:101,0
DA:105,19
DA:107,19
DA:108,38
DA:109,57
DA:110,57
DA:111,38
DA:112,38
DA:114,19
LF:39
LH:35
end_of_record
SF:C:\dev\github\quantity\lib\src\si\types\level.dart
DA:33,1
DA:34,2
DA:37,6
DA:42,2
DA:43,4
DA:46,0
DA:47,0
DA:55,6
DA:56,3
DA:61,0
DA:62,0
DA:67,0
DA:73,3
DA:76,3
DA:77,3
DA:78,3
DA:79,6
DA:80,3
DA:81,3
DA:82,3
DA:83,6
DA:87,0
DA:91,0
DA:93,0
DA:94,0
DA:95,0
DA:96,0
DA:97,0
DA:98,0
DA:100,0
DA:110,1
DA:111,7
DA:114,2
DA:115,2
DA:118,0
DA:120,0
DA:122,0
DA:123,0
DA:124,0
DA:126,0
DA:130,0
DA:132,0
DA:133,0
DA:134,0
DA:136,0
DA:148,1
DA:149,7
DA:152,2
DA:153,2
DA:156,0
DA:158,0
DA:160,0
DA:161,0
DA:163,0
DA:167,0
DA:169,0
DA:170,0
DA:171,0
DA:173,0
LF:59
LH:24
end_of_record
SF:C:\dev\github\quantity\lib\src\si\types\luminance.dart
DA:9,2
DA:10,4
DA:14,4
DA:15,4
DA:19,4
DA:20,7
DA:23,0
DA:25,0
DA:33,8
DA:34,4
DA:35,8
DA:41,0
DA:44,0
DA:45,0
DA:46,0
DA:47,0
DA:48,0
DA:49,0
DA:50,0
DA:51,0
DA:55,4
DA:56,16
DA:57,16
DA:58,16
DA:59,16
DA:60,12
DA:61,8
DA:62,4
DA:63,16
DA:64,8
DA:65,4
DA:66,4
DA:67,4
DA:71,0
DA:75,0
DA:77,0
DA:78,0
DA:79,0
DA:80,0
DA:81,0
DA:82,0
DA:84,0
LF:42
LH:22
end_of_record
SF:C:\dev\github\quantity\lib\src\si\types\luminous_flux.dart
DA:16,1
DA:17,2
DA:20,3
DA:21,3
DA:25,2
DA:27,4
DA:30,0
DA:32,0
DA:41,6
DA:42,3
DA:48,3
DA:51,3
DA:52,3
DA:53,3
DA:54,6
DA:55,3
DA:56,3
DA:57,3
DA:58,6
DA:62,0
DA:66,0
DA:68,0
DA:69,0
DA:70,0
DA:71,0
DA:72,0
DA:73,0
DA:75,0
LF:28
LH:17
end_of_record
SF:C:\dev\github\quantity\lib\src\si\types\luminous_intensity.dart
DA:14,1
DA:15,2
DA:18,6
DA:19,6
DA:23,2
DA:25,4
DA:28,0
DA:30,0
DA:39,12
DA:40,6
DA:46,6
DA:49,6
DA:50,6
DA:51,6
DA:52,12
DA:53,6
DA:54,6
DA:55,6
DA:56,12
DA:60,0
DA:64,0
DA:66,0
DA:67,0
DA:68,0
DA:69,0
DA:70,0
DA:71,0
DA:73,0
LF:28
LH:17
end_of_record
SF:C:\dev\github\quantity\lib\src\si\types\magnetic_field_strength.dart
DA:14,1
DA:15,2
DA:19,3
DA:20,3
DA:24,3
DA:27,5
DA:30,0
DA:32,0
DA:44,6
DA:45,3
DA:46,6
DA:52,0
DA:55,0
DA:56,0
DA:57,0
DA:58,0
DA:59,0
DA:60,0
DA:61,0
DA:62,0
DA:66,3
DA:67,12
DA:68,12
DA:69,12
DA:70,12
DA:71,9
DA:72,6
DA:73,3
DA:74,9
DA:75,6
DA:76,3
DA:77,3
DA:78,3
DA:82,0
DA:86,0
DA:88,0
DA:89,0
DA:90,0
DA:91,0
DA:92,0
DA:93,0
DA:95,0
LF:42
LH:22
end_of_record
SF:C:\dev\github\quantity\lib\src\si\types\magnetic_flux.dart
DA:13,1
DA:14,2
DA:17,4
DA:18,4
DA:22,2
DA:24,4
DA:27,106
DA:29,0
DA:38,8
DA:39,4
DA:45,4
DA:48,4
DA:49,4
DA:50,4
DA:51,8
DA:52,4
DA:53,4
DA:54,4
DA:55,8
DA:59,0
DA:63,0
DA:65,0
DA:66,0
DA:67,0
DA:68,0
DA:69,0
DA:70,0
DA:72,0
LF:28
LH:18
end_of_record
SF:C:\dev\github\quantity\lib\src\si\types\magnetic_flux_density.dart
DA:13,1
DA:14,2
DA:17,4
DA:18,4
DA:22,2
DA:24,4
DA:27,0
DA:29,0
DA:38,8
DA:39,4
DA:45,4
DA:48,4
DA:49,4
DA:50,4
DA:51,8
DA:52,4
DA:53,4
DA:54,4
DA:55,8
DA:59,0
DA:63,0
DA:65,0
DA:66,0
DA:67,0
DA:68,0
DA:69,0
DA:70,0
DA:72,0
LF:28
LH:17
end_of_record
SF:C:\dev\github\quantity\lib\src\si\types\mass.dart
DA:14,5
DA:15,5
DA:18,3
DA:19,7
DA:23,32
DA:27,5
DA:28,9
DA:31,212
DA:32,0
DA:39,30
DA:40,15
DA:45,20
DA:46,10
DA:49,4
DA:52,0
DA:55,9
DA:64,1
DA:65,2
DA:66,0
DA:67,0
DA:71,5
DA:79,16
DA:82,16
DA:83,16
DA:84,16
DA:85,32
DA:86,16
DA:87,16
DA:88,16
DA:89,32
DA:93,0
DA:97,1
DA:99,1
DA:100,2
DA:101,3
DA:102,3
DA:103,2
DA:104,2
DA:106,1
LF:39
LH:34
end_of_record
SF:C:\dev\github\quantity\lib\src\si\types\mass_density.dart
DA:9,1
DA:10,2
DA:14,4
DA:15,4
DA:19,3
DA:21,5
DA:24,0
DA:26,0
DA:35,6
DA:36,9
DA:42,0
DA:45,0
DA:46,0
DA:47,0
DA:48,0
DA:49,0
DA:50,0
DA:51,0
DA:52,0
DA:56,4
DA:57,16
DA:58,16
DA:59,16
DA:60,16
DA:61,12
DA:62,8
DA:63,4
DA:64,16
DA:65,8
DA:66,4
DA:67,4
DA:68,4
DA:72,0
DA:76,0
DA:78,0
DA:79,0
DA:80,0
DA:81,0
DA:82,0
DA:83,0
DA:85,0
LF:41
LH:21
end_of_record
SF:C:\dev\github\quantity\lib\src\si\types\mass_flow_rate.dart
DA:14,1
DA:15,1
DA:16,1
DA:19,4
DA:20,4
DA:24,4
DA:26,7
DA:29,0
DA:31,0
DA:40,8
DA:41,12
DA:47,0
DA:50,0
DA:51,0
DA:52,0
DA:53,0
DA:54,0
DA:55,0
DA:56,0
DA:57,0
DA:61,4
DA:62,16
DA:63,16
DA:64,16
DA:65,16
DA:66,12
DA:67,8
DA:68,4
DA:69,12
DA:70,8
DA:71,4
DA:72,4
DA:73,4
DA:77,0
DA:81,0
DA:83,0
DA:84,0
DA:85,0
DA:86,0
DA:87,0
DA:88,0
DA:90,0
LF:42
LH:22
end_of_record
SF:C:\dev\github\quantity\lib\src\si\types\mass_flux_density.dart
DA:9,1
DA:11,1
DA:12,1
DA:15,3
DA:16,3
DA:20,3
DA:22,5
DA:26,0
DA:28,0
DA:37,6
DA:38,3
DA:39,9
DA:45,0
DA:48,0
DA:49,0
DA:50,0
DA:51,0
DA:52,0
DA:53,0
DA:54,0
DA:55,0
DA:59,3
DA:60,18
DA:61,15
DA:62,15
DA:63,18
DA:64,12
DA:65,9
DA:66,3
DA:67,9
DA:68,3
DA:69,3
DA:70,9
DA:71,3
DA:72,3
DA:73,3
DA:77,0
DA:81,0
DA:83,0
DA:84,0
DA:85,0
DA:86,0
DA:87,0
DA:88,0
DA:90,0
LF:45
LH:25
end_of_record
SF:C:\dev\github\quantity\lib\src\si\types\molar_energy.dart
DA:14,1
DA:15,2
DA:18,3
DA:19,3
DA:23,3
DA:25,5
DA:28,0
DA:30,0
DA:39,6
DA:40,9
DA:46,0
DA:49,0
DA:50,0
DA:51,0
DA:52,0
DA:53,0
DA:54,0
DA:55,0
DA:56,0
DA:60,3
DA:61,12
DA:62,12
DA:63,12
DA:64,12
DA:65,9
DA:66,6
DA:67,3
DA:68,9
DA:69,6
DA:70,3
DA:71,3
DA:72,3
DA:76,0
DA:80,0
DA:82,0
DA:83,0
DA:84,0
DA:85,0
DA:86,0
DA:87,0
DA:89,0
LF:41
LH:21
end_of_record
SF:C:\dev\github\quantity\lib\src\si\types\molar_entropy.dart
DA:15,1
DA:16,2
DA:20,3
DA:21,3
DA:25,3
DA:27,5
DA:30,106
DA:32,0
DA:46,6
DA:47,3
DA:48,9
DA:54,0
DA:57,0
DA:58,0
DA:59,0
DA:60,0
DA:61,0
DA:62,0
DA:63,0
DA:64,0
DA:68,3
DA:70,18
DA:71,15
DA:72,15
DA:73,18
DA:74,9
DA:75,9
DA:76,3
DA:77,9
DA:78,9
DA:79,3
DA:80,3
DA:81,3
DA:85,0
DA:89,0
DA:91,0
DA:92,0
DA:93,0
DA:94,0
DA:95,0
DA:96,0
DA:98,0
LF:42
LH:23
end_of_record
SF:C:\dev\github\quantity\lib\src\si\types\permeability.dart
DA:16,1
DA:20,1
DA:23,1
DA:24,1
DA:28,3
DA:29,3
DA:33,3
DA:35,5
DA:38,106
DA:40,0
DA:49,6
DA:50,9
DA:53,2
DA:54,3
DA:60,0
DA:63,0
DA:64,0
DA:65,0
DA:66,0
DA:67,0
DA:68,0
DA:69,0
DA:70,0
DA:74,3
DA:75,12
DA:76,12
DA:77,12
DA:78,12
DA:79,9
DA:80,6
DA:81,3
DA:82,9
DA:83,6
DA:84,3
DA:85,3
DA:86,3
DA:90,1
DA:91,5
DA:92,4
DA:93,4
DA:94,5
DA:95,3
DA:96,2
DA:97,1
DA:98,3
DA:99,2
DA:100,1
DA:101,1
DA:102,1
DA:106,0
DA:110,0
DA:112,0
DA:113,0
DA:114,0
DA:115,0
DA:116,0
DA:117,0
DA:119,0
LF:58
LH:39
end_of_record
SF:C:\dev\github\quantity\lib\src\si\types\permittivity.dart
DA:14,1
DA:15,2
DA:18,3
DA:19,3
DA:23,3
DA:25,5
DA:28,106
DA:30,0
DA:39,6
DA:40,9
DA:46,0
DA:49,0
DA:50,0
DA:51,0
DA:52,0
DA:53,0
DA:54,0
DA:55,0
DA:56,0
DA:60,3
DA:61,12
DA:62,12
DA:63,12
DA:64,12
DA:65,9
DA:66,6
DA:67,3
DA:68,9
DA:69,6
DA:70,3
DA:71,3
DA:72,3
DA:76,0
DA:80,0
DA:82,0
DA:83,0
DA:84,0
DA:85,0
DA:86,0
DA:87,0
DA:89,0
LF:41
LH:22
end_of_record
SF:C:\dev\github\quantity\lib\src\si\types\power.dart
DA:17,3
DA:18,3
DA:21,2
DA:22,4
DA:26,24
DA:30,4
DA:31,6
DA:34,106
DA:35,0
DA:43,24
DA:44,12
DA:49,32
DA:52,4
DA:58,12
DA:61,12
DA:62,12
DA:63,12
DA:64,24
DA:65,12
DA:66,12
DA:67,12
DA:68,24
DA:72,1
DA:73,4
DA:74,4
DA:75,4
DA:76,4
DA:77,3
DA:78,2
DA:79,1
DA:80,3
DA:81,2
DA:82,1
DA:83,2
DA:84,3
DA:88,0
DA:92,8
DA:94,8
DA:95,16
DA:96,24
DA:97,24
DA:98,16
DA:99,16
DA:101,8
DA:107,0
DA:108,0
LF:46
LH:42
end_of_record
SF:C:\dev\github\quantity\lib\src\si\types\pressure.dart
DA:13,1
DA:14,1
DA:15,2
DA:18,10
DA:22,3
DA:23,6
DA:26,0
DA:28,0
DA:36,10
DA:37,5
DA:40,4
DA:41,2
DA:47,5
DA:50,5
DA:51,5
DA:52,5
DA:53,10
DA:54,5
DA:55,5
DA:56,5
DA:57,10
DA:61,2
DA:62,8
DA:63,8
DA:64,8
DA:65,8
DA:66,6
DA:67,4
DA:68,2
DA:69,8
DA:70,4
DA:71,2
DA:72,4
DA:73,6
DA:77,0
DA:81,0
DA:83,0
DA:84,0
DA:85,0
DA:86,0
DA:87,0
DA:88,0
DA:90,0
LF:43
LH:32
end_of_record
SF:C:\dev\github\quantity\lib\src\si\types\radiance.dart
DA:17,1
DA:18,1
DA:19,1
DA:22,6
DA:26,3
DA:27,5
DA:30,0
DA:32,0
DA:40,6
DA:41,3
DA:42,9
DA:48,0
DA:51,0
DA:52,0
DA:53,0
DA:54,0
DA:55,0
DA:56,0
DA:57,0
DA:58,0
DA:62,3
DA:64,18
DA:65,15
DA:66,15
DA:67,18
DA:68,12
DA:69,9
DA:70,3
DA:71,9
DA:72,3
DA:73,3
DA:74,9
DA:75,3
DA:76,3
DA:77,3
DA:81,0
DA:85,0
DA:87,0
DA:88,0
DA:89,0
DA:90,0
DA:91,0
DA:92,0
DA:94,0
LF:44
LH:24
end_of_record
SF:C:\dev\github\quantity\lib\src\si\types\radiant_intensity.dart
DA:15,1
DA:16,2
DA:20,3
DA:21,3
DA:25,3
DA:27,5
DA:30,0
DA:32,0
DA:41,6
DA:42,3
DA:43,6
DA:49,0
DA:52,0
DA:53,0
DA:54,0
DA:55,0
DA:56,0
DA:57,0
DA:58,0
DA:59,0
DA:63,3
DA:64,12
DA:65,12
DA:66,12
DA:67,12
DA:68,9
DA:69,6
DA:70,3
DA:71,9
DA:72,6
DA:73,3
DA:74,9
DA:75,3
DA:76,3
DA:80,0
DA:84,0
DA:86,0
DA:87,0
DA:88,0
DA:89,0
DA:90,0
DA:91,0
DA:93,0
LF:43
LH:23
end_of_record
SF:C:\dev\github\quantity\lib\src\si\types\resistance.dart
DA:12,1
DA:13,2
DA:16,4
DA:17,4
DA:21,2
DA:23,4
DA:26,106
DA:28,0
DA:37,8
DA:38,4
DA:44,4
DA:47,4
DA:48,4
DA:49,4
DA:50,8
DA:51,4
DA:52,4
DA:53,4
DA:54,8
DA:58,0
DA:62,0
DA:64,0
DA:65,0
DA:66,0
DA:67,0
DA:68,0
DA:69,0
DA:71,0
LF:28
LH:18
end_of_record
SF:C:\dev\github\quantity\lib\src\si\types\scalar.dart
DA:12,8
DA:13,8
DA:14,9
DA:17,22
DA:22,8
DA:23,16
DA:26,106
DA:27,0
DA:36,20
DA:37,10
DA:40,6
DA:46,3
DA:47,6
DA:49,3
DA:50,9
DA:60,0
DA:62,0
DA:63,0
DA:70,11
DA:73,11
DA:74,11
DA:75,11
DA:76,22
DA:77,11
DA:78,11
DA:79,11
DA:80,22
DA:84,0
DA:88,0
DA:90,0
DA:91,0
DA:92,0
DA:93,0
DA:94,0
DA:95,0
DA:97,0
LF:36
LH:23
end_of_record
SF:C:\dev\github\quantity\lib\src\si\types\solid_angle.dart
DA:13,2
DA:14,4
DA:17,7
DA:18,7
DA:23,4
DA:24,7
DA:27,0
DA:28,0
DA:35,14
DA:36,7
DA:42,7
DA:45,7
DA:46,7
DA:47,7
DA:48,14
DA:49,7
DA:50,7
DA:51,7
DA:52,14
DA:56,3
DA:57,12
DA:58,9
DA:59,9
DA:60,12
DA:61,12
DA:62,12
DA:63,6
DA:64,9
DA:68,0
DA:72,0
DA:74,0
DA:75,0
DA:76,0
DA:77,0
DA:78,0
DA:79,0
DA:81,0
LF:37
LH:26
end_of_record
SF:C:\dev\github\quantity\lib\src\si\types\specific_energy.dart
DA:19,1
DA:20,1
DA:21,1
DA:24,4
DA:25,4
DA:29,3
DA:31,5
DA:34,0
DA:36,0
DA:45,8
DA:46,12
DA:52,0
DA:55,0
DA:56,0
DA:57,0
DA:58,0
DA:59,0
DA:60,0
DA:61,0
DA:62,0
DA:66,4
DA:67,16
DA:68,16
DA:69,16
DA:70,16
DA:71,12
DA:72,8
DA:73,4
DA:74,12
DA:75,8
DA:76,4
DA:77,4
DA:78,4
DA:82,1
DA:83,8
DA:84,4
DA:85,4
DA:86,8
DA:87,3
DA:88,2
DA:89,1
DA:90,3
DA:91,2
DA:92,1
DA:93,1
DA:94,1
DA:98,3
DA:99,1
DA:100,6
DA:101,3
DA:102,1
DA:103,3
DA:104,4
DA:105,5
DA:106,5
DA:107,1
DA:108,1
DA:111,1
DA:113,2
DA:118,0
DA:122,0
DA:124,0
DA:125,0
DA:126,0
DA:127,0
DA:128,0
DA:129,0
DA:131,0
LF:68
LH:48
end_of_record
SF:C:\dev\github\quantity\lib\src\si\types\specific_heat_capacity.dart
DA:17,1
DA:18,1
DA:19,1
DA:22,3
DA:23,3
DA:27,3
DA:29,5
DA:33,0
DA:35,0
DA:44,6
DA:45,3
DA:46,9
DA:52,0
DA:55,0
DA:56,0
DA:57,0
DA:58,0
DA:59,0
DA:60,0
DA:61,0
DA:62,0
DA:66,3
DA:68,18
DA:69,15
DA:70,15
DA:71,18
DA:72,9
DA:73,9
DA:74,3
DA:75,9
DA:76,9
DA:77,3
DA:78,3
DA:79,3
DA:83,0
DA:87,0
DA:89,0
DA:90,0
DA:91,0
DA:92,0
DA:93,0
DA:94,0
DA:96,0
LF:43
LH:23
end_of_record
SF:C:\dev\github\quantity\lib\src\si\types\specific_volume.dart
DA:14,1
DA:15,1
DA:16,1
DA:19,3
DA:20,3
DA:24,3
DA:26,5
DA:29,0
DA:31,0
DA:40,6
DA:41,9
DA:47,0
DA:50,0
DA:51,0
DA:52,0
DA:53,0
DA:54,0
DA:55,0
DA:56,0
DA:57,0
DA:61,3
DA:62,12
DA:63,12
DA:64,12
DA:65,12
DA:66,9
DA:67,6
DA:68,3
DA:69,9
DA:70,6
DA:71,3
DA:72,3
DA:73,3
DA:77,0
DA:81,0
DA:83,0
DA:84,0
DA:85,0
DA:86,0
DA:87,0
DA:88,0
DA:90,0
LF:42
LH:22
end_of_record
SF:C:\dev\github\quantity\lib\src\si\types\spectral_irradiance.dart
DA:12,1
DA:13,1
DA:14,1
DA:17,5
DA:18,5
DA:22,2
DA:24,4
DA:28,0
DA:30,0
DA:39,6
DA:40,3
DA:47,5
DA:50,5
DA:51,5
DA:52,5
DA:53,10
DA:54,5
DA:55,5
DA:56,5
DA:57,10
DA:61,0
DA:65,1
DA:67,1
DA:68,2
DA:69,3
DA:70,3
DA:71,2
DA:72,2
DA:74,1
LF:29
LH:26
end_of_record
SF:C:\dev\github\quantity\lib\src\si\types\speed.dart
DA:14,3
DA:15,3
DA:16,4
DA:19,14
DA:23,5
DA:24,8
DA:27,106
DA:28,0
DA:35,14
DA:36,21
DA:39,6
DA:40,3
DA:46,3
DA:49,3
DA:50,3
DA:51,3
DA:52,6
DA:53,3
DA:54,3
DA:55,3
DA:56,6
DA:60,7
DA:61,28
DA:62,28
DA:63,28
DA:64,28
DA:65,21
DA:66,14
DA:67,7
DA:68,21
DA:69,14
DA:70,7
DA:71,7
DA:72,7
DA:76,0
DA:80,0
DA:82,0
DA:83,0
DA:84,0
DA:85,0
DA:86,0
DA:87,0
DA:89,0
LF:43
LH:33
end_of_record
SF:C:\dev\github\quantity\lib\src\si\types\surface_tension.dart
DA:14,1
DA:15,2
DA:18,3
DA:19,3
DA:23,3
DA:25,5
DA:28,0
DA:30,0
DA:39,6
DA:40,9
DA:46,0
DA:49,0
DA:50,0
DA:51,0
DA:52,0
DA:53,0
DA:54,0
DA:55,0
DA:56,0
DA:60,3
DA:61,12
DA:62,12
DA:63,12
DA:64,12
DA:65,9
DA:66,6
DA:67,3
DA:68,9
DA:69,6
DA:70,3
DA:71,3
DA:72,3
DA:76,0
DA:80,0
DA:82,0
DA:83,0
DA:84,0
DA:85,0
DA:86,0
DA:87,0
DA:89,0
LF:41
LH:21
end_of_record
SF:C:\dev\github\quantity\lib\src\si\types\temperature.dart
DA:13,5
DA:14,5
DA:16,8
DA:20,8
DA:21,8
DA:25,4
DA:27,6
DA:30,106
DA:32,0
DA:42,12
DA:43,6
DA:46,12
DA:57,3
DA:59,6
DA:60,9
DA:61,3
DA:63,3
DA:65,0
DA:74,2
DA:76,2
DA:77,3
DA:78,1
DA:80,1
DA:81,2
DA:82,6
DA:83,2
DA:85,2
DA:87,0
DA:93,0
DA:94,0
DA:100,8
DA:103,8
DA:104,8
DA:105,8
DA:106,16
DA:107,8
DA:108,8
DA:109,8
DA:110,16
DA:114,0
DA:118,0
DA:120,0
DA:121,0
DA:122,0
DA:123,0
DA:124,0
DA:125,0
DA:127,0
LF:48
LH:34
end_of_record
SF:C:\dev\github\quantity\lib\src\si\types\temperature_interval.dart
DA:15,5
DA:16,5
DA:19,1
DA:20,5
DA:24,10
DA:25,10
DA:29,4
DA:31,6
DA:34,0
DA:36,0
DA:45,20
DA:46,10
DA:49,8
DA:50,4
DA:56,3
DA:58,3
DA:59,9
DA:60,3
DA:62,3
DA:63,1
DA:64,3
DA:65,1
DA:67,1
DA:69,0
DA:77,2
DA:79,2
DA:80,6
DA:81,2
DA:83,2
DA:84,1
DA:88,0
DA:93,0
DA:94,0
DA:100,10
DA:103,10
DA:104,10
DA:105,10
DA:106,20
DA:107,10
DA:108,10
DA:109,10
DA:110,20
DA:114,0
DA:118,0
DA:120,0
DA:121,0
DA:122,0
DA:123,0
DA:124,0
DA:125,0
DA:127,0
LF:51
LH:36
end_of_record
SF:C:\dev\github\quantity\lib\src\si\types\thermal_conductivity.dart
DA:15,1
DA:16,1
DA:17,1
DA:20,3
DA:21,3
DA:25,3
DA:27,5
DA:30,0
DA:32,0
DA:41,6
DA:42,3
DA:43,9
DA:49,0
DA:52,0
DA:53,0
DA:54,0
DA:55,0
DA:56,0
DA:57,0
DA:58,0
DA:59,0
DA:63,3
DA:65,18
DA:66,15
DA:67,15
DA:68,18
DA:69,9
DA:70,9
DA:71,3
DA:72,9
DA:73,9
DA:74,3
DA:75,3
DA:76,3
DA:80,0
DA:84,0
DA:86,0
DA:87,0
DA:88,0
DA:89,0
DA:90,0
DA:91,0
DA:93,0
LF:43
LH:23
end_of_record
SF:C:\dev\github\quantity\lib\src\si\types\time.dart
DA:20,6
DA:28,6
DA:31,2
DA:33,3
DA:35,2
DA:37,2
DA:39,2
DA:40,6
DA:44,56
DA:48,6
DA:49,11
DA:52,106
DA:53,0
DA:56,0
DA:57,0
DA:66,54
DA:67,27
DA:71,12
DA:75,18
DA:79,45
DA:85,16
DA:88,4
DA:91,12
DA:96,45
DA:99,18
DA:102,6
DA:107,0
DA:108,0
DA:114,28
DA:117,28
DA:118,28
DA:119,28
DA:120,56
DA:121,28
DA:122,28
DA:123,28
DA:124,56
DA:128,0
DA:132,5
DA:134,5
DA:135,10
DA:136,15
DA:137,15
DA:138,10
DA:139,10
DA:141,5
LF:46
LH:40
end_of_record
SF:C:\dev\github\quantity\lib\src\si\types\time_instant.dart
DA:102,2
DA:103,2
DA:104,3
DA:107,6
DA:108,6
DA:112,3
DA:114,5
DA:117,1
DA:119,1
DA:123,2
DA:124,6
DA:132,15
DA:145,9
DA:152,2
DA:154,2
DA:155,0
DA:156,2
DA:157,2
DA:159,4
DA:161,9
DA:162,3
DA:163,3
DA:164,3
DA:165,0
DA:166,0
DA:171,3
DA:172,3
DA:174,3
DA:178,3
DA:179,3
DA:182,12
DA:187,9
DA:194,3
DA:195,12
DA:196,4
DA:198,4
DA:199,4
DA:206,2
DA:207,4
DA:210,2
DA:211,0
DA:213,2
DA:216,4
DA:222,2
DA:224,6
DA:225,2
DA:226,2
DA:228,2
DA:229,2
DA:230,0
DA:231,0
DA:240,0
DA:243,0
DA:247,0
DA:248,0
DA:249,0
DA:250,0
DA:252,0
DA:253,0
DA:259,1
DA:260,2
DA:261,2
DA:271,6
DA:274,6
DA:275,6
DA:276,6
DA:277,12
DA:278,6
DA:279,6
DA:280,6
DA:281,12
DA:289,5
DA:291,5
DA:292,9
DA:295,4
DA:301,3
DA:303,3
DA:304,6
DA:307,2
DA:312,0
DA:316,0
DA:318,0
DA:319,0
DA:320,0
DA:321,0
DA:322,0
DA:323,0
DA:325,0
DA:346,3
DA:350,3
DA:353,3
DA:358,2
DA:364,0
DA:366,0
DA:367,0
DA:369,0
DA:370,0
DA:372,0
DA:373,0
DA:375,0
DA:376,0
DA:378,0
DA:379,0
DA:381,0
DA:382,0
DA:384,0
DA:385,0
DA:387,0
DA:388,0
DA:390,0
DA:391,0
DA:393,0
DA:394,0
DA:396,0
DA:397,0
DA:399,0
DA:400,0
DA:402,0
DA:409,2
DA:412,2
DA:415,2
DA:418,2
DA:421,2
DA:424,2
DA:427,2
DA:430,2
DA:433,2
DA:436,2
DA:439,2
DA:442,2
DA:445,2
DA:448,2
DA:451,2
DA:454,2
DA:457,2
DA:460,2
DA:463,2
DA:466,2
DA:469,2
DA:472,2
DA:475,2
DA:478,2
DA:481,2
DA:484,2
DA:512,1
DA:513,1
DA:514,1
DA:516,2
DA:518,0
DA:519,1
DA:520,0
DA:521,0
DA:522,0
DA:523,0
DA:524,1
DA:525,0
DA:526,0
DA:527,0
DA:528,0
DA:531,1
DA:533,1
DA:534,1
DA:536,3
DA:538,3
DA:539,1
DA:541,0
DA:542,0
DA:543,0
DA:545,0
DA:554,1
DA:556,1
DA:811,1
DA:812,1
DA:813,1
DA:814,1
DA:815,1
DA:816,1
DA:817,1
DA:818,1
DA:819,1
DA:820,1
DA:821,1
DA:822,1
DA:823,1
DA:824,1
DA:825,1
DA:826,1
DA:827,1
DA:828,1
DA:829,1
DA:830,1
DA:831,1
DA:832,1
DA:833,1
DA:834,1
DA:835,1
DA:836,1
DA:837,1
DA:838,1
DA:840,1
DA:841,1
DA:842,1
DA:970,1
DA:972,2
DA:973,1
DA:975,3
DA:979,3
DA:982,2
LF:208
LH:146
end_of_record
SF:C:\dev\github\quantity\lib\src\si\types\torque.dart
DA:17,1
DA:18,2
DA:21,6
DA:25,3
DA:26,5
DA:29,0
DA:31,0
DA:39,6
DA:40,9
DA:46,0
DA:49,0
DA:50,0
DA:51,0
DA:52,0
DA:53,0
DA:54,0
DA:55,0
DA:56,0
DA:60,3
DA:61,12
DA:62,12
DA:63,12
DA:64,12
DA:65,9
DA:66,6
DA:67,3
DA:68,9
DA:69,6
DA:70,3
DA:71,3
DA:72,3
DA:76,0
DA:80,0
DA:82,0
DA:83,0
DA:84,0
DA:85,0
DA:86,0
DA:87,0
DA:89,0
LF:40
LH:20
end_of_record
SF:C:\dev\github\quantity\lib\src\si\types\volume.dart
DA:13,2
DA:14,6
DA:18,24
DA:22,5
DA:23,8
DA:26,0
DA:28,0
DA:35,48
DA:38,18
DA:39,9
DA:45,9
DA:48,9
DA:49,9
DA:50,9
DA:51,18
DA:52,9
DA:53,9
DA:54,9
DA:55,18
DA:59,48
DA:60,36
DA:61,36
DA:62,36
DA:63,48
DA:64,48
DA:65,12
DA:66,12
DA:70,0
DA:74,0
DA:76,0
DA:77,0
DA:78,0
DA:79,0
DA:80,0
DA:81,0
DA:83,0
LF:36
LH:25
end_of_record
SF:C:\dev\github\quantity\lib\src\si\types\volume_flow_rate.dart
DA:14,1
DA:15,2
DA:19,4
DA:20,4
DA:24,3
DA:26,5
DA:29,0
DA:31,0
DA:40,8
DA:41,12
DA:47,0
DA:50,0
DA:51,0
DA:52,0
DA:53,0
DA:54,0
DA:55,0
DA:56,0
DA:57,0
DA:61,4
DA:62,16
DA:63,16
DA:64,16
DA:65,16
DA:66,12
DA:67,8
DA:68,4
DA:69,12
DA:70,8
DA:71,4
DA:72,4
DA:73,4
DA:77,0
DA:81,0
DA:83,0
DA:84,0
DA:85,0
DA:86,0
DA:87,0
DA:88,0
DA:90,0
LF:41
LH:21
end_of_record
SF:C:\dev\github\quantity\lib\src\si\types\wave_number.dart
DA:13,1
DA:14,2
DA:17,4
DA:18,4
DA:22,4
DA:24,7
DA:27,2
DA:29,0
DA:36,8
DA:37,8
DA:43,0
DA:46,0
DA:47,0
DA:48,0
DA:49,0
DA:50,0
DA:51,0
DA:52,0
DA:53,0
DA:57,4
DA:58,12
DA:59,12
DA:60,12
DA:61,12
DA:62,16
DA:63,16
DA:64,4
DA:65,4
DA:69,0
DA:73,0
DA:75,0
DA:76,0
DA:77,0
DA:78,0
DA:79,0
DA:80,0
DA:82,0
LF:37
LH:18
end_of_record
SF:C:\dev\github\quantity\lib\src\si\utilities.dart
DA:85,0
DA:86,0
DA:88,0
DA:90,0
DA:92,0
DA:101,26
DA:102,26
DA:103,2
DA:104,2
DA:106,2
DA:107,2
DA:108,4
DA:109,4
DA:110,2
DA:111,2
DA:113,2
DA:114,2
DA:115,3
DA:116,3
DA:118,2
DA:119,2
DA:121,2
DA:122,2
DA:123,2
DA:124,2
DA:125,4
DA:126,4
DA:127,2
DA:128,2
DA:130,2
DA:131,2
DA:132,2
DA:133,2
DA:134,2
DA:135,2
DA:136,2
DA:137,2
DA:138,2
DA:139,2
DA:140,3
DA:141,3
DA:142,2
DA:143,2
DA:144,2
DA:145,2
DA:146,2
DA:147,2
DA:149,2
DA:150,2
DA:152,2
DA:153,2
DA:155,2
DA:156,2
DA:158,2
DA:159,2
DA:160,3
DA:161,3
DA:162,2
DA:163,2
DA:164,2
DA:165,2
DA:166,2
DA:167,2
DA:168,2
DA:169,2
DA:170,2
DA:171,2
DA:172,2
DA:173,2
DA:174,5
DA:175,5
DA:177,2
DA:178,2
DA:179,2
DA:180,2
DA:181,2
DA:182,2
DA:183,2
DA:184,2
DA:186,2
DA:187,2
DA:189,2
DA:190,2
DA:191,8
DA:192,8
DA:193,3
DA:194,3
DA:195,2
DA:196,2
DA:198,2
DA:199,2
DA:201,2
DA:202,2
DA:203,2
DA:204,2
DA:206,2
DA:207,2
DA:208,4
DA:209,4
DA:210,2
DA:211,2
DA:212,3
DA:213,3
DA:215,2
DA:216,2
DA:217,2
DA:218,2
DA:219,2
DA:220,2
DA:221,2
DA:222,2
DA:223,2
DA:224,2
DA:225,2
DA:226,2
DA:227,2
DA:228,2
DA:229,3
DA:230,3
DA:231,2
DA:232,2
DA:234,2
DA:235,2
DA:236,2
DA:237,2
DA:238,8
DA:239,8
DA:240,3
DA:241,3
DA:242,2
DA:243,2
DA:245,2
DA:246,2
DA:247,2
DA:248,2
DA:250,2
DA:251,2
DA:252,3
DA:253,3
DA:254,2
DA:255,2
DA:256,2
DA:257,2
DA:259,3
DA:260,3
DA:262,2
DA:263,2
DA:264,5
DA:265,5
DA:266,2
DA:267,2
DA:268,2
DA:269,2
DA:270,3
DA:271,3
DA:272,2
DA:273,2
DA:274,3
DA:275,3
DA:283,0
DA:284,0
DA:285,0
DA:286,0
DA:287,0
DA:288,0
DA:289,0
DA:290,0
DA:291,0
DA:295,3
DA:296,18
DA:297,0
DA:301,15
DA:314,0
DA:322,6
DA:335,13
DA:337,26
DA:339,26
DA:345,5
DA:348,2
DA:368,4
DA:369,4
DA:370,4
DA:371,4
DA:372,8
DA:373,12
DA:374,12
DA:377,4
DA:380,18
DA:383,18
DA:385,18
DA:398,18
DA:399,18
DA:400,18
DA:401,18
DA:402,8
DA:403,2
DA:407,36
DA:408,18
DA:413,18
DA:416,36
DA:418,54
DA:420,18
DA:425,36
DA:426,18
DA:427,36
DA:430,18
DA:431,18
DA:436,36
DA:439,36
DA:440,36
DA:441,18
DA:442,18
DA:443,18
DA:446,36
DA:449,18
DA:453,36
DA:455,18
LF:217
LH:201
end_of_record
SF:C:\dev\github\quantity\lib\domain\universal.dart
DA:37,2
DA:40,2
DA:44,2
LF:3
LH:3
end_of_record
