SF:C:\dev\github\quantity\lib\domain\astronomical.dart
DA:32,2
DA:33,2
LF:2
LH:2
end_of_record
SF:C:\dev\github\quantity\lib\domain\thermodynamic.dart
DA:36,2
LF:1
LH:1
end_of_record
SF:C:\dev\github\quantity\lib\src\number\double.dart
DA:8,99
DA:11,2958
DA:14,2
DA:20,4
DA:22,20
DA:53,112
DA:54,112
DA:56,92
DA:57,92
DA:59,9
DA:60,18
DA:64,8
DA:66,36
DA:67,13
DA:68,18
DA:71,87
DA:73,114
DA:74,278
DA:75,6
DA:76,2
DA:77,14
DA:83,5
DA:84,15
DA:86,2
DA:88,2
DA:90,1
DA:91,1
DA:93,2
DA:95,1
DA:96,1
DA:98,4
DA:99,4
DA:100,4
DA:101,4
DA:104,42
DA:106,336
DA:112,3
DA:113,6
LF:38
LH:38
end_of_record
SF:C:\dev\github\quantity\lib\src\number\fraction.dart
DA:6,6
DA:9,1
DA:10,2
DA:11,4
LF:4
LH:4
end_of_record
SF:C:\dev\github\quantity\lib\src\number\integer.dart
DA:7,116
DA:10,124
DA:13,1
DA:14,1
DA:20,2
DA:21,8
DA:45,113
DA:46,113
DA:48,1
DA:51,61
DA:54,3
DA:55,6
DA:57,27
DA:58,54
DA:60,105
DA:61,210
DA:66,90
DA:68,360
DA:73,8
DA:74,16
DA:76,10
DA:79,15
DA:81,21
DA:82,55
DA:83,11
DA:87,4
DA:88,12
DA:90,14
DA:92,20
DA:93,54
DA:94,10
DA:97,105
DA:99,390
DA:100,274
DA:101,101
DA:105,1
DA:107,4
DA:108,5
DA:109,1
DA:115,1
DA:116,4
DA:117,5
DA:118,1
DA:123,1
DA:124,4
DA:125,5
DA:126,1
DA:131,1
DA:132,4
DA:133,5
DA:134,1
DA:139,1
DA:140,4
DA:141,5
DA:142,1
DA:148,1
DA:149,4
DA:150,5
DA:151,1
DA:156,4
DA:160,21
DA:161,57
DA:163,1
DA:166,2
DA:168,2
DA:170,1
DA:171,1
DA:173,2
DA:175,1
DA:176,1
DA:178,4
DA:179,4
DA:180,4
DA:181,4
DA:184,1
DA:187,2
DA:194,4
DA:195,8
DA:201,2
DA:203,1
DA:204,2
DA:210,2
DA:212,1
DA:213,2
DA:219,2
DA:221,1
DA:222,2
LF:87
LH:87
end_of_record
SF:C:\dev\github\quantity\lib\src\number\imaginary.dart
DA:9,15
DA:10,15
DA:11,37
DA:12,10
DA:17,261
DA:20,2
DA:22,2
DA:23,2
DA:24,2
DA:25,4
DA:28,3
DA:29,2
DA:38,3
DA:42,1
DA:46,2
DA:47,1
DA:48,1
DA:49,8
DA:53,1
DA:58,1
DA:63,1
DA:68,1
DA:71,5
DA:73,20
DA:74,13
DA:75,17
DA:80,3
DA:82,10
DA:83,9
DA:86,1
DA:88,1
DA:89,5
DA:91,1
DA:92,1
DA:93,7
DA:95,3
DA:96,1
DA:97,4
DA:102,5
DA:103,15
DA:105,2
DA:107,2
DA:108,2
DA:109,1
DA:110,2
DA:111,2
DA:114,2
DA:115,3
DA:117,2
DA:118,1
DA:119,5
DA:121,2
DA:122,10
DA:128,3
DA:131,3
DA:132,12
DA:134,3
DA:135,4
DA:137,3
DA:138,12
DA:140,1
DA:142,7
DA:143,3
DA:144,3
DA:145,4
DA:146,3
DA:149,1
DA:152,2
DA:154,6
DA:155,10
DA:156,5
DA:157,1
DA:160,4
DA:161,2
DA:163,7
DA:164,5
DA:165,2
DA:166,2
DA:168,2
DA:171,8
DA:172,2
DA:173,3
DA:174,3
DA:178,2
DA:179,1
DA:180,1
DA:184,1
DA:186,1
DA:187,2
DA:188,1
DA:189,1
DA:191,5
DA:192,1
DA:193,4
DA:195,1
DA:196,5
DA:198,1
DA:202,8
DA:203,2
DA:204,3
DA:205,7
DA:209,2
DA:210,1
DA:211,1
DA:215,1
DA:216,2
DA:224,1
DA:225,2
DA:228,3
DA:231,6
DA:234,2
DA:241,1
DA:243,2
DA:244,3
DA:245,4
DA:246,4
DA:252,1
DA:255,3
DA:256,2
DA:257,2
DA:259,1
DA:262,1
DA:263,1
DA:265,1
DA:266,1
DA:271,1
DA:272,2
DA:273,4
DA:274,4
DA:277,1
DA:281,1
DA:282,1
DA:283,3
DA:286,1
DA:290,1
DA:294,2
DA:297,1
DA:299,4
DA:300,1
DA:304,1
DA:314,3
DA:315,9
DA:317,1
DA:318,2
LF:144
LH:144
end_of_record
SF:C:\dev\github\quantity\lib\src\number\complex.dart
DA:6,12
DA:9,1
DA:12,8
DA:13,8
DA:14,7
DA:15,16
DA:16,16
DA:17,7
DA:18,12
DA:22,2
DA:23,4
DA:24,2
DA:26,4
DA:27,2
DA:37,22
DA:40,8
DA:44,2
DA:45,14
DA:46,14
DA:47,4
DA:48,4
DA:49,2
DA:53,2
DA:56,3
DA:59,2
DA:60,14
DA:63,4
DA:65,2
DA:67,12
DA:69,1
DA:70,3
DA:73,1
DA:74,3
DA:77,1
DA:78,5
DA:81,1
DA:82,2
DA:85,1
DA:86,2
DA:88,1
DA:90,4
DA:91,2
DA:92,4
DA:94,3
DA:95,4
DA:97,5
DA:101,5
DA:103,22
DA:104,28
DA:105,6
DA:106,7
DA:110,1
DA:112,1
DA:113,5
DA:114,6
DA:116,1
DA:117,1
DA:118,7
DA:120,1
DA:121,5
DA:123,1
DA:124,5
DA:128,1
DA:131,1
DA:132,5
DA:134,1
DA:136,1
DA:137,6
DA:138,6
DA:140,1
DA:141,1
DA:142,7
DA:144,1
DA:145,5
DA:147,1
DA:148,5
DA:151,1
DA:154,1
DA:157,1
DA:158,4
DA:159,4
DA:161,1
DA:162,4
DA:163,4
DA:165,1
DA:167,2
DA:168,6
DA:169,4
DA:171,1
DA:173,2
DA:174,4
DA:175,5
DA:176,6
DA:177,4
DA:181,1
DA:184,1
DA:186,1
DA:187,2
DA:188,6
DA:190,1
DA:191,5
DA:192,5
DA:194,1
DA:195,2
DA:196,4
DA:197,5
DA:199,1
DA:201,6
DA:202,2
DA:203,10
DA:205,6
DA:206,5
DA:211,2
DA:212,2
DA:213,3
DA:214,1
DA:215,1
DA:219,1
DA:221,1
DA:222,1
DA:223,2
DA:224,6
DA:226,1
DA:227,2
DA:228,4
DA:229,5
DA:231,1
DA:232,2
DA:233,6
DA:235,1
DA:237,6
DA:238,2
DA:239,8
DA:240,1
DA:241,1
DA:242,8
DA:243,1
DA:248,2
DA:249,2
DA:250,3
DA:251,1
DA:252,1
DA:256,2
DA:266,2
DA:268,2
DA:269,8
DA:270,4
DA:271,8
DA:272,6
DA:273,1
DA:274,4
DA:275,3
DA:276,4
DA:277,3
DA:278,1
DA:281,1
DA:291,1
DA:292,2
DA:297,1
DA:298,2
DA:303,1
DA:304,2
DA:309,1
DA:310,2
DA:315,1
DA:316,1
DA:319,1
DA:320,2
DA:324,2
DA:326,4
DA:327,4
DA:328,4
DA:330,4
DA:334,1
DA:335,2
DA:338,1
DA:339,2
DA:342,1
DA:343,2
DA:346,1
DA:347,2
DA:349,1
DA:352,8
DA:353,8
DA:365,2
DA:367,10
DA:369,1
DA:370,3
DA:371,4
DA:372,6
LF:190
LH:190
end_of_record
SF:C:\dev\github\quantity\lib\src\number\number.dart
DA:16,118
DA:19,3318
DA:30,5
DA:32,17
DA:33,9
DA:34,9
DA:35,6
DA:36,3
DA:37,3
DA:43,1
DA:44,2
DA:45,1
DA:48,2
DA:52,3
DA:55,6
DA:116,2
DA:131,1
DA:132,1
DA:133,3
DA:134,3
DA:135,1
DA:142,47
DA:143,84
DA:144,37
DA:145,37
DA:146,3
DA:147,3
DA:148,3
DA:149,6
DA:150,3
DA:154,8
DA:155,16
DA:156,24
DA:157,30
DA:158,4
DA:159,2
DA:160,2
DA:161,4
DA:162,4
DA:166,8
DA:168,38
DA:169,40
DA:170,23
DA:172,6
DA:173,16
DA:175,10
DA:177,12
DA:178,18
DA:179,6
DA:180,12
DA:181,4
DA:243,61
DA:245,244
DA:246,6
DA:249,2
LF:55
LH:55
end_of_record
SF:C:\dev\github\quantity\lib\src\number\real.dart
DA:6,118
DA:9,3082
DA:12,3
DA:13,6
DA:14,6
DA:15,4
DA:16,3
DA:28,2
DA:30,8
DA:32,68
DA:33,68
DA:35,2
DA:36,4
DA:46,18
DA:48,46
DA:49,21
DA:50,97
DA:51,3
DA:52,21
DA:54,6
DA:58,18
DA:60,46
DA:61,25
DA:62,17
DA:63,85
DA:65,3
DA:66,3
DA:67,24
DA:69,9
DA:73,104
DA:75,104
DA:76,104
DA:77,208
DA:78,406
DA:79,150
DA:81,48
DA:82,46
DA:83,46
DA:84,138
DA:86,6
DA:87,25
DA:90,25
DA:91,25
DA:93,6
DA:94,30
DA:101,70
DA:103,70
DA:104,8
DA:105,8
DA:106,6
DA:108,6
DA:112,14
DA:113,14
DA:114,12
DA:115,14
DA:117,78
DA:118,69
DA:119,68
DA:120,136
DA:121,4
DA:123,4
DA:127,204
DA:128,136
DA:129,132
DA:130,104
DA:132,4
DA:134,10
DA:135,12
DA:136,2
DA:137,6
DA:138,12
DA:140,4
DA:141,7
DA:142,6
DA:143,12
DA:147,2
DA:153,3
DA:155,3
DA:156,12
DA:157,7
DA:158,15
DA:159,1
DA:161,6
DA:162,1
DA:163,4
DA:164,6
DA:166,1
DA:167,6
DA:176,2
DA:178,2
DA:179,12
DA:180,2
DA:181,1
DA:194,19
DA:196,19
DA:197,38
DA:198,76
DA:199,7
DA:201,5
DA:202,2
DA:203,6
DA:204,8
DA:205,2
DA:207,2
DA:209,2
DA:210,6
DA:211,5
DA:212,4
DA:214,2
DA:216,5
DA:217,5
DA:222,31
DA:224,91
DA:225,20
DA:226,44
DA:227,10
DA:228,12
DA:229,1
DA:232,13
DA:233,25
DA:235,9
DA:236,9
DA:238,29
DA:239,29
DA:241,20
DA:242,76
DA:244,2
DA:245,6
DA:247,2
DA:248,6
DA:250,3
DA:251,9
DA:253,4
DA:254,12
DA:256,10
DA:258,20
DA:259,20
DA:260,20
DA:261,6
DA:262,18
DA:265,4
DA:267,4
DA:269,1
DA:270,1
DA:272,8
DA:273,5
DA:274,6
DA:277,15
DA:278,30
LF:149
LH:149
end_of_record
SF:C:\dev\github\quantity\lib\src\number\number_exception.dart
DA:4,124
DA:9,1
DA:10,2
LF:3
LH:3
end_of_record
SF:C:\dev\github\quantity\lib\src\number\precise.dart
DA:34,20
DA:35,20
DA:36,40
DA:37,28
DA:38,20
DA:39,20
DA:41,40
DA:42,54
DA:43,9
DA:44,72
DA:46,40
DA:47,15
DA:49,83
DA:52,60
DA:53,20
DA:56,20
DA:61,1
DA:67,40
DA:68,100
DA:71,20
DA:72,20
DA:78,12
DA:79,24
DA:80,1
DA:82,10
DA:83,24
DA:88,4
DA:89,1
DA:90,6
DA:105,13
DA:107,13
DA:108,13
DA:109,26
DA:110,13
DA:111,3
DA:112,13
DA:113,26
DA:115,1
DA:119,4
DA:121,13
DA:122,13
DA:124,13
DA:125,13
DA:128,46
DA:129,2
DA:134,42
DA:137,3
DA:144,30
DA:151,26
DA:153,13
DA:154,13
DA:155,13
DA:159,7
DA:165,20
DA:166,80
DA:167,12
DA:171,9
DA:172,6
DA:173,9
DA:175,6
DA:178,3
DA:180,6
DA:181,2
DA:182,1
DA:185,3
DA:187,2
DA:188,2
DA:189,2
DA:191,5
DA:194,5
DA:205,1
DA:206,2
DA:207,5
DA:208,4
DA:210,1
DA:215,15
DA:216,30
DA:217,75
DA:218,30
DA:225,12
DA:227,24
DA:230,69
DA:231,33
DA:236,1
DA:237,1
DA:239,8
DA:241,30
DA:242,6
DA:245,9
DA:246,18
DA:252,1
DA:253,2
DA:254,6
DA:255,2
DA:258,4
DA:259,10
DA:262,6
DA:263,12
DA:264,1
DA:265,30
DA:270,13
DA:272,13
DA:274,39
DA:277,39
DA:278,13
DA:279,2
DA:282,13
DA:283,13
DA:286,52
DA:287,13
DA:288,13
DA:289,26
DA:290,13
DA:291,13
DA:294,10
DA:299,16
DA:301,13
DA:302,26
DA:308,8
DA:310,8
DA:312,24
DA:315,24
DA:316,4
DA:317,2
DA:321,28
DA:324,8
DA:325,8
DA:328,32
DA:329,8
DA:330,8
DA:331,16
DA:332,8
DA:333,16
DA:334,8
DA:336,8
DA:341,8
DA:342,16
DA:348,13
DA:350,13
DA:353,39
DA:356,26
DA:358,13
DA:359,13
DA:360,39
DA:364,13
DA:365,65
DA:366,13
DA:367,13
DA:368,13
DA:369,91
DA:370,13
DA:371,26
DA:373,13
DA:374,13
DA:377,8
DA:378,24
DA:381,13
DA:382,8
DA:386,24
DA:387,11
DA:390,26
DA:391,52
DA:392,13
DA:395,26
DA:396,26
DA:397,51
DA:404,6
DA:406,6
DA:409,18
DA:412,12
DA:414,18
DA:416,12
DA:417,6
DA:420,12
DA:423,6
DA:427,12
DA:428,8
DA:431,8
DA:435,12
DA:436,6
DA:437,18
DA:438,6
DA:439,18
DA:441,6
DA:442,18
DA:448,24
DA:449,11
DA:450,12
DA:451,6
DA:452,6
DA:454,12
DA:455,6
DA:456,6
DA:457,6
DA:460,18
DA:466,6
DA:469,7
DA:471,6
DA:474,6
DA:475,12
DA:479,1
DA:480,2
DA:483,1
DA:484,2
DA:487,11
DA:489,17
DA:490,16
DA:491,33
DA:492,11
DA:493,44
DA:494,33
DA:502,7
DA:504,11
DA:505,18
DA:506,12
DA:507,12
DA:511,6
DA:513,6
DA:514,7
DA:515,12
DA:516,7
DA:517,6
DA:518,22
DA:519,6
DA:520,6
DA:521,6
DA:522,6
DA:528,6
DA:529,6
DA:532,8
DA:534,8
DA:535,11
DA:536,16
DA:537,10
DA:538,8
DA:539,31
DA:540,8
DA:541,8
DA:542,8
DA:543,8
DA:549,2
DA:551,4
DA:552,1
DA:553,1
DA:555,2
DA:556,2
DA:557,5
DA:558,3
DA:559,2
DA:561,4
DA:562,2
DA:566,1
DA:567,1
DA:569,3
DA:570,1
DA:571,1
DA:577,1
DA:589,13
DA:590,13
DA:591,39
DA:593,15
DA:594,11
DA:595,7
DA:596,12
DA:598,5
DA:599,10
DA:601,2
DA:605,6
DA:606,6
DA:612,1
DA:613,2
DA:615,17
DA:617,17
DA:618,23
DA:621,85
DA:622,51
DA:625,34
DA:627,6
DA:628,2
DA:630,34
DA:631,70
DA:633,14
DA:634,14
DA:635,56
DA:636,20
DA:638,28
DA:639,14
DA:640,28
DA:642,6
DA:646,17
DA:649,8
DA:651,8
DA:652,8
DA:653,8
DA:658,1
DA:660,1
DA:661,1
DA:662,3
DA:665,1
DA:667,2
DA:668,2
DA:672,1
DA:674,1
DA:675,1
DA:676,3
DA:679,1
DA:680,2
DA:682,1
DA:683,3
DA:688,1
DA:690,1
DA:691,2
DA:692,3
DA:693,1
DA:695,1
DA:696,4
DA:697,1
DA:699,3
DA:700,2
DA:701,1
DA:704,3
DA:705,2
DA:709,2
DA:711,7
DA:712,10
DA:713,8
DA:714,5
DA:715,6
DA:720,30
DA:721,45
DA:722,90
DA:723,75
DA:727,20
DA:728,60
DA:729,57
DA:730,70
DA:731,24
DA:741,2
DA:742,4
DA:743,2
DA:745,4
DA:749,1
DA:750,2
DA:751,1
DA:753,4
DA:757,3
DA:760,6
DA:763,3
DA:766,3
DA:769,3
DA:772,3
DA:775,3
DA:778,3
DA:781,3
DA:784,3
DA:787,3
DA:788,11
DA:791,60
DA:796,1
DA:798,6
DA:799,4
DA:800,5
DA:804,1
DA:805,2
DA:808,4
DA:812,4
DA:815,4
DA:818,4
DA:821,6
DA:823,1
DA:824,2
LF:371
LH:371
end_of_record
SF:C:\dev\github\quantity\lib\src\number\util\converters.dart
DA:17,109
DA:18,213
DA:19,86
DA:20,4
DA:21,1
DA:27,104
DA:28,105
DA:29,410
DA:30,96
DA:34,1
DA:35,2
DA:36,1
DA:37,1
DA:38,3
DA:39,2
DA:40,1
LF:16
LH:16
end_of_record
SF:C:\dev\github\quantity\lib\src\number\util\erf.dart
DA:9,1
DA:10,1
DA:11,3
DA:14,1
DA:15,4
DA:16,1
DA:17,1
DA:18,1
DA:19,1
DA:20,1
DA:21,1
DA:22,1
DA:23,1
DA:24,2
DA:25,1
DA:26,1
DA:27,1
DA:28,2
DA:29,1
DA:30,1
DA:31,1
DA:32,2
DA:33,1
DA:35,2
DA:36,1
LF:25
LH:25
end_of_record
SF:C:\dev\github\quantity\lib\src\number\util\jenkins_hash.dart
DA:2,8
DA:4,16
DA:5,24
DA:6,32
DA:7,16
DA:9,32
DA:10,16
DA:11,32
LF:8
LH:8
end_of_record
SF:C:\dev\github\quantity\lib\src\ext\acceleration_ext.dart
DA:6,2
DA:7,1
DA:10,2
DA:11,3
DA:14,2
DA:15,3
DA:19,4
DA:20,2
DA:23,3
DA:26,2
DA:27,1
DA:30,3
LF:12
LH:12
end_of_record
SF:C:\dev\github\quantity\lib\src\ext\amount_of_substance_ext.dart
DA:6,3
DA:9,6
LF:2
LH:2
end_of_record
SF:C:\dev\github\quantity\lib\src\ext\angle_ext.dart
DA:7,4
DA:12,3
DA:15,3
DA:18,2
DA:21,2
DA:26,2
DA:30,2
DA:33,2
DA:43,6
DA:46,6
DA:49,3
DA:52,3
DA:57,6
DA:58,2
DA:61,3
DA:64,3
DA:67,3
DA:68,1
DA:71,4
DA:72,2
DA:75,3
DA:78,3
DA:81,3
DA:85,3
DA:86,1
DA:89,2
DA:90,1
DA:93,3
DA:97,3
DA:101,3
DA:107,9
DA:110,3
DA:113,3
DA:116,3
DA:119,6
DA:122,6
DA:125,6
DA:128,9
DA:131,3
DA:134,3
DA:145,4
DA:148,4
DA:157,4
DA:160,4
DA:172,4
DA:178,4
DA:183,1
DA:185,4
DA:186,4
DA:187,3
DA:188,2
LF:51
LH:51
end_of_record
SF:C:\dev\github\quantity\lib\src\ext\angular_momentum_ext.dart
DA:5,3
DA:8,2
DA:9,1
DA:12,3
LF:4
LH:4
end_of_record
SF:C:\dev\github\quantity\lib\src\ext\angular_speed_ext.dart
DA:6,3
DA:9,3
DA:12,2
DA:13,3
DA:16,3
LF:5
LH:5
end_of_record
SF:C:\dev\github\quantity\lib\src\ext\area_ext.dart
DA:6,3
DA:10,3
DA:14,6
DA:18,3
DA:21,4
DA:22,2
DA:26,3
DA:30,4
DA:33,4
DA:36,4
DA:39,4
DA:42,4
DA:45,3
DA:49,4
DA:52,4
DA:57,3
DA:60,3
DA:63,3
LF:18
LH:18
end_of_record
SF:C:\dev\github\quantity\lib\src\ext\capacitance_ext.dart
DA:4,3
DA:7,3
DA:11,3
DA:17,4
DA:20,3
LF:5
LH:5
end_of_record
SF:C:\dev\github\quantity\lib\src\ext\charge_ext.dart
DA:7,3
DA:10,2
DA:11,3
DA:14,3
DA:18,3
DA:27,3
DA:36,3
DA:42,4
LF:8
LH:8
end_of_record
SF:C:\dev\github\quantity\lib\src\ext\conductance_ext.dart
DA:5,3
DA:11,3
DA:14,4
LF:3
LH:3
end_of_record
SF:C:\dev\github\quantity\lib\src\ext\current_ext.dart
DA:4,3
DA:7,2
DA:8,1
DA:11,3
DA:15,3
DA:21,3
LF:6
LH:6
end_of_record
SF:C:\dev\github\quantity\lib\src\ext\electric_potential_difference_ext.dart
DA:4,3
DA:9,3
DA:16,3
DA:22,3
DA:25,3
LF:5
LH:5
end_of_record
SF:C:\dev\github\quantity\lib\src\ext\energy_ext.dart
DA:7,3
DA:10,6
DA:13,3
DA:17,3
DA:21,3
DA:25,3
DA:29,3
DA:33,3
DA:37,3
DA:41,6
DA:50,3
DA:54,3
DA:58,3
DA:67,3
DA:76,3
DA:85,2
DA:86,1
DA:89,3
DA:93,3
DA:97,2
DA:98,3
DA:101,2
DA:102,1
DA:105,3
DA:109,5
DA:112,5
DA:117,4
DA:120,3
LF:28
LH:28
end_of_record
SF:C:\dev\github\quantity\lib\src\ext\energy_flux_ext.dart
DA:4,3
DA:7,2
DA:8,1
LF:3
LH:3
end_of_record
SF:C:\dev\github\quantity\lib\src\ext\entropy_ext.dart
DA:7,3
DA:10,3
DA:13,4
DA:14,2
DA:17,2
DA:18,1
DA:21,2
DA:22,3
LF:8
LH:8
end_of_record
SF:C:\dev\github\quantity\lib\src\ext\force_ext.dart
DA:4,3
DA:7,3
DA:10,3
DA:14,2
DA:15,1
DA:18,3
DA:22,3
DA:31,3
DA:37,3
LF:9
LH:9
end_of_record
SF:C:\dev\github\quantity\lib\src\ext\illuminance_ext.dart
DA:4,6
DA:7,3
DA:11,2
DA:12,1
LF:4
LH:4
end_of_record
SF:C:\dev\github\quantity\lib\src\ext\inductance_ext.dart
DA:4,3
DA:7,3
DA:18,4
DA:21,3
LF:4
LH:4
end_of_record
SF:C:\dev\github\quantity\lib\src\ext\information_ext.dart
DA:4,6
DA:7,6
DA:11,8
DA:15,8
DA:19,8
DA:23,8
DA:27,4
DA:31,4
LF:8
LH:8
end_of_record
SF:C:\dev\github\quantity\lib\src\ext\kinematic_viscosity_ext.dart
DA:6,2
DA:7,1
DA:10,4
DA:11,2
DA:14,6
DA:18,2
DA:19,3
LF:7
LH:7
end_of_record
SF:C:\dev\github\quantity\lib\src\ext\length_ext.dart
DA:7,4
DA:10,4
DA:13,4
DA:16,4
DA:19,4
DA:22,4
DA:25,4
DA:28,8
DA:31,4
DA:34,4
DA:37,6
DA:40,4
DA:43,8
DA:46,3
DA:49,4
DA:52,3
DA:55,4
DA:58,4
DA:61,4
DA:64,4
DA:67,4
DA:70,6
DA:73,2
DA:74,1
DA:77,2
DA:78,1
DA:81,2
DA:82,1
DA:85,3
DA:89,3
DA:93,2
DA:94,1
DA:97,2
DA:98,1
DA:101,10
DA:102,5
DA:105,3
DA:109,3
DA:113,2
DA:114,1
DA:117,10
DA:118,5
DA:121,3
DA:130,3
DA:134,3
DA:143,4
DA:144,2
DA:147,3
DA:151,3
DA:155,4
DA:158,2
DA:159,1
DA:162,10
DA:163,5
DA:166,3
DA:170,2
DA:171,1
DA:174,4
DA:175,2
DA:178,2
DA:179,1
DA:182,2
DA:183,1
DA:186,2
DA:187,1
DA:190,2
DA:191,1
DA:194,2
DA:195,1
DA:198,2
DA:199,1
DA:202,2
DA:203,1
DA:206,4
DA:207,2
DA:210,4
DA:211,2
DA:214,3
LF:78
LH:78
end_of_record
SF:C:\dev\github\quantity\lib\src\ext\luminous_intensity_ext.dart
DA:6,6
LF:1
LH:1
end_of_record
SF:C:\dev\github\quantity\lib\src\ext\magnetic_flux_density_ext.dart
DA:4,3
DA:7,2
DA:8,1
DA:11,3
DA:15,3
DA:26,2
DA:27,2
LF:7
LH:7
end_of_record
SF:C:\dev\github\quantity\lib\src\ext\magnetic_flux_ext.dart
DA:5,3
DA:8,3
DA:12,3
LF:3
LH:3
end_of_record
SF:C:\dev\github\quantity\lib\src\ext\mass_density_ext.dart
DA:6,3
DA:9,2
DA:10,3
DA:13,2
DA:14,3
DA:17,2
DA:18,3
DA:21,2
DA:22,3
LF:9
LH:9
end_of_record
SF:C:\dev\github\quantity\lib\src\ext\mass_ext.dart
DA:7,3
DA:10,3
DA:13,4
DA:18,3
DA:21,3
DA:24,3
DA:29,4
DA:32,3
DA:35,3
DA:38,6
DA:43,3
DA:47,3
DA:51,3
DA:55,2
DA:56,1
DA:59,3
DA:68,3
DA:77,3
DA:86,3
DA:95,3
DA:104,15
DA:113,3
DA:122,2
DA:123,1
DA:126,2
DA:127,1
DA:130,2
DA:131,1
DA:134,3
DA:138,3
DA:142,3
DA:146,3
LF:32
LH:32
end_of_record
SF:C:\dev\github\quantity\lib\src\ext\mutable\mutable_quantity.dart
DA:14,3
DA:28,1
DA:37,1
DA:40,1
DA:41,1
DA:42,1
DA:43,1
DA:44,1
DA:45,4
DA:48,1
DA:49,1
DA:51,1
DA:52,2
DA:53,2
DA:54,2
DA:55,3
DA:60,1
DA:61,1
DA:63,1
DA:64,2
DA:65,2
DA:66,1
DA:69,1
DA:71,3
DA:78,1
DA:79,1
DA:90,1
DA:91,2
DA:92,2
DA:93,1
DA:94,3
DA:101,1
DA:102,1
DA:104,1
DA:105,2
DA:106,1
DA:107,1
DA:108,3
DA:116,3
DA:120,1
DA:121,1
DA:124,1
DA:125,2
DA:126,3
DA:131,3
DA:132,6
DA:134,1
DA:135,2
DA:146,1
DA:147,2
DA:152,2
DA:153,3
DA:156,2
DA:157,3
DA:159,3
DA:164,1
DA:165,2
DA:167,2
DA:169,3
DA:170,3
DA:171,3
DA:172,2
DA:173,2
DA:174,2
DA:175,3
DA:181,1
DA:182,2
DA:184,1
DA:185,2
DA:197,1
DA:198,2
DA:199,3
DA:200,1
DA:205,1
DA:206,3
DA:207,3
DA:213,1
DA:214,2
DA:217,4
DA:218,2
DA:220,1
DA:226,1
DA:228,2
DA:229,2
DA:230,3
DA:234,1
DA:235,2
DA:237,1
DA:239,2
DA:241,1
DA:242,2
DA:247,1
DA:248,1
DA:250,1
DA:251,3
DA:254,1
DA:255,2
DA:256,3
DA:257,3
DA:260,3
DA:262,3
DA:265,1
DA:266,2
DA:268,1
DA:273,2
DA:278,1
DA:279,2
DA:281,1
DA:282,2
DA:284,1
DA:285,2
DA:288,1
DA:290,2
DA:291,3
DA:292,3
DA:296,1
DA:297,2
DA:299,1
DA:300,2
DA:302,1
DA:303,2
DA:305,1
DA:306,2
DA:308,1
DA:309,3
DA:311,1
DA:312,3
DA:314,1
DA:315,3
DA:317,1
DA:318,3
DA:320,1
DA:321,2
DA:329,1
DA:330,2
DA:338,1
DA:339,2
DA:342,1
DA:343,2
LF:139
LH:139
end_of_record
SF:C:\dev\github\quantity\lib\src\ext\permeability_ext.dart
DA:5,3
DA:8,2
DA:9,1
LF:3
LH:3
end_of_record
SF:C:\dev\github\quantity\lib\src\ext\permittivity_ext.dart
DA:5,3
LF:1
LH:1
end_of_record
SF:C:\dev\github\quantity\lib\src\ext\power_ext.dart
DA:7,6
DA:10,5
DA:13,5
DA:16,2
DA:17,3
DA:20,5
DA:23,3
DA:27,6
DA:36,3
DA:45,3
DA:54,3
DA:63,3
DA:72,3
DA:78,3
LF:14
LH:14
end_of_record
SF:C:\dev\github\quantity\lib\src\ext\pressure_ext.dart
DA:6,3
DA:9,3
DA:12,3
DA:16,3
DA:20,2
DA:21,1
DA:24,3
DA:33,3
DA:42,3
DA:51,3
DA:60,3
DA:69,2
DA:70,3
DA:73,2
DA:74,1
DA:78,3
DA:88,3
DA:99,3
DA:102,4
LF:19
LH:19
end_of_record
SF:C:\dev\github\quantity\lib\src\ext\resistance_ext.dart
DA:5,3
LF:1
LH:1
end_of_record
SF:C:\dev\github\quantity\lib\src\ext\scalar_ext.dart
DA:6,3
DA:9,3
DA:12,3
DA:16,3
DA:20,3
DA:24,3
DA:28,3
DA:32,2
DA:33,1
DA:36,2
DA:37,1
DA:40,3
DA:44,2
DA:45,1
DA:48,3
DA:52,2
DA:53,1
DA:56,2
DA:57,1
DA:60,2
DA:61,1
DA:64,2
DA:65,1
DA:68,3
DA:72,2
DA:73,1
DA:76,2
DA:77,1
DA:80,2
DA:81,1
DA:84,2
DA:85,1
DA:88,3
DA:92,3
DA:96,3
DA:100,3
DA:104,3
DA:108,3
DA:112,3
DA:116,3
DA:120,2
DA:121,1
DA:126,3
DA:130,3
DA:134,3
DA:143,3
DA:152,3
DA:156,3
DA:160,3
DA:164,3
DA:168,3
DA:205,2
DA:206,4
LF:53
LH:53
end_of_record
SF:C:\dev\github\quantity\lib\src\ext\solid_angle_ext.dart
DA:9,3
DA:12,2
DA:13,2
DA:18,2
DA:19,1
DA:22,2
DA:23,2
DA:26,3
DA:27,1
DA:30,2
DA:31,2
DA:34,3
DA:37,2
DA:38,2
DA:41,2
DA:42,2
DA:45,2
DA:46,2
LF:18
LH:18
end_of_record
SF:C:\dev\github\quantity\lib\src\ext\specific_energy_ext.dart
DA:7,3
DA:10,2
DA:11,3
DA:14,2
DA:15,2
LF:5
LH:5
end_of_record
SF:C:\dev\github\quantity\lib\src\ext\spectral_irradiance_ext.dart
DA:4,6
DA:5,3
DA:8,3
LF:3
LH:3
end_of_record
SF:C:\dev\github\quantity\lib\src\ext\speed_ext.dart
DA:7,3
DA:10,3
DA:14,5
DA:17,5
DA:20,5
DA:23,5
DA:26,10
DA:29,25
DA:32,5
DA:35,5
DA:38,3
LF:11
LH:11
end_of_record
SF:C:\dev\github\quantity\lib\src\ext\temperature_ext.dart
DA:6,3
DA:10,3
DA:13,3
DA:20,9
DA:21,6
DA:25,6
DA:29,6
DA:39,6
DA:42,6
DA:52,6
LF:10
LH:10
end_of_record
SF:C:\dev\github\quantity\lib\src\ext\time_ext.dart
DA:7,4
DA:10,4
DA:13,4
DA:16,4
DA:19,4
DA:22,4
DA:25,4
DA:28,4
DA:31,4
DA:34,4
DA:37,3
DA:40,4
DA:43,4
DA:46,3
DA:49,3
DA:52,3
DA:55,4
DA:58,4
DA:61,4
DA:64,4
DA:67,4
DA:70,3
DA:73,15
DA:76,3
DA:79,3
DA:82,15
DA:85,3
DA:92,3
DA:96,3
DA:100,3
DA:104,3
DA:108,2
DA:109,1
DA:112,6
DA:116,6
DA:122,6
DA:126,2
DA:127,1
DA:130,3
LF:39
LH:39
end_of_record
SF:C:\dev\github\quantity\lib\src\ext\time_instant_ext.dart
DA:8,6
DA:12,3
DA:16,3
DA:20,3
DA:21,1
DA:25,3
DA:31,3
DA:35,6
DA:42,3
DA:43,1
DA:45,1
DA:46,1
DA:47,1
DA:48,1
DA:50,5
DA:51,1
DA:53,1
DA:54,1
DA:55,1
DA:56,1
DA:58,1
DA:59,1
DA:60,2
DA:61,5
DA:68,3
DA:75,2
DA:78,1
DA:79,1
DA:80,1
DA:81,1
DA:83,6
DA:84,9
DA:85,1
DA:89,1
DA:90,1
DA:91,1
DA:92,1
DA:102,3
DA:103,1
DA:105,3
DA:107,5
DA:110,1
DA:113,1
DA:116,3
DA:117,1
DA:121,1
DA:128,3
DA:134,3
DA:139,1
DA:141,2
DA:142,1
DA:143,1
DA:144,1
DA:145,1
DA:147,2
DA:148,3
DA:149,1
DA:150,1
DA:151,1
DA:152,1
DA:153,1
DA:162,3
DA:163,1
DA:165,3
DA:167,5
DA:170,1
DA:173,1
DA:176,3
DA:177,1
DA:181,1
DA:188,3
DA:189,1
DA:190,1
DA:191,1
DA:192,1
DA:193,1
DA:195,5
DA:196,1
DA:197,1
DA:198,1
DA:199,1
DA:200,1
DA:209,4
DA:211,2
DA:212,2
DA:213,1
DA:217,1
DA:226,3
DA:227,1
DA:229,2
DA:232,5
DA:233,1
DA:234,4
DA:235,4
DA:236,4
DA:237,3
DA:238,1
DA:239,1
DA:240,1
DA:241,1
DA:242,1
DA:246,1
DA:247,3
DA:248,1
DA:249,5
DA:250,4
DA:251,4
DA:252,3
DA:254,2
DA:261,3
DA:262,1
DA:268,3
DA:275,1
DA:281,3
DA:282,2
DA:283,3
DA:284,1
DA:288,4
DA:290,3
DA:291,1
DA:292,1
DA:293,1
DA:294,1
DA:295,1
DA:299,1
DA:302,1
DA:303,6
DA:305,2
DA:312,3
DA:319,2
DA:320,2
DA:321,1
DA:322,1
DA:323,1
DA:324,1
DA:325,1
DA:326,1
DA:328,1
DA:329,2
DA:336,3
DA:337,2
DA:338,1
DA:339,1
DA:340,1
DA:341,1
DA:345,3
DA:346,3
DA:347,1
DA:348,2
DA:351,2
DA:353,3
DA:354,1
DA:358,3
DA:360,3
DA:361,1
DA:362,1
DA:363,1
DA:364,1
DA:365,1
DA:369,1
DA:372,1
DA:375,4
DA:376,4
DA:377,1
DA:378,2
DA:381,2
DA:384,1
DA:385,4
DA:386,2
DA:393,3
DA:400,2
DA:401,2
DA:402,1
DA:403,1
DA:404,1
DA:405,1
DA:406,1
DA:407,1
DA:409,1
DA:410,2
DA:417,6
DA:424,2
DA:425,6
DA:426,1
DA:427,1
DA:428,1
DA:429,1
DA:433,1
DA:435,3
DA:442,3
DA:449,2
DA:451,2
DA:452,1
DA:453,1
DA:454,1
DA:455,1
DA:456,1
DA:457,1
DA:459,1
DA:460,2
DA:467,3
DA:468,2
DA:469,1
DA:470,1
DA:471,1
DA:472,1
DA:474,4
DA:475,1
DA:476,1
DA:477,1
DA:478,1
DA:479,1
DA:481,1
DA:482,3
DA:489,3
DA:496,2
DA:498,2
DA:499,1
DA:500,1
DA:501,1
DA:502,1
DA:503,1
DA:504,1
DA:506,1
DA:507,2
DA:514,3
DA:515,2
DA:516,1
DA:517,1
DA:518,1
DA:519,1
DA:521,4
DA:522,1
DA:523,1
DA:524,1
DA:525,1
DA:526,1
DA:528,1
DA:529,3
DA:536,3
DA:543,2
DA:545,2
DA:546,1
DA:547,1
DA:548,1
DA:549,1
DA:550,1
DA:551,1
DA:553,1
DA:554,2
DA:561,3
DA:568,1
DA:569,6
DA:570,1
DA:571,1
DA:572,1
DA:573,1
DA:575,1
DA:576,3
DA:583,3
DA:590,2
DA:591,2
DA:592,1
DA:593,1
DA:594,1
DA:595,1
DA:596,1
DA:597,1
DA:599,1
DA:600,2
DA:606,3
DA:607,1
DA:608,3
DA:609,4
DA:610,1
DA:611,1
DA:612,1
DA:613,1
DA:614,1
DA:616,3
DA:617,2
DA:624,3
DA:625,2
DA:626,2
DA:627,1
DA:628,1
DA:629,1
DA:630,1
DA:631,1
DA:632,1
DA:634,1
DA:635,2
DA:646,2
DA:647,2
LF:294
LH:294
end_of_record
SF:C:\dev\github\quantity\lib\src\ext\volume_ext.dart
DA:5,3
DA:8,3
DA:11,3
DA:15,3
DA:24,3
DA:28,3
DA:32,3
DA:36,3
DA:39,2
DA:40,1
DA:43,3
DA:47,3
DA:51,3
DA:55,4
DA:58,6
DA:67,3
DA:76,3
DA:80,3
DA:84,3
DA:88,3
DA:92,4
DA:95,4
DA:98,2
DA:99,1
DA:102,3
DA:106,3
DA:110,3
DA:114,3
DA:123,3
DA:127,3
DA:131,3
DA:135,4
DA:138,4
DA:143,3
LF:34
LH:34
end_of_record
SF:C:\dev\github\quantity\lib\src\ext\volume_flow_rate_ext.dart
DA:6,3
DA:9,3
DA:12,3
DA:15,2
DA:16,3
DA:19,3
DA:22,3
LF:7
LH:7
end_of_record
SF:C:\dev\github\quantity\lib\src\ext\fluent_extensions.dart
DA:14,2
DA:15,3
DA:16,3
DA:17,2
DA:18,6
DA:19,3
DA:20,3
DA:21,3
DA:24,4
DA:25,2
DA:26,3
DA:27,2
DA:28,2
DA:29,2
DA:30,2
DA:33,2
DA:34,2
DA:35,3
DA:38,2
DA:39,2
DA:40,3
DA:43,4
DA:44,2
DA:45,3
DA:48,2
DA:49,2
DA:50,3
DA:53,2
DA:54,3
DA:55,3
DA:58,1
DA:59,1
DA:62,2
DA:63,2
DA:66,2
DA:67,3
DA:70,2
DA:71,2
DA:72,3
DA:75,4
DA:76,4
DA:77,4
DA:80,4
DA:81,4
DA:82,4
DA:88,2
DA:89,3
DA:90,3
DA:91,2
DA:92,3
DA:93,3
DA:94,3
DA:95,3
DA:98,2
DA:99,2
DA:100,3
DA:101,2
DA:102,2
DA:103,2
DA:104,2
DA:107,2
DA:108,2
DA:109,3
DA:112,2
DA:113,2
DA:114,3
DA:117,2
DA:118,2
DA:119,3
DA:122,2
DA:123,2
DA:124,3
DA:127,2
DA:128,3
DA:129,3
DA:132,1
DA:133,1
DA:136,2
DA:137,2
DA:140,2
DA:141,3
DA:144,2
DA:145,2
DA:146,3
DA:149,2
DA:150,2
DA:151,2
DA:154,2
DA:155,2
DA:156,2
DA:161,4
DA:162,4
DA:163,4
DA:164,4
DA:165,4
DA:166,4
DA:167,4
DA:168,4
DA:173,4
DA:174,4
DA:175,4
DA:176,4
DA:177,4
DA:178,4
DA:179,4
DA:184,4
DA:185,4
DA:186,4
DA:191,4
DA:192,4
DA:193,4
DA:198,8
DA:199,4
DA:200,4
DA:205,4
DA:206,4
DA:207,4
DA:212,1
DA:213,3
DA:214,1
DA:215,3
DA:216,4
DA:221,1
DA:222,3
DA:227,4
DA:228,4
DA:233,4
DA:234,4
DA:239,4
DA:240,4
DA:241,4
DA:246,12
DA:251,2
DA:252,6
DA:253,12
DA:258,12
DA:263,12
DA:264,8
LF:138
LH:138
end_of_record
SF:C:\dev\github\quantity\lib\range\angle_range.dart
DA:10,2
DA:13,2
DA:14,6
DA:17,2
DA:18,6
DA:21,4
DA:24,4
DA:27,8
DA:33,8
DA:39,4
DA:43,1
DA:44,1
DA:45,2
DA:50,1
DA:51,6
DA:57,16
DA:64,2
DA:65,2
DA:68,2
DA:69,4
DA:70,4
DA:71,2
DA:73,3
DA:74,3
DA:76,4
DA:79,2
DA:80,4
DA:81,4
DA:82,2
DA:84,3
DA:85,3
DA:87,4
DA:90,4
DA:91,4
DA:92,2
DA:106,1
DA:107,1
DA:108,1
DA:110,1
DA:115,3
DA:116,2
DA:117,2
DA:120,3
DA:121,2
DA:122,1
DA:123,1
DA:126,1
DA:134,2
DA:135,6
DA:136,8
DA:139,2
DA:141,6
DA:143,4
DA:144,4
DA:145,4
DA:146,4
DA:148,8
DA:149,6
DA:151,4
DA:155,4
DA:156,4
DA:157,4
DA:158,4
DA:160,3
DA:161,5
DA:163,2
DA:179,2
DA:181,8
DA:184,2
DA:185,4
DA:186,2
DA:197,2
DA:199,2
DA:201,2
DA:207,2
DA:209,6
DA:210,2
DA:215,4
DA:217,14
DA:219,14
DA:220,2
DA:222,14
DA:224,14
DA:225,2
DA:226,2
DA:227,2
DA:230,2
DA:231,2
DA:238,7
DA:240,7
DA:241,1
DA:242,1
DA:243,1
LF:93
LH:93
end_of_record
SF:C:\dev\github\quantity\lib\range\quantity_range.dart
DA:5,1
DA:7,1
DA:8,1
DA:9,3
DA:11,1
DA:12,3
DA:19,5
DA:34,27
DA:37,26
DA:40,6
DA:44,6
DA:47,4
DA:51,2
DA:52,6
DA:53,3
DA:55,6
DA:61,2
DA:62,8
DA:63,2
DA:64,8
DA:65,8
DA:68,10
DA:69,10
DA:72,10
DA:73,10
DA:77,10
DA:78,10
DA:79,10
DA:80,5
DA:87,1
DA:88,6
DA:91,1
DA:92,3
DA:95,3
DA:97,3
DA:98,18
DA:102,3
DA:103,12
LF:38
LH:38
end_of_record
SF:C:\dev\github\quantity\lib\range\time_period.dart
DA:7,2
DA:19,2
DA:21,10
DA:22,8
DA:26,2
DA:27,10
DA:34,2
DA:36,6
DA:37,6
DA:41,2
DA:42,4
DA:47,2
DA:48,2
DA:49,2
DA:50,1
LF:15
LH:15
end_of_record
SF:C:\dev\github\quantity\lib\src\si\dimensions.dart
DA:32,5
DA:33,5
DA:37,9889
DA:41,15
DA:42,15
DA:51,10
DA:52,20
DA:53,1
DA:56,3
DA:57,3
DA:58,6
DA:59,3
DA:60,3
DA:63,3
DA:67,21
DA:111,112
DA:113,112
DA:117,777
DA:122,333
DA:123,222
DA:124,555
DA:134,109
DA:136,218
DA:138,109
DA:139,109
DA:140,437
DA:144,109
DA:145,327
DA:146,327
DA:147,327
DA:148,327
DA:149,327
DA:150,327
DA:151,327
DA:152,327
DA:153,327
DA:155,218
DA:164,2
DA:166,2
DA:168,5
DA:171,5
DA:174,3
DA:175,2
DA:176,5
DA:179,5
DA:182,5
DA:185,5
DA:198,60
DA:207,3
DA:208,6
DA:209,6
DA:210,6
DA:211,6
DA:212,6
DA:213,6
DA:214,6
DA:219,327
DA:227,14
DA:229,42
DA:232,9
DA:238,27
DA:239,18
DA:241,32
DA:242,9
DA:244,9
DA:245,16
DA:247,10
DA:261,4
DA:263,8
DA:266,4
DA:272,12
DA:273,8
DA:274,8
DA:276,16
DA:278,2
DA:279,2
DA:280,4
DA:282,4
DA:297,11
DA:298,11
DA:299,29
DA:300,14
DA:301,21
DA:304,11
DA:311,4
DA:312,5
DA:313,4
DA:316,4
DA:318,4
DA:320,12
DA:321,8
DA:322,4
DA:323,12
DA:325,1
DA:330,12
DA:336,30
DA:350,10
DA:353,20
DA:354,10
DA:356,20
DA:360,10
DA:362,20
DA:372,17
DA:375,33
DA:376,1
DA:380,27
DA:381,17
DA:382,17
DA:393,4
DA:399,5
DA:401,10
DA:403,15
DA:405,1
DA:409,20
DA:412,5
DA:413,5
DA:417,4
DA:418,4
DA:419,4
DA:420,4
DA:421,12
DA:422,4
DA:423,4
DA:424,4
DA:425,3
DA:426,9
DA:429,6
DA:430,4
DA:432,9
DA:433,3
LF:130
LH:130
end_of_record
SF:C:\dev\github\quantity\lib\src\si\dimensions_exception.dart
DA:7,11
LF:1
LH:1
end_of_record
SF:C:\dev\github\quantity\lib\src\si\engineering_format_si.dart
DA:8,1
DA:11,1
DA:13,2
DA:14,1
DA:16,1
DA:18,1
DA:19,1
DA:20,1
DA:23,1
DA:24,2
DA:26,1
DA:27,3
DA:28,1
DA:29,4
DA:35,2
DA:38,5
DA:40,3
DA:41,5
DA:43,2
DA:45,7
DA:46,2
DA:48,2
DA:49,1
DA:50,1
DA:51,3
DA:52,1
DA:55,1
DA:56,5
DA:57,5
DA:58,2
DA:61,1
DA:64,1
DA:67,1
DA:68,1
DA:69,1
DA:70,2
LF:36
LH:36
end_of_record
SF:C:\dev\github\quantity\lib\src\si\immutable_quantity_exception.dart
DA:8,1
DA:11,2
LF:2
LH:2
end_of_record
SF:C:\dev\github\quantity\lib\src\si\misc_quantity.dart
DA:23,8
DA:27,8
DA:30,128
DA:32,1
DA:41,1
DA:42,3
DA:43,1
DA:46,1
DA:50,1
DA:51,4
LF:10
LH:10
end_of_record
SF:C:\dev\github\quantity\lib\src\si\number_format_si.dart
DA:33,22
DA:43,22
DA:47,22
DA:48,4
DA:50,22
DA:52,1
DA:53,1
DA:55,22
DA:56,40
DA:57,15
DA:58,30
DA:59,3
DA:60,6
DA:61,3
DA:62,12
DA:63,9
DA:64,6
DA:65,9
DA:67,12
DA:68,12
DA:69,9
DA:70,12
DA:73,1
DA:74,1
DA:78,66
DA:79,28
DA:81,22
DA:82,88
DA:83,25
DA:84,3
DA:85,6
DA:86,2
DA:87,2
DA:89,3
DA:92,3
DA:93,3
DA:94,6
DA:96,3
DA:97,3
DA:100,4
DA:101,2
DA:102,4
DA:106,22
DA:111,20
DA:114,22
DA:115,22
DA:116,66
DA:117,66
DA:118,66
DA:123,22
DA:124,22
DA:127,22
DA:128,50
DA:130,22
DA:131,62
DA:132,86
DA:134,22
DA:137,22
DA:139,8
DA:140,6
DA:141,9
DA:142,9
DA:143,9
DA:144,9
DA:145,9
DA:146,3
DA:149,44
DA:150,26
DA:152,18
DA:157,44
DA:158,14
DA:159,14
DA:161,44
DA:163,11
DA:165,22
DA:166,44
DA:167,44
DA:168,11
DA:171,21
DA:175,56
DA:177,22
DA:182,4
DA:183,8
DA:184,4
DA:185,8
DA:186,8
DA:188,22
DA:189,4
DA:190,17
DA:192,11
DA:193,12
DA:195,8
DA:196,8
DA:197,4
DA:200,3
DA:203,3
DA:204,3
DA:205,3
DA:206,3
DA:207,6
DA:208,3
DA:209,3
DA:214,3
DA:215,9
DA:217,1
DA:218,3
DA:221,3
DA:223,1
DA:224,2
DA:226,1
DA:228,2
DA:231,1
DA:232,2
DA:234,1
DA:236,2
DA:239,1
DA:240,2
DA:242,1
DA:244,2
DA:247,1
DA:248,2
DA:250,1
DA:252,2
DA:255,1
DA:256,2
DA:258,1
DA:260,2
DA:263,1
DA:265,2
DA:267,1
DA:269,2
DA:272,1
DA:273,2
DA:275,1
DA:277,2
DA:280,1
DA:281,2
DA:283,1
DA:285,2
DA:288,1
DA:289,2
DA:291,1
DA:293,2
DA:296,1
DA:298,2
DA:300,1
DA:302,2
DA:305,1
DA:306,2
DA:308,1
DA:309,2
DA:311,1
DA:312,2
DA:314,1
DA:315,2
DA:317,1
DA:318,2
DA:320,1
DA:321,2
DA:323,1
DA:324,2
DA:326,1
DA:327,2
DA:329,1
DA:330,2
DA:332,1
DA:334,2
DA:336,1
DA:337,2
DA:339,1
DA:341,1
DA:342,2
DA:345,1
DA:349,3
DA:351,1
DA:355,3
LF:176
LH:176
end_of_record
SF:C:\dev\github\quantity\lib\src\si\quantity.dart
DA:76,102
DA:78,103
DA:79,102
DA:80,102
DA:85,2338
DA:89,109
DA:91,109
DA:97,3
DA:98,3
DA:99,3
DA:100,3
DA:101,3
DA:102,3
DA:103,6
DA:105,3
DA:106,1
DA:109,3
DA:111,2
DA:115,1
DA:120,6
DA:123,3
DA:124,3
DA:127,1
DA:129,1
DA:133,1
DA:170,3
DA:201,3
DA:209,48
DA:218,3
DA:228,174
DA:243,3
DA:244,21
DA:255,3
DA:256,18
DA:267,2
DA:268,4
DA:271,2
DA:273,2
DA:278,1
DA:280,1
DA:281,1
DA:282,3
DA:283,2
DA:284,3
DA:288,1
DA:289,1
DA:290,1
DA:292,1
DA:295,1
DA:304,6
DA:305,12
DA:306,8
DA:307,16
DA:320,12
DA:326,22
DA:327,6
DA:331,12
DA:336,36
DA:337,3
DA:338,9
DA:342,27
DA:344,9
DA:347,16
DA:349,2
DA:369,16
DA:376,28
DA:377,6
DA:381,16
DA:382,2
DA:383,4
DA:386,48
DA:387,4
DA:388,12
DA:391,39
DA:393,13
DA:396,60
DA:398,5
DA:411,11
DA:412,22
DA:413,12
DA:417,11
DA:423,11
DA:426,11
DA:428,33
DA:429,33
DA:430,42
DA:431,15
DA:432,9
DA:440,10
DA:442,1
DA:454,8
DA:455,16
DA:456,14
DA:459,8
DA:460,16
DA:475,3
DA:476,3
DA:477,3
DA:478,3
DA:479,1
DA:482,3
DA:483,4
DA:484,10
DA:485,1
DA:486,4
DA:487,5
DA:488,1
DA:489,5
DA:490,2
DA:492,4
DA:501,2
DA:502,14
DA:507,2
DA:518,16
DA:519,8
DA:520,32
DA:525,9
DA:530,9
DA:535,9
DA:540,6
DA:549,57
DA:551,57
DA:553,57
DA:554,168
DA:555,112
DA:562,5
DA:563,20
DA:570,60
DA:572,60
DA:576,180
DA:580,52
DA:591,1
DA:592,1
DA:595,2
DA:596,2
DA:599,2
DA:600,2
DA:606,15
DA:608,1
DA:611,60
DA:612,30
DA:614,1
DA:624,19
DA:628,19
DA:629,57
DA:631,19
DA:634,38
DA:637,39
DA:639,4
DA:641,1
DA:642,3
DA:643,1
DA:644,3
DA:645,3
DA:652,72
DA:654,2
DA:655,2
DA:657,2
DA:661,19
DA:663,19
DA:664,19
DA:669,2
DA:670,1
DA:676,17
DA:678,17
DA:679,17
DA:680,17
DA:684,3
DA:685,3
DA:686,6
DA:687,6
DA:688,6
DA:689,3
DA:695,17
DA:697,64
DA:699,15
DA:700,15
DA:703,12
DA:706,9
LF:179
LH:179
end_of_record
SF:C:\dev\github\quantity\lib\src\si\quantity_exception.dart
DA:4,499
DA:9,1
DA:10,2
LF:3
LH:3
end_of_record
SF:C:\dev\github\quantity\lib\src\si\scientific_format_si.dart
DA:8,2
DA:11,2
DA:13,4
DA:14,2
DA:16,2
DA:18,1
DA:19,2
DA:20,1
DA:23,2
DA:24,4
DA:26,2
DA:27,5
DA:28,2
DA:29,4
DA:35,4
DA:38,7
DA:40,6
DA:41,9
DA:43,4
DA:45,4
DA:46,1
DA:47,2
DA:48,4
DA:49,1
DA:52,2
DA:53,6
DA:56,2
DA:59,2
DA:62,2
DA:63,2
DA:64,2
DA:65,3
LF:32
LH:32
end_of_record
SF:C:\dev\github\quantity\lib\src\si\types\absorbed_dose.dart
DA:14,1
DA:15,1
DA:16,2
DA:17,1
DA:21,8
DA:22,8
DA:23,8
DA:28,2
DA:30,4
DA:31,2
DA:35,1
DA:37,1
DA:46,16
DA:47,8
DA:52,6
DA:53,3
DA:59,8
DA:62,8
DA:63,8
DA:64,8
DA:65,16
DA:66,8
DA:67,8
DA:68,8
DA:69,16
DA:73,4
DA:77,1
DA:79,1
DA:80,2
DA:81,3
DA:82,3
DA:83,2
DA:84,2
DA:86,1
LF:34
LH:34
end_of_record
SF:C:\dev\github\quantity\lib\src\si\units.dart
DA:58,93
DA:62,1
DA:63,6
DA:69,1
DA:70,2
DA:74,2
DA:80,98
DA:81,104
DA:87,370
DA:88,370
DA:89,4
DA:91,545
DA:93,370
DA:96,55
DA:97,11
DA:98,22
DA:99,1
DA:100,5
DA:102,736
DA:103,736
DA:104,18
DA:115,135
DA:116,135
DA:117,2
DA:119,135
DA:120,4
DA:121,6
DA:122,7
DA:124,7
DA:126,135
DA:127,536
DA:128,12
DA:129,10
DA:131,10
DA:142,6
DA:145,6
DA:149,8
DA:153,8
DA:157,14
DA:161,20
DA:165,24
DA:168,68
DA:171,8
DA:174,8
DA:177,8
DA:180,10
DA:183,36
DA:186,12
DA:189,18
DA:192,6
DA:195,6
DA:198,6
DA:201,6
DA:204,6
DA:209,1
DA:210,3
LF:56
LH:56
end_of_record
SF:C:\dev\github\quantity\lib\src\si\types\absorbed_dose_rate.dart
DA:15,1
DA:17,1
DA:20,1
DA:21,1
DA:23,1
DA:27,3
DA:28,3
DA:29,3
DA:34,3
DA:36,5
DA:37,3
DA:41,1
DA:43,1
DA:52,6
DA:53,3
DA:54,6
DA:57,2
DA:58,1
DA:59,2
DA:65,1
DA:68,1
DA:69,1
DA:70,1
DA:71,2
DA:72,1
DA:73,1
DA:74,1
DA:75,2
DA:79,3
DA:80,12
DA:81,12
DA:82,12
DA:83,12
DA:84,9
DA:85,6
DA:86,3
DA:87,9
DA:88,6
DA:89,3
DA:90,6
DA:91,9
DA:95,1
DA:99,1
DA:101,1
DA:102,2
DA:103,3
DA:104,3
DA:105,2
DA:106,2
DA:108,1
LF:50
LH:50
end_of_record
SF:C:\dev\github\quantity\lib\src\si\types\acceleration.dart
DA:15,3
DA:16,3
DA:17,3
DA:18,3
DA:22,10
DA:23,10
DA:24,10
DA:29,6
DA:31,11
DA:32,6
DA:36,123
DA:38,1
DA:47,18
DA:48,27
DA:54,3
DA:57,3
DA:58,3
DA:59,3
DA:60,6
DA:61,3
DA:62,3
DA:63,3
DA:64,6
DA:68,9
DA:69,54
DA:70,36
DA:71,36
DA:72,54
DA:73,27
DA:74,18
DA:75,9
DA:76,27
DA:77,18
DA:78,9
DA:79,18
DA:80,27
DA:84,1
DA:88,1
DA:90,1
DA:91,2
DA:92,3
DA:93,3
DA:94,2
DA:95,2
DA:97,1
LF:45
LH:45
end_of_record
SF:C:\dev\github\quantity\lib\src\si\types\activity.dart
DA:14,1
DA:15,1
DA:16,2
DA:17,1
DA:21,14
DA:22,7
DA:27,2
DA:28,4
DA:29,2
DA:33,1
DA:35,1
DA:42,14
DA:43,7
DA:46,4
DA:47,2
DA:53,7
DA:56,7
DA:57,7
DA:58,7
DA:59,14
DA:60,7
DA:61,7
DA:62,7
DA:63,14
DA:67,4
DA:71,1
DA:73,1
DA:74,2
DA:75,3
DA:76,3
DA:77,2
DA:78,2
DA:80,1
LF:33
LH:33
end_of_record
SF:C:\dev\github\quantity\lib\src\si\types\amount_of_substance.dart
DA:14,2
DA:15,2
DA:18,1
DA:19,2
DA:21,2
DA:25,12
DA:26,12
DA:27,12
DA:32,2
DA:34,4
DA:35,2
DA:39,1
DA:41,1
DA:49,24
DA:50,12
DA:53,10
DA:54,10
DA:60,12
DA:63,12
DA:64,12
DA:65,12
DA:66,24
DA:67,12
DA:68,12
DA:69,12
DA:70,24
DA:74,4
DA:78,6
DA:80,6
DA:81,12
DA:82,18
DA:83,18
DA:84,12
DA:85,12
DA:87,6
LF:35
LH:35
end_of_record
SF:C:\dev\github\quantity\lib\src\si\types\angle.dart
DA:11,4
DA:14,4
DA:17,4
DA:46,5
DA:47,14
DA:49,5
DA:53,34
DA:54,17
DA:69,6
DA:70,10
DA:71,6
DA:75,1
DA:77,1
DA:81,1
DA:82,9
DA:83,1
DA:84,1
DA:92,30
DA:93,15
DA:96,45
DA:100,6
DA:104,6
DA:110,3
DA:113,3
DA:118,1
DA:119,5
DA:121,2
DA:122,2
DA:123,1
DA:125,1
DA:126,1
DA:128,1
DA:134,3
DA:135,12
DA:136,6
DA:137,3
DA:138,9
DA:139,3
DA:143,8
DA:146,8
DA:149,8
DA:153,10
DA:157,10
DA:161,10
DA:166,1
DA:167,2
DA:169,3
DA:172,3
DA:175,4
DA:176,1
DA:177,3
DA:180,2
DA:181,2
DA:189,1
DA:190,2
DA:192,4
DA:195,3
DA:198,4
DA:199,1
DA:200,3
DA:203,2
DA:204,2
DA:213,17
DA:216,17
DA:217,17
DA:218,17
DA:219,34
DA:220,17
DA:221,17
DA:222,17
DA:223,34
DA:227,5
DA:231,3
DA:233,3
DA:234,6
DA:235,9
DA:236,9
DA:237,6
DA:238,6
DA:240,3
LF:80
LH:80
end_of_record
SF:C:\dev\github\quantity\lib\src\si\types\angular_acceleration.dart
DA:16,1
DA:20,1
DA:23,1
DA:24,1
DA:26,1
DA:30,3
DA:31,3
DA:32,3
DA:37,3
DA:39,5
DA:41,3
DA:45,1
DA:47,1
DA:56,6
DA:57,9
DA:60,2
DA:61,3
DA:67,1
DA:70,1
DA:71,1
DA:72,1
DA:73,2
DA:74,1
DA:75,1
DA:76,1
DA:77,2
DA:81,3
DA:82,18
DA:83,12
DA:84,12
DA:85,18
DA:86,9
DA:87,6
DA:88,3
DA:89,9
DA:90,6
DA:91,3
DA:92,3
DA:93,3
DA:97,1
DA:101,1
DA:103,1
DA:104,2
DA:105,3
DA:106,3
DA:107,2
DA:108,2
DA:110,1
LF:48
LH:48
end_of_record
SF:C:\dev\github\quantity\lib\src\si\types\angular_momentum.dart
DA:17,1
DA:18,2
DA:19,1
DA:23,4
DA:24,4
DA:25,4
DA:30,3
DA:32,5
DA:33,3
DA:37,123
DA:39,1
DA:48,8
DA:49,12
DA:55,2
DA:58,2
DA:59,2
DA:60,2
DA:61,4
DA:62,2
DA:63,2
DA:64,2
DA:65,4
DA:69,4
DA:70,16
DA:71,16
DA:72,16
DA:73,16
DA:74,12
DA:75,8
DA:76,4
DA:77,12
DA:78,8
DA:79,4
DA:80,4
DA:81,4
DA:85,1
DA:89,1
DA:91,1
DA:92,2
DA:93,3
DA:94,3
DA:95,2
DA:96,2
DA:98,1
LF:44
LH:44
end_of_record
SF:C:\dev\github\quantity\lib\src\si\types\angular_speed.dart
DA:15,1
DA:17,1
DA:20,1
DA:21,1
DA:23,1
DA:27,4
DA:28,4
DA:29,4
DA:34,3
DA:36,5
DA:37,3
DA:41,1
DA:43,1
DA:52,8
DA:53,12
DA:56,4
DA:57,6
DA:63,1
DA:66,1
DA:67,1
DA:68,1
DA:69,2
DA:70,1
DA:71,1
DA:72,1
DA:73,2
DA:77,4
DA:78,16
DA:79,16
DA:80,16
DA:81,16
DA:82,12
DA:83,8
DA:84,4
DA:85,12
DA:86,8
DA:87,4
DA:88,4
DA:89,4
DA:93,1
DA:97,1
DA:99,1
DA:100,2
DA:101,3
DA:102,3
DA:103,2
DA:104,2
DA:106,1
LF:48
LH:48
end_of_record
SF:C:\dev\github\quantity\lib\src\si\types\area.dart
DA:16,4
DA:17,4
DA:20,2
DA:21,5
DA:23,4
DA:27,42
DA:28,21
DA:33,8
DA:34,14
DA:35,8
DA:39,125
DA:40,2
DA:43,1
DA:44,1
DA:45,3
DA:46,1
DA:47,5
DA:48,3
DA:49,1
DA:57,80
DA:61,20
DA:62,10
DA:66,3
DA:70,6
DA:71,3
DA:77,12
DA:80,12
DA:81,12
DA:82,12
DA:83,24
DA:84,12
DA:85,12
DA:86,12
DA:87,24
DA:91,20
DA:92,80
DA:93,60
DA:94,60
DA:95,80
DA:96,60
DA:97,20
DA:98,20
DA:99,60
DA:100,20
DA:101,20
DA:102,20
DA:103,20
DA:107,1
DA:111,1
DA:113,1
DA:114,2
DA:115,3
DA:116,3
DA:117,2
DA:118,2
DA:120,1
LF:56
LH:56
end_of_record
SF:C:\dev\github\quantity\lib\src\si\types\capacitance.dart
DA:13,1
DA:14,2
DA:15,1
DA:19,8
DA:20,8
DA:21,8
DA:26,2
DA:28,4
DA:29,2
DA:33,1
DA:35,1
DA:44,16
DA:45,8
DA:51,8
DA:54,8
DA:55,8
DA:56,8
DA:57,16
DA:58,8
DA:59,8
DA:60,8
DA:61,16
DA:65,4
DA:69,2
DA:71,2
DA:72,4
DA:73,6
DA:74,6
DA:75,4
DA:76,4
DA:78,2
LF:31
LH:31
end_of_record
SF:C:\dev\github\quantity\lib\src\si\types\catalytic_activity.dart
DA:13,1
DA:14,2
DA:15,1
DA:19,6
DA:20,6
DA:21,6
DA:26,2
DA:28,4
DA:29,2
DA:33,1
DA:35,1
DA:44,12
DA:45,6
DA:51,6
DA:54,6
DA:55,6
DA:56,6
DA:57,12
DA:58,6
DA:59,6
DA:60,6
DA:61,12
DA:65,4
DA:69,1
DA:71,1
DA:72,2
DA:73,3
DA:74,1
DA:75,2
DA:76,2
DA:78,1
LF:31
LH:31
end_of_record
SF:C:\dev\github\quantity\lib\src\si\types\charge.dart
DA:16,1
DA:17,2
DA:18,1
DA:22,10
DA:23,10
DA:24,10
DA:29,3
DA:30,5
DA:31,3
DA:35,123
DA:37,1
DA:45,20
DA:46,10
DA:52,10
DA:55,10
DA:56,10
DA:57,10
DA:58,20
DA:59,10
DA:60,10
DA:61,10
DA:62,20
DA:66,2
DA:67,8
DA:68,8
DA:69,8
DA:70,8
DA:71,6
DA:72,4
DA:73,2
DA:74,6
DA:75,4
DA:76,2
DA:77,2
DA:78,2
DA:82,4
DA:86,2
DA:88,2
DA:89,4
DA:90,6
DA:91,6
DA:92,4
DA:93,4
DA:95,2
LF:44
LH:44
end_of_record
SF:C:\dev\github\quantity\lib\src\si\types\charge_density.dart
DA:9,1
DA:10,2
DA:12,1
DA:16,3
DA:17,3
DA:18,3
DA:23,3
DA:25,5
DA:26,3
DA:30,1
DA:32,1
DA:41,6
DA:42,9
DA:48,1
DA:51,1
DA:52,1
DA:53,1
DA:54,2
DA:55,1
DA:56,1
DA:57,1
DA:58,2
DA:62,3
DA:63,12
DA:64,12
DA:65,12
DA:66,12
DA:67,9
DA:68,6
DA:69,3
DA:70,12
DA:71,6
DA:72,3
DA:73,3
DA:74,3
DA:78,1
DA:82,1
DA:84,1
DA:85,2
DA:86,3
DA:87,3
DA:88,2
DA:89,2
DA:91,1
LF:44
LH:44
end_of_record
SF:C:\dev\github\quantity\lib\src\si\types\concentration.dart
DA:9,1
DA:10,2
DA:12,1
DA:16,3
DA:17,3
DA:18,3
DA:23,3
DA:25,5
DA:26,3
DA:30,1
DA:32,1
DA:41,6
DA:42,3
DA:43,6
DA:49,1
DA:52,1
DA:53,1
DA:54,1
DA:55,2
DA:56,1
DA:57,1
DA:58,1
DA:59,2
DA:63,3
DA:64,12
DA:65,12
DA:66,12
DA:67,12
DA:68,9
DA:69,6
DA:70,3
DA:71,12
DA:72,6
DA:73,3
DA:74,3
DA:75,3
DA:79,1
DA:83,1
DA:85,1
DA:86,2
DA:87,3
DA:88,3
DA:89,2
DA:90,2
DA:92,1
LF:45
LH:45
end_of_record
SF:C:\dev\github\quantity\lib\src\si\types\conductance.dart
DA:13,1
DA:14,2
DA:15,1
DA:19,7
DA:20,7
DA:21,7
DA:26,2
DA:28,4
DA:29,2
DA:33,123
DA:35,1
DA:45,14
DA:46,7
DA:52,7
DA:55,7
DA:56,7
DA:57,7
DA:58,14
DA:59,7
DA:60,7
DA:61,7
DA:62,14
DA:66,4
DA:70,2
DA:72,2
DA:73,4
DA:74,2
DA:75,6
DA:76,4
DA:77,4
DA:79,2
LF:31
LH:31
end_of_record
SF:C:\dev\github\quantity\lib\src\si\types\currency.dart
DA:14,1
DA:15,2
DA:16,1
DA:20,6
DA:21,3
DA:26,3
DA:27,6
DA:28,3
DA:32,1
DA:34,1
DA:41,9
DA:45,3
DA:52,3
DA:55,3
DA:56,3
DA:57,3
DA:58,6
DA:59,3
DA:60,3
DA:61,3
DA:62,6
DA:66,1
DA:70,1
DA:72,1
DA:73,2
DA:74,3
DA:75,3
DA:76,2
DA:77,2
DA:79,1
LF:30
LH:30
end_of_record
SF:C:\dev\github\quantity\lib\src\si\types\current.dart
DA:13,2
DA:14,2
DA:15,3
DA:16,2
DA:20,12
DA:21,12
DA:22,12
DA:27,2
DA:28,4
DA:29,2
DA:33,1
DA:35,1
DA:43,24
DA:44,12
DA:47,12
DA:53,12
DA:56,12
DA:57,12
DA:58,12
DA:59,24
DA:60,12
DA:61,12
DA:62,12
DA:63,24
DA:67,4
DA:71,4
DA:73,4
DA:74,8
DA:75,12
DA:76,12
DA:77,8
DA:78,8
DA:80,4
LF:33
LH:33
end_of_record
SF:C:\dev\github\quantity\lib\src\si\types\current_density.dart
DA:9,1
DA:10,1
DA:11,1
DA:12,1
DA:16,3
DA:17,3
DA:18,3
DA:23,3
DA:25,5
DA:26,3
DA:30,1
DA:32,1
DA:41,6
DA:42,9
DA:48,1
DA:51,1
DA:52,1
DA:53,1
DA:54,2
DA:55,1
DA:56,1
DA:57,1
DA:58,2
DA:62,3
DA:63,12
DA:64,12
DA:65,12
DA:66,12
DA:67,9
DA:68,6
DA:69,3
DA:70,12
DA:71,6
DA:72,3
DA:73,3
DA:74,3
DA:78,1
DA:82,1
DA:84,1
DA:85,2
DA:86,3
DA:87,3
DA:88,2
DA:89,2
DA:91,1
LF:45
LH:45
end_of_record
SF:C:\dev\github\quantity\lib\src\si\types\dose_equivalent.dart
DA:15,1
DA:16,1
DA:18,2
DA:20,1
DA:24,7
DA:25,7
DA:26,7
DA:31,2
DA:33,4
DA:34,2
DA:38,1
DA:40,1
DA:49,14
DA:50,7
DA:53,4
DA:54,2
DA:60,7
DA:63,7
DA:64,7
DA:65,7
DA:66,14
DA:67,7
DA:68,7
DA:69,7
DA:70,14
DA:74,4
DA:78,1
DA:80,1
DA:81,2
DA:82,3
DA:83,3
DA:84,2
DA:85,2
DA:87,1
LF:34
LH:34
end_of_record
SF:C:\dev\github\quantity\lib\src\si\types\dynamic_viscosity.dart
DA:17,2
DA:18,4
DA:19,2
DA:23,4
DA:24,4
DA:25,4
DA:30,3
DA:32,5
DA:33,3
DA:37,1
DA:39,1
DA:48,8
DA:49,12
DA:52,3
DA:58,1
DA:61,1
DA:62,1
DA:63,1
DA:64,2
DA:65,1
DA:66,1
DA:67,1
DA:68,2
DA:72,4
DA:73,16
DA:74,16
DA:75,16
DA:76,16
DA:77,12
DA:78,8
DA:79,4
DA:80,12
DA:81,8
DA:82,4
DA:83,4
DA:84,4
DA:88,1
DA:92,1
DA:94,1
DA:95,2
DA:96,3
DA:97,3
DA:98,2
DA:99,2
DA:101,1
LF:45
LH:45
end_of_record
SF:C:\dev\github\quantity\lib\src\si\types\electric_field_strength.dart
DA:15,1
DA:16,1
DA:17,1
DA:18,1
DA:22,3
DA:23,3
DA:25,3
DA:30,3
DA:33,5
DA:34,3
DA:38,1
DA:40,1
DA:52,6
DA:53,3
DA:54,6
DA:60,1
DA:63,1
DA:64,1
DA:65,1
DA:66,2
DA:67,1
DA:68,1
DA:69,1
DA:70,2
DA:74,3
DA:76,12
DA:77,12
DA:78,12
DA:79,12
DA:80,9
DA:81,6
DA:82,3
DA:83,9
DA:84,6
DA:85,3
DA:86,3
DA:87,3
DA:91,1
DA:95,1
DA:97,1
DA:98,2
DA:99,3
DA:100,3
DA:101,2
DA:102,2
DA:104,1
LF:46
LH:46
end_of_record
SF:C:\dev\github\quantity\lib\src\si\types\electric_flux_density.dart
DA:10,1
DA:11,1
DA:12,1
DA:13,1
DA:17,3
DA:18,3
DA:19,3
DA:24,3
DA:26,5
DA:28,3
DA:32,1
DA:34,1
DA:43,6
DA:44,3
DA:45,6
DA:51,1
DA:54,1
DA:55,1
DA:56,1
DA:57,2
DA:58,1
DA:59,1
DA:60,1
DA:61,2
DA:65,3
DA:66,12
DA:67,12
DA:68,12
DA:69,12
DA:70,9
DA:71,6
DA:72,3
DA:73,12
DA:74,6
DA:75,3
DA:76,3
DA:77,3
DA:81,1
DA:85,1
DA:87,1
DA:88,2
DA:89,3
DA:90,3
DA:91,2
DA:92,2
DA:94,1
LF:46
LH:46
end_of_record
SF:C:\dev\github\quantity\lib\src\si\types\electric_potential_difference.dart
DA:15,1
DA:16,2
DA:17,1
DA:21,8
DA:22,8
DA:24,8
DA:29,2
DA:32,4
DA:33,2
DA:37,1
DA:39,1
DA:52,16
DA:53,8
DA:60,8
DA:63,8
DA:64,8
DA:65,8
DA:66,16
DA:67,8
DA:68,8
DA:69,8
DA:70,16
DA:74,4
DA:78,1
DA:80,1
DA:81,2
DA:82,3
DA:83,3
DA:84,2
DA:85,2
DA:87,1
LF:31
LH:31
end_of_record
SF:C:\dev\github\quantity\lib\src\si\types\energy.dart
DA:18,5
DA:19,5
DA:20,6
DA:21,5
DA:25,42
DA:26,21
DA:31,5
DA:32,8
DA:33,5
DA:37,123
DA:39,1
DA:47,40
DA:48,20
DA:51,30
DA:55,1
DA:56,2
DA:57,1
DA:58,5
DA:61,5
DA:69,21
DA:72,21
DA:73,21
DA:74,21
DA:75,42
DA:76,21
DA:77,21
DA:78,21
DA:79,42
DA:83,2
DA:84,8
DA:85,8
DA:86,8
DA:87,8
DA:88,6
DA:89,4
DA:90,2
DA:91,6
DA:92,4
DA:93,2
DA:94,2
DA:95,2
DA:99,4
DA:103,2
DA:105,2
DA:106,4
DA:107,6
DA:108,6
DA:109,4
DA:110,4
DA:112,2
LF:50
LH:50
end_of_record
SF:C:\dev\github\quantity\lib\src\si\types\energy_density.dart
DA:9,1
DA:10,2
DA:12,1
DA:16,3
DA:17,3
DA:18,3
DA:23,3
DA:25,5
DA:26,3
DA:30,1
DA:32,1
DA:41,6
DA:42,9
DA:48,1
DA:51,1
DA:52,1
DA:53,1
DA:54,2
DA:55,1
DA:56,1
DA:57,1
DA:58,2
DA:62,3
DA:63,12
DA:64,12
DA:65,12
DA:66,12
DA:67,9
DA:68,6
DA:69,3
DA:70,12
DA:71,6
DA:72,3
DA:73,3
DA:74,3
DA:78,1
DA:82,1
DA:84,1
DA:85,2
DA:86,3
DA:87,3
DA:88,2
DA:89,2
DA:91,1
LF:44
LH:44
end_of_record
SF:C:\dev\github\quantity\lib\src\si\types\energy_flux.dart
DA:9,1
DA:10,2
DA:12,1
DA:16,4
DA:17,4
DA:18,4
DA:23,3
DA:25,5
DA:26,3
DA:30,123
DA:32,1
DA:40,8
DA:41,12
DA:47,2
DA:50,2
DA:51,2
DA:52,2
DA:53,4
DA:54,2
DA:55,2
DA:56,2
DA:57,4
DA:61,4
DA:62,16
DA:63,16
DA:64,16
DA:65,16
DA:66,12
DA:67,8
DA:68,4
DA:69,16
DA:70,8
DA:71,4
DA:72,4
DA:73,4
DA:77,1
DA:81,1
DA:83,1
DA:84,2
DA:85,3
DA:86,3
DA:87,2
DA:88,2
DA:90,1
LF:44
LH:44
end_of_record
SF:C:\dev\github\quantity\lib\src\si\types\entropy.dart
DA:18,1
DA:19,2
DA:20,1
DA:24,10
DA:25,5
DA:30,3
DA:31,5
DA:32,3
DA:36,123
DA:38,1
DA:46,12
DA:47,8
DA:53,3
DA:56,3
DA:57,3
DA:58,3
DA:59,6
DA:60,3
DA:61,3
DA:62,3
DA:63,6
DA:67,4
DA:68,16
DA:69,16
DA:70,16
DA:71,16
DA:72,12
DA:73,8
DA:74,4
DA:75,12
DA:76,8
DA:77,4
DA:78,4
DA:79,4
DA:83,1
DA:87,1
DA:89,1
DA:90,2
DA:91,3
DA:92,3
DA:93,2
DA:94,2
DA:96,1
LF:43
LH:43
end_of_record
SF:C:\dev\github\quantity\lib\src\si\types\exposure.dart
DA:15,1
DA:16,1
DA:18,2
DA:20,1
DA:24,6
DA:25,3
DA:30,3
DA:31,5
DA:32,3
DA:36,1
DA:38,1
DA:46,6
DA:47,9
DA:50,2
DA:51,1
DA:57,2
DA:60,2
DA:61,2
DA:62,2
DA:63,4
DA:64,2
DA:65,2
DA:66,2
DA:67,4
DA:71,3
DA:72,12
DA:73,12
DA:74,12
DA:75,12
DA:76,9
DA:77,6
DA:78,3
DA:79,9
DA:80,6
DA:81,3
DA:82,3
DA:83,3
DA:87,1
DA:91,1
DA:93,1
DA:94,2
DA:95,3
DA:96,3
DA:97,2
DA:98,2
DA:100,1
LF:46
LH:46
end_of_record
SF:C:\dev\github\quantity\lib\src\si\types\force.dart
DA:16,3
DA:17,6
DA:18,3
DA:22,24
DA:23,12
DA:28,3
DA:29,6
DA:30,3
DA:34,2
DA:35,1
DA:38,1
DA:39,1
DA:40,3
DA:41,1
DA:42,5
DA:43,3
DA:44,1
DA:53,24
DA:54,12
DA:60,12
DA:63,12
DA:64,12
DA:65,12
DA:66,24
DA:67,12
DA:68,12
DA:69,12
DA:70,24
DA:74,4
DA:78,1
DA:80,1
DA:81,2
DA:82,3
DA:83,3
DA:84,2
DA:85,2
DA:87,1
LF:37
LH:37
end_of_record
SF:C:\dev\github\quantity\lib\src\si\types\frequency.dart
DA:14,2
DA:23,2
DA:26,1
DA:28,1
DA:29,3
DA:31,2
DA:35,10
DA:36,10
DA:37,10
DA:42,5
DA:43,10
DA:44,5
DA:48,123
DA:50,1
DA:57,20
DA:58,10
DA:63,4
DA:66,4
DA:69,4
DA:75,10
DA:78,10
DA:79,10
DA:80,10
DA:81,20
DA:82,10
DA:83,10
DA:84,10
DA:85,20
DA:89,4
DA:93,2
DA:95,2
DA:96,4
DA:97,6
DA:98,2
DA:99,4
DA:100,4
DA:102,2
LF:37
LH:37
end_of_record
SF:C:\dev\github\quantity\lib\src\si\types\heat_flux_density.dart
DA:11,2
DA:12,4
DA:14,2
DA:18,4
DA:19,4
DA:20,4
DA:25,4
DA:27,7
DA:28,4
DA:32,1
DA:34,1
DA:43,8
DA:44,12
DA:50,1
DA:53,1
DA:54,1
DA:55,1
DA:56,2
DA:57,1
DA:58,1
DA:59,1
DA:60,2
DA:64,4
DA:65,16
DA:66,16
DA:67,16
DA:68,16
DA:69,12
DA:70,8
DA:71,4
DA:72,16
DA:73,8
DA:74,4
DA:75,4
DA:76,4
DA:80,1
DA:84,1
DA:86,1
DA:87,2
DA:88,3
DA:89,3
DA:90,2
DA:91,2
DA:93,1
LF:44
LH:44
end_of_record
SF:C:\dev\github\quantity\lib\src\si\types\illuminance.dart
DA:13,1
DA:14,2
DA:15,1
DA:19,8
DA:20,8
DA:21,8
DA:26,2
DA:28,4
DA:29,2
DA:33,1
DA:35,1
DA:45,16
DA:46,8
DA:52,8
DA:55,8
DA:56,8
DA:57,8
DA:58,16
DA:59,8
DA:60,8
DA:61,8
DA:62,16
DA:66,4
DA:70,1
DA:72,1
DA:73,2
DA:74,3
DA:75,3
DA:76,2
DA:77,2
DA:79,1
LF:31
LH:31
end_of_record
SF:C:\dev\github\quantity\lib\src\si\types\inductance.dart
DA:15,1
DA:16,2
DA:17,1
DA:21,8
DA:22,8
DA:23,8
DA:28,2
DA:30,4
DA:31,2
DA:35,1
DA:37,1
DA:45,16
DA:46,8
DA:52,8
DA:55,8
DA:56,8
DA:57,8
DA:58,16
DA:59,8
DA:60,8
DA:61,8
DA:62,16
DA:66,4
DA:70,2
DA:72,2
DA:73,4
DA:74,6
DA:75,6
DA:76,4
DA:77,4
DA:79,2
LF:31
LH:31
end_of_record
SF:C:\dev\github\quantity\lib\src\si\types\information.dart
DA:15,1
DA:27,1
DA:30,1
DA:32,1
DA:34,1
DA:36,1
DA:38,1
DA:39,1
DA:41,1
DA:45,6
DA:46,6
DA:47,6
DA:52,3
DA:54,5
DA:55,3
DA:59,2
DA:61,1
DA:71,12
DA:72,6
DA:75,2
DA:76,1
DA:79,8
DA:80,4
DA:85,8
DA:88,8
DA:91,8
DA:94,8
DA:101,3
DA:102,1
DA:107,3
DA:108,1
DA:113,3
DA:114,1
DA:119,3
DA:120,1
DA:125,3
DA:126,1
DA:131,3
DA:132,1
DA:136,3
DA:137,2
DA:141,3
DA:142,2
DA:148,6
DA:151,6
DA:152,6
DA:153,6
DA:154,12
DA:155,6
DA:156,6
DA:157,6
DA:158,12
DA:162,2
DA:166,5
DA:168,5
DA:169,10
DA:170,15
DA:171,15
DA:172,10
DA:173,10
DA:175,5
LF:61
LH:61
end_of_record
SF:C:\dev\github\quantity\lib\src\si\types\information_rate.dart
DA:16,1
DA:26,1
DA:29,1
DA:31,1
DA:33,1
DA:35,1
DA:36,1
DA:38,1
DA:42,3
DA:43,3
DA:44,3
DA:49,3
DA:51,5
DA:52,3
DA:56,1
DA:58,1
DA:66,6
DA:67,9
DA:72,2
DA:73,1
DA:74,2
DA:77,2
DA:78,1
DA:79,2
DA:82,2
DA:83,1
DA:84,2
DA:87,2
DA:88,1
DA:89,2
DA:95,1
DA:98,1
DA:99,1
DA:100,1
DA:101,2
DA:102,1
DA:103,1
DA:104,1
DA:105,2
DA:109,3
DA:110,12
DA:111,12
DA:112,12
DA:113,12
DA:114,9
DA:115,6
DA:116,3
DA:117,9
DA:118,6
DA:119,3
DA:120,3
DA:121,3
DA:125,1
DA:129,1
DA:131,1
DA:132,2
DA:133,3
DA:134,3
DA:135,2
DA:136,2
DA:138,1
LF:61
LH:61
end_of_record
SF:C:\dev\github\quantity\lib\src\si\types\kinematic_viscosity.dart
DA:15,1
DA:16,1
DA:17,1
DA:18,1
DA:22,5
DA:23,5
DA:24,5
DA:29,4
DA:31,4
DA:32,2
DA:33,4
DA:37,1
DA:39,1
DA:48,8
DA:49,12
DA:55,3
DA:58,3
DA:59,3
DA:60,3
DA:61,6
DA:62,3
DA:63,3
DA:64,3
DA:65,6
DA:69,4
DA:70,16
DA:71,16
DA:72,16
DA:73,16
DA:74,12
DA:75,8
DA:76,4
DA:77,12
DA:78,8
DA:79,4
DA:80,4
DA:81,4
DA:85,1
DA:89,1
DA:91,1
DA:92,2
DA:93,3
DA:94,3
DA:95,2
DA:96,2
DA:98,1
LF:46
LH:46
end_of_record
SF:C:\dev\github\quantity\lib\src\si\types\length.dart
DA:14,17
DA:22,17
DA:25,2
DA:27,2
DA:29,1
DA:30,18
DA:32,17
DA:36,108
DA:37,54
DA:42,14
DA:43,26
DA:44,14
DA:48,246
DA:50,1
DA:57,106
DA:58,53
DA:65,9
DA:69,2
DA:70,1
DA:73,3
DA:79,44
DA:82,8
DA:85,28
DA:88,12
DA:94,54
DA:97,54
DA:98,54
DA:99,54
DA:100,108
DA:101,54
DA:102,54
DA:103,54
DA:104,108
DA:108,5
DA:112,20
DA:114,20
DA:115,40
DA:116,60
DA:117,60
DA:118,40
DA:119,40
DA:121,20
LF:42
LH:42
end_of_record
SF:C:\dev\github\quantity\lib\src\si\types\level.dart
DA:34,3
DA:35,6
DA:36,3
DA:40,10
DA:41,5
DA:47,3
DA:48,5
DA:49,3
DA:53,1
DA:54,1
DA:62,10
DA:63,5
DA:68,2
DA:69,3
DA:74,4
DA:80,5
DA:83,5
DA:84,5
DA:85,5
DA:86,10
DA:87,5
DA:88,5
DA:89,5
DA:90,10
DA:94,2
DA:98,2
DA:100,2
DA:101,4
DA:102,6
DA:103,6
DA:104,4
DA:105,4
DA:107,2
DA:117,3
DA:118,21
DA:121,3
DA:122,3
DA:125,5
DA:127,1
DA:129,1
DA:130,1
DA:131,6
DA:133,1
DA:137,1
DA:139,1
DA:140,1
DA:141,6
DA:143,1
DA:155,2
DA:156,14
DA:159,3
DA:160,3
DA:163,4
DA:165,1
DA:167,1
DA:168,6
DA:170,1
DA:174,1
DA:176,1
DA:177,1
DA:178,5
DA:180,1
LF:62
LH:62
end_of_record
SF:C:\dev\github\quantity\lib\src\si\types\luminance.dart
DA:9,2
DA:10,4
DA:12,2
DA:16,4
DA:17,4
DA:18,4
DA:23,4
DA:24,7
DA:25,4
DA:29,1
DA:31,1
DA:39,8
DA:40,4
DA:41,8
DA:47,1
DA:50,1
DA:51,1
DA:52,1
DA:53,2
DA:54,1
DA:55,1
DA:56,1
DA:57,2
DA:61,4
DA:62,16
DA:63,16
DA:64,16
DA:65,16
DA:66,12
DA:67,8
DA:68,4
DA:69,16
DA:70,8
DA:71,4
DA:72,4
DA:73,4
DA:77,1
DA:81,1
DA:83,1
DA:84,2
DA:85,3
DA:86,3
DA:87,2
DA:88,2
DA:90,1
LF:45
LH:45
end_of_record
SF:C:\dev\github\quantity\lib\src\si\types\luminous_flux.dart
DA:17,1
DA:18,2
DA:19,1
DA:23,6
DA:24,6
DA:25,6
DA:30,2
DA:32,4
DA:33,2
DA:37,1
DA:39,1
DA:48,12
DA:49,6
DA:55,6
DA:58,6
DA:59,6
DA:60,6
DA:61,12
DA:62,6
DA:63,6
DA:64,6
DA:65,12
DA:69,4
DA:73,1
DA:75,1
DA:76,2
DA:77,3
DA:78,3
DA:79,2
DA:80,2
DA:82,1
LF:31
LH:31
end_of_record
SF:C:\dev\github\quantity\lib\src\si\types\luminous_intensity.dart
DA:15,2
DA:16,4
DA:17,2
DA:21,11
DA:22,11
DA:23,11
DA:28,2
DA:30,4
DA:31,2
DA:35,1
DA:37,1
DA:46,22
DA:47,11
DA:53,11
DA:56,11
DA:57,11
DA:58,11
DA:59,22
DA:60,11
DA:61,11
DA:62,11
DA:63,22
DA:67,4
DA:71,1
DA:73,1
DA:74,2
DA:75,3
DA:76,3
DA:77,2
DA:78,2
DA:80,1
LF:31
LH:31
end_of_record
SF:C:\dev\github\quantity\lib\src\si\types\magnetic_field_strength.dart
DA:15,1
DA:16,2
DA:18,1
DA:22,3
DA:23,3
DA:25,3
DA:30,3
DA:33,5
DA:34,3
DA:38,1
DA:40,1
DA:52,6
DA:53,3
DA:54,6
DA:60,1
DA:63,1
DA:64,1
DA:65,1
DA:66,2
DA:67,1
DA:68,1
DA:69,1
DA:70,2
DA:74,3
DA:75,12
DA:76,12
DA:77,12
DA:78,12
DA:79,9
DA:80,6
DA:81,3
DA:82,9
DA:83,6
DA:84,3
DA:85,3
DA:86,3
DA:90,1
DA:94,1
DA:96,1
DA:97,2
DA:98,3
DA:99,3
DA:100,2
DA:101,2
DA:103,1
LF:45
LH:45
end_of_record
SF:C:\dev\github\quantity\lib\src\si\types\magnetic_flux.dart
DA:14,1
DA:15,2
DA:16,1
DA:20,7
DA:21,7
DA:22,7
DA:27,2
DA:29,4
DA:30,2
DA:34,123
DA:36,1
DA:45,14
DA:46,7
DA:52,7
DA:55,7
DA:56,7
DA:57,7
DA:58,14
DA:59,7
DA:60,7
DA:61,7
DA:62,14
DA:66,4
DA:70,1
DA:72,1
DA:73,2
DA:74,3
DA:75,3
DA:76,2
DA:77,2
DA:79,1
LF:31
LH:31
end_of_record
SF:C:\dev\github\quantity\lib\src\si\types\magnetic_flux_density.dart
DA:14,1
DA:15,2
DA:16,1
DA:20,7
DA:21,7
DA:22,7
DA:27,2
DA:29,4
DA:30,2
DA:34,1
DA:36,1
DA:45,14
DA:46,7
DA:52,7
DA:55,7
DA:56,7
DA:57,7
DA:58,14
DA:59,7
DA:60,7
DA:61,7
DA:62,14
DA:66,4
DA:70,2
DA:72,2
DA:73,4
DA:74,6
DA:75,6
DA:76,4
DA:77,4
DA:79,2
LF:31
LH:31
end_of_record
SF:C:\dev\github\quantity\lib\src\si\types\mass.dart
DA:15,7
DA:16,7
DA:19,3
DA:20,9
DA:22,7
DA:26,42
DA:27,21
DA:32,6
DA:33,11
DA:34,6
DA:38,245
DA:39,1
DA:46,40
DA:47,20
DA:52,26
DA:53,13
DA:56,12
DA:59,3
DA:62,12
DA:71,1
DA:72,2
DA:73,1
DA:74,5
DA:78,5
DA:86,21
DA:89,21
DA:90,21
DA:91,21
DA:92,42
DA:93,21
DA:94,21
DA:95,21
DA:96,42
DA:100,4
DA:104,4
DA:106,4
DA:107,8
DA:108,12
DA:109,12
DA:110,8
DA:111,8
DA:113,4
LF:42
LH:42
end_of_record
SF:C:\dev\github\quantity\lib\src\si\types\mass_density.dart
DA:9,1
DA:10,2
DA:12,1
DA:16,4
DA:17,4
DA:18,4
DA:23,3
DA:25,5
DA:26,3
DA:30,1
DA:32,1
DA:41,8
DA:42,12
DA:48,1
DA:51,1
DA:52,1
DA:53,1
DA:54,2
DA:55,1
DA:56,1
DA:57,1
DA:58,2
DA:62,4
DA:63,16
DA:64,16
DA:65,16
DA:66,16
DA:67,12
DA:68,8
DA:69,4
DA:70,16
DA:71,8
DA:72,4
DA:73,4
DA:74,4
DA:78,1
DA:82,1
DA:84,1
DA:85,2
DA:86,3
DA:87,3
DA:88,2
DA:89,2
DA:91,1
LF:44
LH:44
end_of_record
SF:C:\dev\github\quantity\lib\src\si\types\mass_flow_rate.dart
DA:15,1
DA:16,2
DA:18,1
DA:22,4
DA:23,4
DA:24,4
DA:29,4
DA:31,7
DA:32,4
DA:36,1
DA:38,1
DA:47,8
DA:48,12
DA:54,1
DA:57,1
DA:58,1
DA:59,1
DA:60,2
DA:61,1
DA:62,1
DA:63,1
DA:64,2
DA:68,4
DA:69,16
DA:70,16
DA:71,16
DA:72,16
DA:73,12
DA:74,8
DA:75,4
DA:76,12
DA:77,8
DA:78,4
DA:79,4
DA:80,4
DA:84,1
DA:88,1
DA:90,1
DA:91,2
DA:92,3
DA:93,3
DA:94,2
DA:95,2
DA:97,1
LF:44
LH:44
end_of_record
SF:C:\dev\github\quantity\lib\src\si\types\mass_flux_density.dart
DA:9,1
DA:11,1
DA:12,1
DA:13,1
DA:17,3
DA:18,3
DA:19,3
DA:24,3
DA:26,5
DA:28,3
DA:32,1
DA:34,1
DA:43,6
DA:44,3
DA:45,9
DA:51,1
DA:54,1
DA:55,1
DA:56,1
DA:57,2
DA:58,1
DA:59,1
DA:60,1
DA:61,2
DA:65,3
DA:66,18
DA:67,15
DA:68,15
DA:69,18
DA:70,12
DA:71,9
DA:72,3
DA:73,9
DA:74,3
DA:75,3
DA:76,9
DA:77,3
DA:78,3
DA:79,3
DA:83,1
DA:87,1
DA:89,1
DA:90,2
DA:91,3
DA:92,3
DA:93,2
DA:94,2
DA:96,1
LF:48
LH:48
end_of_record
SF:C:\dev\github\quantity\lib\src\si\types\molar_energy.dart
DA:15,1
DA:16,2
DA:17,1
DA:21,3
DA:22,3
DA:23,3
DA:28,3
DA:30,5
DA:31,3
DA:35,1
DA:37,1
DA:46,6
DA:47,9
DA:53,1
DA:56,1
DA:57,1
DA:58,1
DA:59,2
DA:60,1
DA:61,1
DA:62,1
DA:63,2
DA:67,3
DA:68,12
DA:69,12
DA:70,12
DA:71,12
DA:72,9
DA:73,6
DA:74,3
DA:75,9
DA:76,6
DA:77,3
DA:78,3
DA:79,3
DA:83,1
DA:87,1
DA:89,1
DA:90,2
DA:91,3
DA:92,3
DA:93,2
DA:94,2
DA:96,1
LF:44
LH:44
end_of_record
SF:C:\dev\github\quantity\lib\src\si\types\molar_entropy.dart
DA:16,1
DA:17,2
DA:19,1
DA:23,3
DA:24,3
DA:25,3
DA:30,3
DA:32,5
DA:33,3
DA:37,123
DA:39,1
DA:53,6
DA:54,3
DA:55,9
DA:61,1
DA:64,1
DA:65,1
DA:66,1
DA:67,2
DA:68,1
DA:69,1
DA:70,1
DA:71,2
DA:75,3
DA:77,18
DA:78,15
DA:79,15
DA:80,18
DA:81,9
DA:82,9
DA:83,3
DA:84,9
DA:85,9
DA:86,3
DA:87,3
DA:88,3
DA:92,1
DA:96,1
DA:98,1
DA:99,2
DA:100,3
DA:101,3
DA:102,2
DA:103,2
DA:105,1
LF:45
LH:45
end_of_record
SF:C:\dev\github\quantity\lib\src\si\types\permeability.dart
DA:17,1
DA:21,1
DA:24,1
DA:25,1
DA:27,1
DA:31,4
DA:32,4
DA:33,4
DA:38,3
DA:40,5
DA:41,3
DA:45,123
DA:47,1
DA:56,8
DA:57,12
DA:60,4
DA:61,6
DA:67,1
DA:70,1
DA:71,1
DA:72,1
DA:73,2
DA:74,1
DA:75,1
DA:76,1
DA:77,2
DA:81,4
DA:82,16
DA:83,16
DA:84,16
DA:85,16
DA:86,12
DA:87,8
DA:88,4
DA:89,12
DA:90,8
DA:91,4
DA:92,4
DA:93,4
DA:97,2
DA:98,10
DA:99,8
DA:100,8
DA:101,10
DA:102,6
DA:103,4
DA:104,2
DA:105,6
DA:106,4
DA:107,2
DA:108,2
DA:109,2
DA:113,1
DA:117,1
DA:119,1
DA:120,2
DA:121,3
DA:122,3
DA:123,2
DA:124,2
DA:126,1
LF:61
LH:61
end_of_record
SF:C:\dev\github\quantity\lib\src\si\types\permittivity.dart
DA:15,1
DA:16,2
DA:17,1
DA:21,4
DA:22,4
DA:23,4
DA:28,3
DA:30,5
DA:31,3
DA:35,123
DA:37,1
DA:46,8
DA:47,12
DA:53,1
DA:56,1
DA:57,1
DA:58,1
DA:59,2
DA:60,1
DA:61,1
DA:62,1
DA:63,2
DA:67,4
DA:68,16
DA:69,16
DA:70,16
DA:71,16
DA:72,12
DA:73,8
DA:74,4
DA:75,12
DA:76,8
DA:77,4
DA:78,4
DA:79,4
DA:83,1
DA:87,1
DA:89,1
DA:90,2
DA:91,3
DA:92,3
DA:93,2
DA:94,2
DA:96,1
LF:44
LH:44
end_of_record
SF:C:\dev\github\quantity\lib\src\si\types\pixel.dart
DA:15,3
DA:16,6
DA:17,3
DA:21,14
DA:22,7
DA:27,3
DA:28,6
DA:29,3
DA:33,1
DA:34,1
DA:45,1
DA:47,1
DA:48,4
DA:49,1
DA:50,4
DA:51,1
DA:52,4
DA:53,1
DA:54,4
DA:56,1
DA:62,14
DA:63,7
DA:69,7
DA:72,7
DA:73,7
DA:74,7
DA:75,14
DA:76,7
DA:77,7
DA:78,7
DA:79,14
DA:83,4
DA:87,1
DA:89,1
DA:90,2
DA:91,3
DA:92,3
DA:93,2
DA:94,2
DA:96,1
LF:40
LH:40
end_of_record
SF:C:\dev\github\quantity\lib\src\si\types\pixel_density.dart
DA:14,2
DA:18,2
DA:21,2
DA:22,1
DA:24,2
DA:28,6
DA:29,6
DA:30,6
DA:35,5
DA:37,10
DA:38,5
DA:42,1
DA:44,1
DA:53,2
DA:55,2
DA:56,4
DA:58,1
DA:64,15
DA:73,6
DA:78,4
DA:85,6
DA:88,6
DA:89,6
DA:90,6
DA:91,12
DA:92,6
DA:93,6
DA:94,6
DA:95,12
DA:99,1
DA:103,1
DA:105,1
DA:106,2
DA:107,3
DA:108,1
DA:109,2
DA:110,2
DA:112,1
LF:38
LH:38
end_of_record
SF:C:\dev\github\quantity\lib\src\si\types\power.dart
DA:18,5
DA:19,5
DA:22,2
DA:23,6
DA:25,5
DA:29,36
DA:30,18
DA:35,4
DA:36,6
DA:37,4
DA:41,123
DA:42,1
DA:50,36
DA:51,18
DA:56,36
DA:59,4
DA:65,18
DA:68,18
DA:69,18
DA:70,18
DA:71,36
DA:72,18
DA:73,18
DA:74,18
DA:75,36
DA:79,2
DA:80,8
DA:81,8
DA:82,8
DA:83,8
DA:84,6
DA:85,4
DA:86,2
DA:87,6
DA:88,4
DA:89,2
DA:90,4
DA:91,6
DA:95,4
DA:99,10
DA:101,10
DA:102,20
DA:103,30
DA:104,30
DA:105,20
DA:106,20
DA:108,10
LF:47
LH:47
end_of_record
SF:C:\dev\github\quantity\lib\src\si\types\pressure.dart
DA:13,3
DA:14,3
DA:15,4
DA:16,3
DA:20,22
DA:21,11
DA:26,4
DA:27,8
DA:28,4
DA:32,1
DA:34,1
DA:42,22
DA:43,11
DA:46,4
DA:47,2
DA:53,11
DA:56,11
DA:57,11
DA:58,11
DA:59,22
DA:60,11
DA:61,11
DA:62,11
DA:63,22
DA:67,2
DA:68,8
DA:69,8
DA:70,8
DA:71,8
DA:72,6
DA:73,4
DA:74,2
DA:75,8
DA:76,4
DA:77,2
DA:78,4
DA:79,6
DA:83,4
DA:87,2
DA:89,2
DA:90,4
DA:91,6
DA:92,6
DA:93,4
DA:94,4
DA:96,2
LF:46
LH:46
end_of_record
SF:C:\dev\github\quantity\lib\src\si\types\radiance.dart
DA:18,1
DA:19,1
DA:20,1
DA:21,1
DA:25,6
DA:26,3
DA:31,3
DA:32,5
DA:33,3
DA:37,1
DA:39,1
DA:47,6
DA:48,3
DA:49,9
DA:55,1
DA:58,1
DA:59,1
DA:60,1
DA:61,2
DA:62,1
DA:63,1
DA:64,1
DA:65,2
DA:69,3
DA:71,18
DA:72,15
DA:73,15
DA:74,18
DA:75,12
DA:76,9
DA:77,3
DA:78,9
DA:79,3
DA:80,3
DA:81,9
DA:82,3
DA:83,3
DA:84,3
DA:88,1
DA:92,1
DA:94,1
DA:95,2
DA:96,3
DA:97,3
DA:98,2
DA:99,2
DA:101,1
LF:47
LH:47
end_of_record
SF:C:\dev\github\quantity\lib\src\si\types\radiant_intensity.dart
DA:16,1
DA:17,2
DA:19,1
DA:23,3
DA:24,3
DA:25,3
DA:30,3
DA:32,5
DA:33,3
DA:37,1
DA:39,1
DA:48,6
DA:49,3
DA:50,6
DA:56,1
DA:59,1
DA:60,1
DA:61,1
DA:62,2
DA:63,1
DA:64,1
DA:65,1
DA:66,2
DA:70,3
DA:71,12
DA:72,12
DA:73,12
DA:74,12
DA:75,9
DA:76,6
DA:77,3
DA:78,9
DA:79,6
DA:80,3
DA:81,9
DA:82,3
DA:83,3
DA:87,1
DA:91,1
DA:93,1
DA:94,2
DA:95,3
DA:96,3
DA:97,2
DA:98,2
DA:100,1
LF:46
LH:46
end_of_record
SF:C:\dev\github\quantity\lib\src\si\types\resistance.dart
DA:13,1
DA:14,2
DA:15,1
DA:19,7
DA:20,7
DA:21,7
DA:26,2
DA:28,4
DA:29,2
DA:33,123
DA:35,1
DA:44,14
DA:45,7
DA:51,7
DA:54,7
DA:55,7
DA:56,7
DA:57,14
DA:58,7
DA:59,7
DA:60,7
DA:61,14
DA:65,4
DA:69,1
DA:71,1
DA:72,2
DA:73,3
DA:74,3
DA:75,2
DA:76,2
DA:78,1
LF:31
LH:31
end_of_record
SF:C:\dev\github\quantity\lib\src\si\types\resolution.dart
DA:14,3
DA:16,3
DA:19,3
DA:21,2
DA:22,1
DA:24,3
DA:28,7
DA:29,7
DA:30,7
DA:35,3
DA:37,6
DA:38,3
DA:42,1
DA:44,1
DA:52,2
DA:54,2
DA:55,4
DA:57,1
DA:63,9
DA:67,15
DA:68,5
DA:71,12
DA:83,7
DA:86,7
DA:87,7
DA:88,7
DA:89,14
DA:90,7
DA:91,7
DA:92,7
DA:93,14
DA:97,4
DA:101,1
DA:103,1
DA:104,2
DA:105,3
DA:106,1
DA:107,2
DA:108,2
DA:110,1
LF:40
LH:40
end_of_record
SF:C:\dev\github\quantity\lib\src\si\types\scalar.dart
DA:13,15
DA:14,15
DA:15,16
DA:16,15
DA:20,32
DA:21,16
DA:27,11
DA:28,22
DA:29,11
DA:33,125
DA:34,2
DA:43,32
DA:44,16
DA:47,6
DA:53,5
DA:54,10
DA:56,5
DA:57,15
DA:67,1
DA:69,4
DA:70,1
DA:77,16
DA:80,16
DA:81,16
DA:82,16
DA:83,32
DA:84,16
DA:85,16
DA:86,16
DA:87,32
DA:91,1
DA:95,1
DA:97,1
DA:98,2
DA:99,1
DA:100,1
DA:101,2
DA:102,2
DA:104,1
LF:39
LH:39
end_of_record
SF:C:\dev\github\quantity\lib\src\si\types\solid_angle.dart
DA:14,2
DA:15,4
DA:16,2
DA:20,10
DA:21,10
DA:22,10
DA:28,4
DA:29,7
DA:30,4
DA:34,1
DA:35,1
DA:42,20
DA:43,10
DA:49,10
DA:52,10
DA:53,10
DA:54,10
DA:55,20
DA:56,10
DA:57,10
DA:58,10
DA:59,20
DA:63,4
DA:64,16
DA:65,12
DA:66,12
DA:67,16
DA:68,16
DA:69,16
DA:70,8
DA:71,12
DA:75,4
DA:79,2
DA:81,2
DA:82,4
DA:83,6
DA:84,6
DA:85,4
DA:86,4
DA:88,2
LF:40
LH:40
end_of_record
SF:C:\dev\github\quantity\lib\src\si\types\specific_energy.dart
DA:20,1
DA:21,2
DA:23,1
DA:27,4
DA:28,4
DA:29,4
DA:34,3
DA:36,5
DA:37,3
DA:41,1
DA:43,1
DA:52,8
DA:53,12
DA:59,1
DA:62,1
DA:63,1
DA:64,1
DA:65,2
DA:66,1
DA:67,1
DA:68,1
DA:69,2
DA:73,4
DA:74,16
DA:75,16
DA:76,16
DA:77,16
DA:78,12
DA:79,8
DA:80,4
DA:81,12
DA:82,8
DA:83,4
DA:84,4
DA:85,4
DA:89,2
DA:90,16
DA:91,8
DA:92,8
DA:93,16
DA:94,6
DA:95,4
DA:96,2
DA:97,6
DA:98,4
DA:99,2
DA:100,2
DA:101,2
DA:105,6
DA:106,2
DA:107,10
DA:108,6
DA:109,2
DA:110,4
DA:111,8
DA:112,10
DA:113,10
DA:114,2
DA:115,2
DA:118,2
DA:120,3
DA:125,1
DA:129,1
DA:131,1
DA:132,2
DA:133,3
DA:134,3
DA:135,2
DA:136,2
DA:138,1
LF:70
LH:70
end_of_record
SF:C:\dev\github\quantity\lib\src\si\types\specific_heat_capacity.dart
DA:18,1
DA:19,1
DA:20,1
DA:21,1
DA:25,3
DA:26,3
DA:27,3
DA:32,3
DA:34,5
DA:36,3
DA:40,1
DA:42,1
DA:51,6
DA:52,3
DA:53,9
DA:59,1
DA:62,1
DA:63,1
DA:64,1
DA:65,2
DA:66,1
DA:67,1
DA:68,1
DA:69,2
DA:73,3
DA:75,18
DA:76,15
DA:77,15
DA:78,18
DA:79,9
DA:80,9
DA:81,3
DA:82,9
DA:83,9
DA:84,3
DA:85,3
DA:86,3
DA:90,1
DA:94,1
DA:96,1
DA:97,2
DA:98,3
DA:99,3
DA:100,2
DA:101,2
DA:103,1
LF:46
LH:46
end_of_record
SF:C:\dev\github\quantity\lib\src\si\types\specific_volume.dart
DA:15,1
DA:16,1
DA:17,1
DA:18,1
DA:22,3
DA:23,3
DA:24,3
DA:29,3
DA:31,5
DA:32,3
DA:36,1
DA:38,1
DA:47,6
DA:48,9
DA:54,1
DA:57,1
DA:58,1
DA:59,1
DA:60,2
DA:61,1
DA:62,1
DA:63,1
DA:64,2
DA:68,3
DA:69,12
DA:70,12
DA:71,12
DA:72,12
DA:73,9
DA:74,6
DA:75,3
DA:76,9
DA:77,6
DA:78,3
DA:79,3
DA:80,3
DA:84,1
DA:88,1
DA:90,1
DA:91,2
DA:92,3
DA:93,3
DA:94,2
DA:95,2
DA:97,1
LF:45
LH:45
end_of_record
SF:C:\dev\github\quantity\lib\src\si\types\spectral_irradiance.dart
DA:13,1
DA:14,1
DA:15,1
DA:16,1
DA:20,6
DA:21,6
DA:22,6
DA:27,2
DA:29,4
DA:31,2
DA:35,1
DA:37,1
DA:46,6
DA:47,3
DA:54,6
DA:57,6
DA:58,6
DA:59,6
DA:60,12
DA:61,6
DA:62,6
DA:63,6
DA:64,12
DA:68,1
DA:72,2
DA:74,2
DA:75,4
DA:76,6
DA:77,6
DA:78,4
DA:79,4
DA:81,2
LF:32
LH:32
end_of_record
SF:C:\dev\github\quantity\lib\src\si\types\speed.dart
DA:15,4
DA:16,4
DA:17,5
DA:18,4
DA:22,22
DA:23,11
DA:28,6
DA:29,10
DA:30,6
DA:34,123
DA:35,1
DA:42,18
DA:43,27
DA:46,6
DA:47,3
DA:53,4
DA:56,4
DA:57,4
DA:58,4
DA:59,8
DA:60,4
DA:61,4
DA:62,4
DA:63,8
DA:67,11
DA:68,44
DA:69,44
DA:70,44
DA:71,44
DA:72,33
DA:73,22
DA:74,11
DA:75,33
DA:76,22
DA:77,11
DA:78,11
DA:79,11
DA:83,4
DA:87,1
DA:89,1
DA:90,2
DA:91,3
DA:92,3
DA:93,2
DA:94,2
DA:96,1
LF:46
LH:46
end_of_record
SF:C:\dev\github\quantity\lib\src\si\types\surface_tension.dart
DA:15,1
DA:16,2
DA:17,1
DA:21,3
DA:22,3
DA:23,3
DA:28,3
DA:30,5
DA:31,3
DA:35,1
DA:37,1
DA:46,6
DA:47,9
DA:53,1
DA:56,1
DA:57,1
DA:58,1
DA:59,2
DA:60,1
DA:61,1
DA:62,1
DA:63,2
DA:67,3
DA:68,12
DA:69,12
DA:70,12
DA:71,12
DA:72,9
DA:73,6
DA:74,3
DA:75,9
DA:76,6
DA:77,3
DA:78,3
DA:79,3
DA:83,1
DA:87,1
DA:89,1
DA:90,2
DA:91,3
DA:92,3
DA:93,2
DA:94,2
DA:96,1
LF:44
LH:44
end_of_record
SF:C:\dev\github\quantity\lib\src\si\types\temperature.dart
DA:14,6
DA:15,6
DA:17,9
DA:19,6
DA:23,12
DA:24,12
DA:25,12
DA:30,4
DA:32,6
DA:33,4
DA:37,123
DA:39,1
DA:49,22
DA:50,11
DA:53,15
DA:64,3
DA:66,6
DA:67,9
DA:68,3
DA:70,3
DA:72,1
DA:81,2
DA:83,2
DA:84,3
DA:85,1
DA:87,1
DA:88,2
DA:89,6
DA:90,2
DA:92,2
DA:94,1
DA:100,1
DA:101,3
DA:107,12
DA:110,12
DA:111,12
DA:112,12
DA:113,24
DA:114,12
DA:115,12
DA:116,12
DA:117,24
DA:121,6
DA:125,1
DA:127,1
DA:128,2
DA:129,3
DA:130,3
DA:131,2
DA:132,2
DA:134,1
LF:51
LH:51
end_of_record
SF:C:\dev\github\quantity\lib\src\si\types\temperature_interval.dart
DA:16,6
DA:17,6
DA:20,1
DA:21,6
DA:23,6
DA:27,12
DA:28,12
DA:29,12
DA:34,4
DA:36,6
DA:37,4
DA:41,3
DA:43,2
DA:52,24
DA:53,12
DA:56,8
DA:57,4
DA:63,3
DA:65,3
DA:66,9
DA:67,3
DA:69,3
DA:70,1
DA:71,3
DA:72,1
DA:74,1
DA:76,1
DA:84,2
DA:86,2
DA:87,6
DA:88,2
DA:90,2
DA:91,1
DA:95,1
DA:100,1
DA:101,3
DA:107,12
DA:110,12
DA:111,12
DA:112,12
DA:113,24
DA:114,12
DA:115,12
DA:116,12
DA:117,24
DA:121,1
DA:125,1
DA:127,1
DA:128,2
DA:129,3
DA:130,3
DA:131,2
DA:132,2
DA:134,1
LF:54
LH:54
end_of_record
SF:C:\dev\github\quantity\lib\src\si\types\thermal_conductivity.dart
DA:16,1
DA:17,1
DA:18,1
DA:19,1
DA:23,3
DA:24,3
DA:25,3
DA:30,3
DA:32,5
DA:33,3
DA:37,1
DA:39,1
DA:48,6
DA:49,3
DA:50,9
DA:56,1
DA:59,1
DA:60,1
DA:61,1
DA:62,2
DA:63,1
DA:64,1
DA:65,1
DA:66,2
DA:70,3
DA:72,18
DA:73,15
DA:74,15
DA:75,18
DA:76,9
DA:77,9
DA:78,3
DA:79,9
DA:80,9
DA:81,3
DA:82,3
DA:83,3
DA:87,1
DA:91,1
DA:93,1
DA:94,2
DA:95,3
DA:96,3
DA:97,2
DA:98,2
DA:100,1
LF:46
LH:46
end_of_record
SF:C:\dev\github\quantity\lib\src\si\types\time.dart
DA:21,10
DA:29,10
DA:32,2
DA:34,3
DA:36,2
DA:38,2
DA:40,2
DA:41,10
DA:43,10
DA:47,72
DA:48,36
DA:53,7
DA:54,13
DA:55,7
DA:59,125
DA:60,2
DA:63,1
DA:64,5
DA:65,1
DA:75,70
DA:76,35
DA:80,21
DA:84,27
DA:88,54
DA:94,20
DA:97,8
DA:100,16
DA:105,54
DA:108,27
DA:111,18
DA:116,1
DA:117,5
DA:123,36
DA:126,36
DA:127,36
DA:128,36
DA:129,72
DA:130,36
DA:131,36
DA:132,36
DA:133,72
DA:137,4
DA:141,7
DA:143,7
DA:144,14
DA:145,21
DA:146,21
DA:147,14
DA:148,14
DA:150,7
LF:50
LH:50
end_of_record
SF:C:\dev\github\quantity\lib\src\si\types\time_instant.dart
DA:103,2
DA:104,2
DA:105,3
DA:106,2
DA:110,6
DA:111,6
DA:112,6
DA:117,3
DA:119,5
DA:120,3
DA:124,2
DA:126,2
DA:130,2
DA:131,6
DA:132,2
DA:141,15
DA:154,9
DA:161,2
DA:163,2
DA:164,1
DA:165,2
DA:166,2
DA:168,4
DA:170,9
DA:171,3
DA:172,3
DA:173,3
DA:174,2
DA:175,2
DA:180,3
DA:181,3
DA:183,3
DA:187,3
DA:188,3
DA:191,12
DA:196,9
DA:203,3
DA:204,12
DA:205,4
DA:207,4
DA:208,4
DA:215,2
DA:216,4
DA:219,2
DA:220,2
DA:222,2
DA:225,4
DA:231,3
DA:233,9
DA:234,3
DA:235,3
DA:237,3
DA:238,2
DA:239,1
DA:240,1
DA:249,4
DA:252,3
DA:256,1
DA:257,1
DA:258,3
DA:259,4
DA:261,3
DA:262,1
DA:268,1
DA:269,2
DA:270,2
DA:280,6
DA:283,6
DA:284,6
DA:285,6
DA:286,12
DA:287,6
DA:288,6
DA:289,6
DA:290,12
DA:298,5
DA:300,5
DA:301,9
DA:304,4
DA:310,3
DA:312,3
DA:313,6
DA:316,2
DA:321,2
DA:325,2
DA:327,2
DA:328,4
DA:329,6
DA:330,6
DA:331,4
DA:332,4
DA:334,2
DA:355,3
DA:359,3
DA:362,3
DA:367,2
DA:373,2
DA:375,1
DA:376,3
DA:378,1
DA:379,3
DA:381,1
DA:382,3
DA:384,1
DA:385,3
DA:387,1
DA:388,3
DA:390,1
DA:391,3
DA:393,1
DA:394,3
DA:396,1
DA:397,3
DA:399,1
DA:400,3
DA:402,1
DA:403,3
DA:405,1
DA:406,3
DA:408,1
DA:409,3
DA:411,3
DA:418,2
DA:421,2
DA:424,2
DA:427,2
DA:430,2
DA:433,2
DA:436,2
DA:439,2
DA:442,2
DA:445,2
DA:448,2
DA:451,2
DA:454,2
DA:457,2
DA:460,2
DA:463,2
DA:466,2
DA:469,2
DA:472,2
DA:475,2
DA:478,2
DA:481,2
DA:484,2
DA:487,2
DA:490,2
DA:493,2
DA:521,2
DA:522,2
DA:523,2
DA:525,4
DA:527,3
DA:528,2
DA:529,2
DA:530,1
DA:531,2
DA:532,2
DA:533,2
DA:534,2
DA:535,1
DA:536,2
DA:537,2
DA:540,2
DA:542,2
DA:543,2
DA:545,6
DA:547,6
DA:548,2
DA:550,1
DA:551,1
DA:552,1
DA:554,4
DA:563,2
DA:565,2
DA:820,2
DA:821,2
DA:822,2
DA:823,2
DA:824,2
DA:825,2
DA:826,2
DA:827,2
DA:828,2
DA:829,2
DA:830,2
DA:831,2
DA:832,2
DA:833,2
DA:834,2
DA:835,2
DA:836,2
DA:837,2
DA:838,2
DA:839,2
DA:840,2
DA:841,2
DA:842,2
DA:843,2
DA:844,2
DA:845,2
DA:846,2
DA:847,2
DA:849,2
DA:850,2
DA:851,2
DA:979,1
DA:981,2
DA:982,1
DA:984,3
DA:988,3
DA:991,2
LF:212
LH:212
end_of_record
SF:C:\dev\github\quantity\lib\src\si\types\token.dart
DA:13,3
DA:14,6
DA:15,3
DA:19,14
DA:20,7
DA:25,3
DA:26,6
DA:27,3
DA:31,1
DA:32,1
DA:36,1
DA:38,1
DA:39,4
DA:41,1
DA:51,14
DA:52,7
DA:58,7
DA:61,7
DA:62,7
DA:63,7
DA:64,14
DA:65,7
DA:66,7
DA:67,7
DA:68,14
DA:72,4
DA:76,1
DA:78,1
DA:79,2
DA:80,3
DA:81,3
DA:82,2
DA:83,2
DA:85,1
LF:34
LH:34
end_of_record
SF:C:\dev\github\quantity\lib\src\si\types\token_rate.dart
DA:13,3
DA:14,6
DA:15,3
DA:19,7
DA:20,7
DA:21,7
DA:26,3
DA:27,6
DA:28,3
DA:32,1
DA:34,1
DA:38,2
DA:40,2
DA:41,4
DA:43,1
DA:51,14
DA:52,21
DA:58,1
DA:61,1
DA:62,1
DA:63,1
DA:64,2
DA:65,1
DA:66,1
DA:67,1
DA:68,2
DA:72,7
DA:73,28
DA:74,28
DA:75,28
DA:76,28
DA:77,21
DA:78,14
DA:79,7
DA:80,21
DA:81,14
DA:82,7
DA:83,7
DA:84,7
DA:88,4
DA:92,1
DA:94,1
DA:95,2
DA:96,3
DA:97,3
DA:98,2
DA:99,2
DA:101,1
LF:48
LH:48
end_of_record
SF:C:\dev\github\quantity\lib\src\si\types\torque.dart
DA:18,1
DA:19,2
DA:20,1
DA:24,8
DA:25,4
DA:30,4
DA:31,7
DA:32,4
DA:36,1
DA:38,1
DA:46,8
DA:47,12
DA:53,1
DA:56,1
DA:57,1
DA:58,1
DA:59,2
DA:60,1
DA:61,1
DA:62,1
DA:63,2
DA:67,4
DA:68,16
DA:69,16
DA:70,16
DA:71,16
DA:72,12
DA:73,8
DA:74,4
DA:75,12
DA:76,8
DA:77,4
DA:78,4
DA:79,4
DA:83,1
DA:87,1
DA:89,1
DA:90,2
DA:91,3
DA:92,3
DA:93,2
DA:94,2
DA:96,1
LF:43
LH:43
end_of_record
SF:C:\dev\github\quantity\lib\src\si\types\volume.dart
DA:14,2
DA:15,6
DA:17,2
DA:21,32
DA:22,16
DA:27,6
DA:28,10
DA:29,6
DA:33,1
DA:35,1
DA:42,52
DA:45,24
DA:46,12
DA:52,13
DA:55,13
DA:56,13
DA:57,13
DA:58,26
DA:59,13
DA:60,13
DA:61,13
DA:62,26
DA:66,52
DA:67,39
DA:68,39
DA:69,39
DA:70,52
DA:71,52
DA:72,13
DA:73,13
DA:77,4
DA:81,1
DA:83,1
DA:84,2
DA:85,3
DA:86,3
DA:87,2
DA:88,2
DA:90,1
LF:39
LH:39
end_of_record
SF:C:\dev\github\quantity\lib\src\si\types\volume_flow_rate.dart
DA:15,1
DA:16,2
DA:18,1
DA:22,4
DA:23,4
DA:24,4
DA:29,3
DA:31,5
DA:32,3
DA:36,1
DA:38,1
DA:47,8
DA:48,12
DA:54,2
DA:57,2
DA:58,2
DA:59,2
DA:60,4
DA:61,2
DA:62,2
DA:63,2
DA:64,4
DA:68,4
DA:69,16
DA:70,16
DA:71,16
DA:72,16
DA:73,12
DA:74,8
DA:75,4
DA:76,12
DA:77,8
DA:78,4
DA:79,4
DA:80,4
DA:84,1
DA:88,1
DA:90,1
DA:91,2
DA:92,3
DA:93,3
DA:94,2
DA:95,2
DA:97,1
LF:44
LH:44
end_of_record
SF:C:\dev\github\quantity\lib\src\si\types\wave_number.dart
DA:14,1
DA:15,2
DA:16,1
DA:20,4
DA:21,4
DA:22,4
DA:27,4
DA:29,7
DA:30,4
DA:34,4
DA:36,1
DA:43,8
DA:44,8
DA:50,1
DA:53,1
DA:54,1
DA:55,1
DA:56,2
DA:57,1
DA:58,1
DA:59,1
DA:60,2
DA:64,4
DA:65,12
DA:66,12
DA:67,12
DA:68,12
DA:69,16
DA:70,16
DA:71,4
DA:72,4
DA:76,1
DA:80,1
DA:82,1
DA:83,2
DA:84,3
DA:85,3
DA:86,2
DA:87,2
DA:89,1
LF:40
LH:40
end_of_record
SF:C:\dev\github\quantity\lib\src\si\utilities.dart
DA:9,3
DA:10,3
DA:12,4
DA:14,4
DA:16,3
DA:25,327
DA:28,327
DA:30,2
DA:33,327
DA:103,20
DA:107,1
DA:112,109
DA:114,218
DA:116,218
DA:118,218
DA:120,109
DA:121,109
DA:122,109
DA:123,109
DA:125,218
DA:131,12
DA:132,12
DA:133,24
DA:141,1
DA:142,2
DA:143,1
DA:144,1
DA:145,1
DA:146,1
DA:147,1
DA:148,1
DA:149,1
DA:150,1
DA:155,4
DA:156,24
DA:157,1
DA:161,20
DA:174,2
DA:182,5
DA:183,5
DA:184,10
DA:188,3
DA:189,3
DA:190,6
DA:193,6
DA:194,4
DA:202,109
DA:203,218
DA:207,1
DA:208,1
DA:209,1
DA:210,3
DA:211,1
DA:212,1
DA:229,20
DA:231,20
DA:232,40
DA:234,40
DA:240,4
DA:243,2
DA:263,4
DA:264,4
DA:265,4
DA:266,4
DA:267,8
DA:268,12
DA:269,12
DA:272,4
DA:275,19
DA:278,19
DA:280,19
DA:293,19
DA:294,19
DA:295,19
DA:296,19
DA:297,8
DA:298,2
DA:302,38
DA:303,19
DA:308,19
DA:311,38
DA:313,57
DA:315,19
DA:320,38
DA:321,19
DA:322,38
DA:325,19
DA:326,19
DA:331,38
DA:334,38
DA:335,38
DA:336,19
DA:337,19
DA:338,19
DA:341,38
DA:344,19
DA:348,38
DA:350,19
LF:98
LH:98
end_of_record
SF:C:\dev\github\quantity\lib\src\si\register_si.dart
DA:84,109
DA:85,109
DA:88,2
DA:89,2
DA:90,109
DA:93,2
DA:94,2
DA:95,109
DA:98,5
DA:99,5
DA:100,109
DA:103,2
DA:104,2
DA:105,109
DA:108,2
DA:109,2
DA:110,109
DA:113,4
DA:114,4
DA:115,109
DA:118,2
DA:119,2
DA:120,109
DA:123,2
DA:124,2
DA:125,109
DA:128,2
DA:129,2
DA:130,109
DA:133,6
DA:134,6
DA:135,109
DA:138,2
DA:139,2
DA:140,109
DA:143,2
DA:144,2
DA:145,109
DA:148,2
DA:149,2
DA:150,109
DA:153,2
DA:154,2
DA:155,109
DA:158,2
DA:159,2
DA:160,109
DA:163,2
DA:164,2
DA:165,109
DA:168,3
DA:169,3
DA:170,109
DA:173,2
DA:174,2
DA:175,109
DA:178,2
DA:179,2
DA:180,109
DA:183,2
DA:184,2
DA:185,109
DA:188,2
DA:189,2
DA:190,109
DA:193,2
DA:194,2
DA:195,109
DA:198,2
DA:199,2
DA:200,109
DA:203,2
DA:204,2
DA:205,109
DA:208,3
DA:209,3
DA:210,109
DA:213,2
DA:214,2
DA:215,109
DA:218,2
DA:219,2
DA:220,109
DA:223,2
DA:224,2
DA:225,109
DA:228,2
DA:229,2
DA:230,109
DA:233,2
DA:234,2
DA:235,109
DA:238,3
DA:239,3
DA:240,109
DA:243,5
DA:244,5
DA:245,109
DA:248,3
DA:249,3
DA:250,109
DA:253,2
DA:254,2
DA:255,109
DA:258,2
DA:259,2
DA:260,109
DA:263,2
DA:264,2
DA:265,109
DA:268,2
DA:269,2
DA:270,109
DA:273,2
DA:274,2
DA:275,109
DA:278,12
DA:279,12
DA:280,109
DA:283,3
DA:284,3
DA:285,109
DA:288,2
DA:289,2
DA:290,109
DA:293,2
DA:294,2
DA:295,109
DA:298,2
DA:299,2
DA:300,109
DA:303,2
DA:304,2
DA:305,109
DA:308,2
DA:309,2
DA:310,109
DA:313,5
DA:314,5
DA:315,109
DA:318,2
DA:319,2
DA:320,109
DA:323,3
DA:324,3
DA:325,109
DA:328,2
DA:329,2
DA:330,109
DA:333,2
DA:334,2
DA:335,109
DA:338,2
DA:339,2
DA:340,109
DA:343,2
DA:344,2
DA:345,109
DA:348,2
DA:349,2
DA:350,109
DA:353,2
DA:354,2
DA:355,109
DA:358,2
DA:359,2
DA:360,109
DA:363,4
DA:364,4
DA:365,109
DA:368,2
DA:369,2
DA:370,109
DA:373,2
DA:374,2
DA:375,109
DA:378,2
DA:379,2
DA:380,109
DA:383,11
DA:384,11
DA:385,109
DA:388,3
DA:389,3
DA:390,109
DA:393,2
DA:394,2
DA:395,109
DA:398,2
DA:399,2
DA:400,109
DA:403,2
DA:404,2
DA:405,109
DA:408,2
DA:409,2
DA:410,109
DA:413,4
DA:414,4
DA:415,109
DA:418,2
DA:419,2
DA:420,109
DA:423,2
DA:424,2
DA:425,109
DA:428,3
DA:429,3
DA:430,109
DA:433,2
DA:434,2
DA:435,109
DA:438,6
DA:439,6
DA:440,109
DA:443,2
DA:444,2
DA:445,109
DA:448,3
DA:449,3
DA:450,109
DA:453,4
DA:454,4
DA:455,109
DA:458,2
DA:459,2
DA:460,109
DA:463,3
DA:464,3
DA:465,109
DA:468,3
DA:469,3
DA:470,109
DA:473,3
DA:474,3
DA:475,109
DA:478,3
DA:479,3
DA:480,109
DA:483,3
DA:484,3
DA:485,109
DA:488,5
DA:489,5
DA:491,109
DA:492,109
DA:493,109
DA:495,109
DA:496,109
DA:498,109
DA:500,109
DA:501,109
DA:502,109
DA:504,109
DA:505,109
DA:507,109
DA:508,109
DA:510,109
DA:512,109
DA:513,109
DA:515,109
DA:517,109
DA:519,109
DA:525,109
DA:528,109
LF:265
LH:265
end_of_record
SF:C:\dev\github\quantity\lib\src\si\consistency_helpers.dart
DA:4,1
DA:7,2
DA:8,2
DA:9,2
DA:10,2
DA:11,1
DA:12,2
DA:13,2
DA:23,1
DA:24,1
DA:32,1
DA:33,1
DA:34,2
DA:35,4
DA:36,2
DA:37,1
DA:38,1
DA:39,1
DA:46,1
DA:47,1
DA:48,2
DA:49,4
DA:50,2
DA:51,1
DA:52,1
DA:53,1
DA:55,1
DA:61,1
DA:62,1
DA:63,4
DA:64,1
DA:66,4
DA:68,1
DA:70,2
DA:71,1
DA:73,2
DA:74,1
DA:75,1
DA:77,1
DA:79,2
DA:80,1
DA:82,1
DA:83,3
DA:84,3
DA:86,1
DA:92,1
DA:93,2
DA:94,1
DA:96,2
DA:97,1
DA:98,1
DA:100,1
DA:101,1
DA:103,1
DA:104,1
DA:105,4
DA:106,1
DA:108,1
DA:113,2
DA:114,1
DA:118,1
DA:119,1
DA:122,2
DA:125,1
DA:126,2
DA:127,1
DA:132,1
DA:134,1
DA:135,5
LF:69
LH:69
end_of_record
SF:C:\dev\github\quantity\lib\src\si\parser_helpers.dart
DA:5,9
DA:6,3
DA:7,3
DA:8,3
DA:9,3
DA:10,3
DA:11,3
DA:12,3
DA:13,3
DA:14,3
DA:15,3
DA:16,3
DA:17,3
DA:18,3
DA:19,3
DA:20,3
DA:21,3
DA:22,3
DA:23,3
DA:24,3
DA:25,3
DA:26,3
DA:27,3
DA:28,3
DA:29,3
DA:30,3
DA:31,3
DA:32,3
DA:33,3
DA:34,3
DA:35,3
DA:36,3
DA:37,3
DA:38,3
DA:39,3
DA:40,3
DA:41,3
DA:42,3
DA:43,3
DA:44,3
DA:45,3
DA:46,3
DA:47,3
DA:48,3
DA:49,3
DA:50,3
DA:51,3
DA:52,3
DA:53,3
DA:54,3
DA:55,3
DA:56,3
DA:82,3
DA:84,3
DA:86,6
DA:87,6
DA:89,2
DA:92,3
DA:93,6
DA:95,3
DA:96,8
DA:98,3
DA:99,1
DA:102,3
DA:103,6
DA:104,12
DA:107,18
DA:109,18
DA:112,3
DA:114,3
DA:115,3
DA:116,3
DA:118,2
DA:121,3
DA:122,3
DA:123,2
DA:125,3
DA:126,3
DA:127,3
DA:129,3
DA:130,3
DA:132,3
DA:133,12
DA:135,3
DA:136,3
DA:137,3
DA:138,6
DA:139,2
DA:142,2
DA:143,6
DA:144,6
DA:146,4
DA:150,6
DA:151,3
DA:153,6
DA:154,3
DA:157,3
DA:159,3
DA:160,3
DA:161,1
DA:162,1
DA:165,3
DA:166,3
DA:167,3
DA:168,1
DA:171,1
DA:175,2
DA:176,2
DA:177,2
DA:178,2
DA:179,1
DA:182,1
DA:185,1
DA:192,3
DA:196,1
DA:199,3
DA:200,6
DA:201,9
DA:205,2
DA:206,5
DA:207,2
DA:208,1
DA:209,2
DA:210,2
DA:211,4
DA:216,2
DA:219,3
DA:221,9
DA:222,3
DA:223,6
DA:224,12
DA:226,6
DA:230,3
DA:231,2
DA:232,3
DA:233,1
DA:234,3
DA:235,2
DA:236,3
DA:237,1
DA:238,1
DA:239,3
DA:240,2
DA:242,6
DA:249,3
LF:145
LH:145
end_of_record
SF:C:\dev\github\quantity\lib\domain\universal.dart
DA:37,2
DA:40,2
DA:44,2
LF:3
LH:3
end_of_record
